[    4803ms] [WARNING]  [33m[1m⚠[22m[39m Runtime config is deprecated and will be removed in Next.js 16. Please remove the usage of "next/config" from your project. @ https://ee.co.uk/shop_mobile/_next/static/chunks/pages/_app-5db325b61ed12ccf.js:30
[    4935ms] Error: Minified React error #418; visit https://react.dev/errors/418?args[]=text&args[]= for the full message or use the non-minified dev environment for full errors and additional helpful warnings.
    at rO (https://ee.co.uk/shop_mobile/_next/static/chunks/framework-362268fe6de55927.js:1:46046)
    at https://ee.co.uk/shop_mobile/_next/static/chunks/framework-362268fe6de55927.js:1:132148
    at sC (https://ee.co.uk/shop_mobile/_next/static/chunks/framework-362268fe6de55927.js:1:135452)
    at sw (https://ee.co.uk/shop_mobile/_next/static/chunks/framework-362268fe6de55927.js:1:127240)
    at https://ee.co.uk/shop_mobile/_next/static/chunks/framework-362268fe6de55927.js:1:127024
    at sS (https://ee.co.uk/shop_mobile/_next/static/chunks/framework-362268fe6de55927.js:1:127032)
    at sc (https://ee.co.uk/shop_mobile/_next/static/chunks/framework-362268fe6de55927.js:1:122407)
    at sJ (https://ee.co.uk/shop_mobile/_next/static/chunks/framework-362268fe6de55927.js:1:145545)
    at MessagePort._ (https://ee.co.uk/shop_mobile/_next/static/chunks/framework-362268fe6de55927.js:1:9028)
[    4954ms] [INFO] AIMEE is enabled with Version 1.1.53 @ https://ee.co.uk/exp/ge/bundle-contents-hydrate.js?8f6e21a784dea80c72ef8d8fd9244558:45999
[    4964ms] [INFO] UPDATE MINI BASKET 1.12.0 @ https://ee.co.uk/exp/ge/bundle-contents-hydrate.js?8f6e21a784dea80c72ef8d8fd9244558:15068
[    5290ms] [WARNING] Loop: `FormControl` is deprecated. It will be removed in a future major release, please use `FormControlV2` instead. @ https://ee.co.uk/shop_mobile/_next/static/chunks/pages/_app-5db325b61ed12ccf.js:0
[    5290ms] [WARNING] Loop: `FormControl` is deprecated. It will be removed in a future major release, please use `FormControlV2` instead. @ https://ee.co.uk/shop_mobile/_next/static/chunks/pages/_app-5db325b61ed12ccf.js:0
[    5393ms] [INFO] AIMEE is enabled with Version 1.1.53 @ https://ee.co.uk/exp/ge/bundle-contents-hydrate.js?8f6e21a784dea80c72ef8d8fd9244558:45999
[    5710ms] [WARNING] 

⚠️ Your `allowedTags` option includes, `style`, which is inherently
vulnerable to XSS attacks. Please remove it from `allowedTags`.
Or, to disable this warning, add the `allowVulnerableTags` option
and ensure you are accounting for this risk.

 @ https://ee.co.uk/shop_mobile/_next/static/chunks/25733-2091d58d50dec18c.js:0
[    5711ms] [WARNING] 

⚠️ Your `allowedTags` option includes, `style`, which is inherently
vulnerable to XSS attacks. Please remove it from `allowedTags`.
Or, to disable this warning, add the `allowVulnerableTags` option
and ensure you are accounting for this risk.

 @ https://ee.co.uk/shop_mobile/_next/static/chunks/25733-2091d58d50dec18c.js:0
[    5711ms] [WARNING] 

⚠️ Your `allowedTags` option includes, `style`, which is inherently
vulnerable to XSS attacks. Please remove it from `allowedTags`.
Or, to disable this warning, add the `allowVulnerableTags` option
and ensure you are accounting for this risk.

 @ https://ee.co.uk/shop_mobile/_next/static/chunks/25733-2091d58d50dec18c.js:0
[    5711ms] [WARNING] 

⚠️ Your `allowedTags` option includes, `style`, which is inherently
vulnerable to XSS attacks. Please remove it from `allowedTags`.
Or, to disable this warning, add the `allowVulnerableTags` option
and ensure you are accounting for this risk.

 @ https://ee.co.uk/shop_mobile/_next/static/chunks/25733-2091d58d50dec18c.js:0
[    5712ms] [WARNING] 

⚠️ Your `allowedTags` option includes, `style`, which is inherently
vulnerable to XSS attacks. Please remove it from `allowedTags`.
Or, to disable this warning, add the `allowVulnerableTags` option
and ensure you are accounting for this risk.

 @ https://ee.co.uk/shop_mobile/_next/static/chunks/25733-2091d58d50dec18c.js:0
[    5712ms] [WARNING] 

⚠️ Your `allowedTags` option includes, `style`, which is inherently
vulnerable to XSS attacks. Please remove it from `allowedTags`.
Or, to disable this warning, add the `allowVulnerableTags` option
and ensure you are accounting for this risk.

 @ https://ee.co.uk/shop_mobile/_next/static/chunks/25733-2091d58d50dec18c.js:0
[    5712ms] [WARNING] 

⚠️ Your `allowedTags` option includes, `style`, which is inherently
vulnerable to XSS attacks. Please remove it from `allowedTags`.
Or, to disable this warning, add the `allowVulnerableTags` option
and ensure you are accounting for this risk.

 @ https://ee.co.uk/shop_mobile/_next/static/chunks/25733-2091d58d50dec18c.js:0
[    5712ms] [WARNING] 

⚠️ Your `allowedTags` option includes, `style`, which is inherently
vulnerable to XSS attacks. Please remove it from `allowedTags`.
Or, to disable this warning, add the `allowVulnerableTags` option
and ensure you are accounting for this risk.

 @ https://ee.co.uk/shop_mobile/_next/static/chunks/25733-2091d58d50dec18c.js:0
[    5712ms] [WARNING] 

⚠️ Your `allowedTags` option includes, `style`, which is inherently
vulnerable to XSS attacks. Please remove it from `allowedTags`.
Or, to disable this warning, add the `allowVulnerableTags` option
and ensure you are accounting for this risk.

 @ https://ee.co.uk/shop_mobile/_next/static/chunks/25733-2091d58d50dec18c.js:0
[    5712ms] [WARNING] 

⚠️ Your `allowedTags` option includes, `style`, which is inherently
vulnerable to XSS attacks. Please remove it from `allowedTags`.
Or, to disable this warning, add the `allowVulnerableTags` option
and ensure you are accounting for this risk.

 @ https://ee.co.uk/shop_mobile/_next/static/chunks/25733-2091d58d50dec18c.js:0
[    5713ms] [WARNING] 

⚠️ Your `allowedTags` option includes, `style`, which is inherently
vulnerable to XSS attacks. Please remove it from `allowedTags`.
Or, to disable this warning, add the `allowVulnerableTags` option
and ensure you are accounting for this risk.

 @ https://ee.co.uk/shop_mobile/_next/static/chunks/25733-2091d58d50dec18c.js:0
[    5713ms] [WARNING] 

⚠️ Your `allowedTags` option includes, `style`, which is inherently
vulnerable to XSS attacks. Please remove it from `allowedTags`.
Or, to disable this warning, add the `allowVulnerableTags` option
and ensure you are accounting for this risk.

 @ https://ee.co.uk/shop_mobile/_next/static/chunks/25733-2091d58d50dec18c.js:0
[    5713ms] [WARNING] 

⚠️ Your `allowedTags` option includes, `style`, which is inherently
vulnerable to XSS attacks. Please remove it from `allowedTags`.
Or, to disable this warning, add the `allowVulnerableTags` option
and ensure you are accounting for this risk.

 @ https://ee.co.uk/shop_mobile/_next/static/chunks/25733-2091d58d50dec18c.js:0
[    5713ms] [WARNING] 

⚠️ Your `allowedTags` option includes, `style`, which is inherently
vulnerable to XSS attacks. Please remove it from `allowedTags`.
Or, to disable this warning, add the `allowVulnerableTags` option
and ensure you are accounting for this risk.

 @ https://ee.co.uk/shop_mobile/_next/static/chunks/25733-2091d58d50dec18c.js:0
[    5713ms] [WARNING] 

⚠️ Your `allowedTags` option includes, `style`, which is inherently
vulnerable to XSS attacks. Please remove it from `allowedTags`.
Or, to disable this warning, add the `allowVulnerableTags` option
and ensure you are accounting for this risk.

 @ https://ee.co.uk/shop_mobile/_next/static/chunks/25733-2091d58d50dec18c.js:0
[    5713ms] [WARNING] 

⚠️ Your `allowedTags` option includes, `style`, which is inherently
vulnerable to XSS attacks. Please remove it from `allowedTags`.
Or, to disable this warning, add the `allowVulnerableTags` option
and ensure you are accounting for this risk.

 @ https://ee.co.uk/shop_mobile/_next/static/chunks/25733-2091d58d50dec18c.js:0
[    5713ms] [WARNING] 

⚠️ Your `allowedTags` option includes, `style`, which is inherently
vulnerable to XSS attacks. Please remove it from `allowedTags`.
Or, to disable this warning, add the `allowVulnerableTags` option
and ensure you are accounting for this risk.

 @ https://ee.co.uk/shop_mobile/_next/static/chunks/25733-2091d58d50dec18c.js:0
[    5714ms] [WARNING] 

⚠️ Your `allowedTags` option includes, `style`, which is inherently
vulnerable to XSS attacks. Please remove it from `allowedTags`.
Or, to disable this warning, add the `allowVulnerableTags` option
and ensure you are accounting for this risk.

 @ https://ee.co.uk/shop_mobile/_next/static/chunks/25733-2091d58d50dec18c.js:0
[    5714ms] [WARNING] 

⚠️ Your `allowedTags` option includes, `style`, which is inherently
vulnerable to XSS attacks. Please remove it from `allowedTags`.
Or, to disable this warning, add the `allowVulnerableTags` option
and ensure you are accounting for this risk.

 @ https://ee.co.uk/shop_mobile/_next/static/chunks/25733-2091d58d50dec18c.js:0
[    5714ms] [WARNING] 

⚠️ Your `allowedTags` option includes, `style`, which is inherently
vulnerable to XSS attacks. Please remove it from `allowedTags`.
Or, to disable this warning, add the `allowVulnerableTags` option
and ensure you are accounting for this risk.

 @ https://ee.co.uk/shop_mobile/_next/static/chunks/25733-2091d58d50dec18c.js:0
[    5714ms] [WARNING] 

⚠️ Your `allowedTags` option includes, `style`, which is inherently
vulnerable to XSS attacks. Please remove it from `allowedTags`.
Or, to disable this warning, add the `allowVulnerableTags` option
and ensure you are accounting for this risk.

 @ https://ee.co.uk/shop_mobile/_next/static/chunks/25733-2091d58d50dec18c.js:0
[    5715ms] [WARNING] 

⚠️ Your `allowedTags` option includes, `style`, which is inherently
vulnerable to XSS attacks. Please remove it from `allowedTags`.
Or, to disable this warning, add the `allowVulnerableTags` option
and ensure you are accounting for this risk.

 @ https://ee.co.uk/shop_mobile/_next/static/chunks/25733-2091d58d50dec18c.js:0
[    5715ms] [WARNING] 

⚠️ Your `allowedTags` option includes, `style`, which is inherently
vulnerable to XSS attacks. Please remove it from `allowedTags`.
Or, to disable this warning, add the `allowVulnerableTags` option
and ensure you are accounting for this risk.

 @ https://ee.co.uk/shop_mobile/_next/static/chunks/25733-2091d58d50dec18c.js:0
[    5728ms] [WARNING] 

⚠️ Your `allowedTags` option includes, `style`, which is inherently
vulnerable to XSS attacks. Please remove it from `allowedTags`.
Or, to disable this warning, add the `allowVulnerableTags` option
and ensure you are accounting for this risk.

 @ https://ee.co.uk/shop_mobile/_next/static/chunks/25733-2091d58d50dec18c.js:0
[    5728ms] [WARNING] 

⚠️ Your `allowedTags` option includes, `style`, which is inherently
vulnerable to XSS attacks. Please remove it from `allowedTags`.
Or, to disable this warning, add the `allowVulnerableTags` option
and ensure you are accounting for this risk.

 @ https://ee.co.uk/shop_mobile/_next/static/chunks/25733-2091d58d50dec18c.js:0
[    5728ms] [WARNING] 

⚠️ Your `allowedTags` option includes, `style`, which is inherently
vulnerable to XSS attacks. Please remove it from `allowedTags`.
Or, to disable this warning, add the `allowVulnerableTags` option
and ensure you are accounting for this risk.

 @ https://ee.co.uk/shop_mobile/_next/static/chunks/25733-2091d58d50dec18c.js:0
[    5729ms] [WARNING] 

⚠️ Your `allowedTags` option includes, `style`, which is inherently
vulnerable to XSS attacks. Please remove it from `allowedTags`.
Or, to disable this warning, add the `allowVulnerableTags` option
and ensure you are accounting for this risk.

 @ https://ee.co.uk/shop_mobile/_next/static/chunks/25733-2091d58d50dec18c.js:0
[    5729ms] [WARNING] 

⚠️ Your `allowedTags` option includes, `style`, which is inherently
vulnerable to XSS attacks. Please remove it from `allowedTags`.
Or, to disable this warning, add the `allowVulnerableTags` option
and ensure you are accounting for this risk.

 @ https://ee.co.uk/shop_mobile/_next/static/chunks/25733-2091d58d50dec18c.js:0
[    5729ms] [WARNING] 

⚠️ Your `allowedTags` option includes, `style`, which is inherently
vulnerable to XSS attacks. Please remove it from `allowedTags`.
Or, to disable this warning, add the `allowVulnerableTags` option
and ensure you are accounting for this risk.

 @ https://ee.co.uk/shop_mobile/_next/static/chunks/25733-2091d58d50dec18c.js:0
[    5729ms] [WARNING] 

⚠️ Your `allowedTags` option includes, `style`, which is inherently
vulnerable to XSS attacks. Please remove it from `allowedTags`.
Or, to disable this warning, add the `allowVulnerableTags` option
and ensure you are accounting for this risk.

 @ https://ee.co.uk/shop_mobile/_next/static/chunks/25733-2091d58d50dec18c.js:0
[    5729ms] [WARNING] 

⚠️ Your `allowedTags` option includes, `style`, which is inherently
vulnerable to XSS attacks. Please remove it from `allowedTags`.
Or, to disable this warning, add the `allowVulnerableTags` option
and ensure you are accounting for this risk.

 @ https://ee.co.uk/shop_mobile/_next/static/chunks/25733-2091d58d50dec18c.js:0
[    5729ms] [WARNING] 

⚠️ Your `allowedTags` option includes, `style`, which is inherently
vulnerable to XSS attacks. Please remove it from `allowedTags`.
Or, to disable this warning, add the `allowVulnerableTags` option
and ensure you are accounting for this risk.

 @ https://ee.co.uk/shop_mobile/_next/static/chunks/25733-2091d58d50dec18c.js:0
[    5729ms] [WARNING] 

⚠️ Your `allowedTags` option includes, `style`, which is inherently
vulnerable to XSS attacks. Please remove it from `allowedTags`.
Or, to disable this warning, add the `allowVulnerableTags` option
and ensure you are accounting for this risk.

 @ https://ee.co.uk/shop_mobile/_next/static/chunks/25733-2091d58d50dec18c.js:0
[    5730ms] [WARNING] 

⚠️ Your `allowedTags` option includes, `style`, which is inherently
vulnerable to XSS attacks. Please remove it from `allowedTags`.
Or, to disable this warning, add the `allowVulnerableTags` option
and ensure you are accounting for this risk.

 @ https://ee.co.uk/shop_mobile/_next/static/chunks/25733-2091d58d50dec18c.js:0
[    5730ms] [WARNING] 

⚠️ Your `allowedTags` option includes, `style`, which is inherently
vulnerable to XSS attacks. Please remove it from `allowedTags`.
Or, to disable this warning, add the `allowVulnerableTags` option
and ensure you are accounting for this risk.

 @ https://ee.co.uk/shop_mobile/_next/static/chunks/25733-2091d58d50dec18c.js:0
[    5730ms] [WARNING] 

⚠️ Your `allowedTags` option includes, `style`, which is inherently
vulnerable to XSS attacks. Please remove it from `allowedTags`.
Or, to disable this warning, add the `allowVulnerableTags` option
and ensure you are accounting for this risk.

 @ https://ee.co.uk/shop_mobile/_next/static/chunks/25733-2091d58d50dec18c.js:0
[    5730ms] [WARNING] 

⚠️ Your `allowedTags` option includes, `style`, which is inherently
vulnerable to XSS attacks. Please remove it from `allowedTags`.
Or, to disable this warning, add the `allowVulnerableTags` option
and ensure you are accounting for this risk.

 @ https://ee.co.uk/shop_mobile/_next/static/chunks/25733-2091d58d50dec18c.js:0
[    5730ms] [WARNING] 

⚠️ Your `allowedTags` option includes, `style`, which is inherently
vulnerable to XSS attacks. Please remove it from `allowedTags`.
Or, to disable this warning, add the `allowVulnerableTags` option
and ensure you are accounting for this risk.

 @ https://ee.co.uk/shop_mobile/_next/static/chunks/25733-2091d58d50dec18c.js:0
[    5730ms] [WARNING] 

⚠️ Your `allowedTags` option includes, `style`, which is inherently
vulnerable to XSS attacks. Please remove it from `allowedTags`.
Or, to disable this warning, add the `allowVulnerableTags` option
and ensure you are accounting for this risk.

 @ https://ee.co.uk/shop_mobile/_next/static/chunks/25733-2091d58d50dec18c.js:0
[    5730ms] [WARNING] 

⚠️ Your `allowedTags` option includes, `style`, which is inherently
vulnerable to XSS attacks. Please remove it from `allowedTags`.
Or, to disable this warning, add the `allowVulnerableTags` option
and ensure you are accounting for this risk.

 @ https://ee.co.uk/shop_mobile/_next/static/chunks/25733-2091d58d50dec18c.js:0
[    5730ms] [WARNING] 

⚠️ Your `allowedTags` option includes, `style`, which is inherently
vulnerable to XSS attacks. Please remove it from `allowedTags`.
Or, to disable this warning, add the `allowVulnerableTags` option
and ensure you are accounting for this risk.

 @ https://ee.co.uk/shop_mobile/_next/static/chunks/25733-2091d58d50dec18c.js:0
[    5730ms] [WARNING] 

⚠️ Your `allowedTags` option includes, `style`, which is inherently
vulnerable to XSS attacks. Please remove it from `allowedTags`.
Or, to disable this warning, add the `allowVulnerableTags` option
and ensure you are accounting for this risk.

 @ https://ee.co.uk/shop_mobile/_next/static/chunks/25733-2091d58d50dec18c.js:0
[    5731ms] [WARNING] 

⚠️ Your `allowedTags` option includes, `style`, which is inherently
vulnerable to XSS attacks. Please remove it from `allowedTags`.
Or, to disable this warning, add the `allowVulnerableTags` option
and ensure you are accounting for this risk.

 @ https://ee.co.uk/shop_mobile/_next/static/chunks/25733-2091d58d50dec18c.js:0
[    5731ms] [WARNING] 

⚠️ Your `allowedTags` option includes, `style`, which is inherently
vulnerable to XSS attacks. Please remove it from `allowedTags`.
Or, to disable this warning, add the `allowVulnerableTags` option
and ensure you are accounting for this risk.

 @ https://ee.co.uk/shop_mobile/_next/static/chunks/25733-2091d58d50dec18c.js:0
[    5731ms] [WARNING] 

⚠️ Your `allowedTags` option includes, `style`, which is inherently
vulnerable to XSS attacks. Please remove it from `allowedTags`.
Or, to disable this warning, add the `allowVulnerableTags` option
and ensure you are accounting for this risk.

 @ https://ee.co.uk/shop_mobile/_next/static/chunks/25733-2091d58d50dec18c.js:0
[    5731ms] [WARNING] 

⚠️ Your `allowedTags` option includes, `style`, which is inherently
vulnerable to XSS attacks. Please remove it from `allowedTags`.
Or, to disable this warning, add the `allowVulnerableTags` option
and ensure you are accounting for this risk.

 @ https://ee.co.uk/shop_mobile/_next/static/chunks/25733-2091d58d50dec18c.js:0
[    5731ms] [WARNING] 

⚠️ Your `allowedTags` option includes, `style`, which is inherently
vulnerable to XSS attacks. Please remove it from `allowedTags`.
Or, to disable this warning, add the `allowVulnerableTags` option
and ensure you are accounting for this risk.

 @ https://ee.co.uk/shop_mobile/_next/static/chunks/25733-2091d58d50dec18c.js:0
[    5731ms] [WARNING] 

⚠️ Your `allowedTags` option includes, `style`, which is inherently
vulnerable to XSS attacks. Please remove it from `allowedTags`.
Or, to disable this warning, add the `allowVulnerableTags` option
and ensure you are accounting for this risk.

 @ https://ee.co.uk/shop_mobile/_next/static/chunks/25733-2091d58d50dec18c.js:0
[    5731ms] [WARNING] 

⚠️ Your `allowedTags` option includes, `style`, which is inherently
vulnerable to XSS attacks. Please remove it from `allowedTags`.
Or, to disable this warning, add the `allowVulnerableTags` option
and ensure you are accounting for this risk.

 @ https://ee.co.uk/shop_mobile/_next/static/chunks/25733-2091d58d50dec18c.js:0
[    5732ms] [WARNING] 

⚠️ Your `allowedTags` option includes, `style`, which is inherently
vulnerable to XSS attacks. Please remove it from `allowedTags`.
Or, to disable this warning, add the `allowVulnerableTags` option
and ensure you are accounting for this risk.

 @ https://ee.co.uk/shop_mobile/_next/static/chunks/25733-2091d58d50dec18c.js:0
[    5732ms] [WARNING] 

⚠️ Your `allowedTags` option includes, `style`, which is inherently
vulnerable to XSS attacks. Please remove it from `allowedTags`.
Or, to disable this warning, add the `allowVulnerableTags` option
and ensure you are accounting for this risk.

 @ https://ee.co.uk/shop_mobile/_next/static/chunks/25733-2091d58d50dec18c.js:0
[    5732ms] [WARNING] 

⚠️ Your `allowedTags` option includes, `style`, which is inherently
vulnerable to XSS attacks. Please remove it from `allowedTags`.
Or, to disable this warning, add the `allowVulnerableTags` option
and ensure you are accounting for this risk.

 @ https://ee.co.uk/shop_mobile/_next/static/chunks/25733-2091d58d50dec18c.js:0
[    5732ms] [WARNING] 

⚠️ Your `allowedTags` option includes, `style`, which is inherently
vulnerable to XSS attacks. Please remove it from `allowedTags`.
Or, to disable this warning, add the `allowVulnerableTags` option
and ensure you are accounting for this risk.

 @ https://ee.co.uk/shop_mobile/_next/static/chunks/25733-2091d58d50dec18c.js:0
[    5732ms] [WARNING] 

⚠️ Your `allowedTags` option includes, `style`, which is inherently
vulnerable to XSS attacks. Please remove it from `allowedTags`.
Or, to disable this warning, add the `allowVulnerableTags` option
and ensure you are accounting for this risk.

 @ https://ee.co.uk/shop_mobile/_next/static/chunks/25733-2091d58d50dec18c.js:0
[    5732ms] [WARNING] 

⚠️ Your `allowedTags` option includes, `style`, which is inherently
vulnerable to XSS attacks. Please remove it from `allowedTags`.
Or, to disable this warning, add the `allowVulnerableTags` option
and ensure you are accounting for this risk.

 @ https://ee.co.uk/shop_mobile/_next/static/chunks/25733-2091d58d50dec18c.js:0
[    5736ms] [WARNING] 

⚠️ Your `allowedTags` option includes, `style`, which is inherently
vulnerable to XSS attacks. Please remove it from `allowedTags`.
Or, to disable this warning, add the `allowVulnerableTags` option
and ensure you are accounting for this risk.

 @ https://ee.co.uk/shop_mobile/_next/static/chunks/25733-2091d58d50dec18c.js:0
[    5736ms] [WARNING] 

⚠️ Your `allowedTags` option includes, `style`, which is inherently
vulnerable to XSS attacks. Please remove it from `allowedTags`.
Or, to disable this warning, add the `allowVulnerableTags` option
and ensure you are accounting for this risk.

 @ https://ee.co.uk/shop_mobile/_next/static/chunks/25733-2091d58d50dec18c.js:0
[    5737ms] [WARNING] 

⚠️ Your `allowedTags` option includes, `style`, which is inherently
vulnerable to XSS attacks. Please remove it from `allowedTags`.
Or, to disable this warning, add the `allowVulnerableTags` option
and ensure you are accounting for this risk.

 @ https://ee.co.uk/shop_mobile/_next/static/chunks/25733-2091d58d50dec18c.js:0
[    5737ms] [WARNING] 

⚠️ Your `allowedTags` option includes, `style`, which is inherently
vulnerable to XSS attacks. Please remove it from `allowedTags`.
Or, to disable this warning, add the `allowVulnerableTags` option
and ensure you are accounting for this risk.

 @ https://ee.co.uk/shop_mobile/_next/static/chunks/25733-2091d58d50dec18c.js:0
[    5737ms] [WARNING] 

⚠️ Your `allowedTags` option includes, `style`, which is inherently
vulnerable to XSS attacks. Please remove it from `allowedTags`.
Or, to disable this warning, add the `allowVulnerableTags` option
and ensure you are accounting for this risk.

 @ https://ee.co.uk/shop_mobile/_next/static/chunks/25733-2091d58d50dec18c.js:0
[    5737ms] [WARNING] 

⚠️ Your `allowedTags` option includes, `style`, which is inherently
vulnerable to XSS attacks. Please remove it from `allowedTags`.
Or, to disable this warning, add the `allowVulnerableTags` option
and ensure you are accounting for this risk.

 @ https://ee.co.uk/shop_mobile/_next/static/chunks/25733-2091d58d50dec18c.js:0
[    5737ms] [WARNING] 

⚠️ Your `allowedTags` option includes, `style`, which is inherently
vulnerable to XSS attacks. Please remove it from `allowedTags`.
Or, to disable this warning, add the `allowVulnerableTags` option
and ensure you are accounting for this risk.

 @ https://ee.co.uk/shop_mobile/_next/static/chunks/25733-2091d58d50dec18c.js:0
[    5737ms] [WARNING] 

⚠️ Your `allowedTags` option includes, `style`, which is inherently
vulnerable to XSS attacks. Please remove it from `allowedTags`.
Or, to disable this warning, add the `allowVulnerableTags` option
and ensure you are accounting for this risk.

 @ https://ee.co.uk/shop_mobile/_next/static/chunks/25733-2091d58d50dec18c.js:0
[    5738ms] [WARNING] 

⚠️ Your `allowedTags` option includes, `style`, which is inherently
vulnerable to XSS attacks. Please remove it from `allowedTags`.
Or, to disable this warning, add the `allowVulnerableTags` option
and ensure you are accounting for this risk.

 @ https://ee.co.uk/shop_mobile/_next/static/chunks/25733-2091d58d50dec18c.js:0
[    5738ms] [WARNING] 

⚠️ Your `allowedTags` option includes, `style`, which is inherently
vulnerable to XSS attacks. Please remove it from `allowedTags`.
Or, to disable this warning, add the `allowVulnerableTags` option
and ensure you are accounting for this risk.

 @ https://ee.co.uk/shop_mobile/_next/static/chunks/25733-2091d58d50dec18c.js:0
[    5784ms] [LOG] 30% Discount Plan Filter: URL monitoring started... @ :103
[    5988ms] [WARNING] 

⚠️ Your `allowedTags` option includes, `style`, which is inherently
vulnerable to XSS attacks. Please remove it from `allowedTags`.
Or, to disable this warning, add the `allowVulnerableTags` option
and ensure you are accounting for this risk.

 @ https://ee.co.uk/shop_mobile/_next/static/chunks/25733-2091d58d50dec18c.js:0
[    5989ms] [WARNING] 

⚠️ Your `allowedTags` option includes, `style`, which is inherently
vulnerable to XSS attacks. Please remove it from `allowedTags`.
Or, to disable this warning, add the `allowVulnerableTags` option
and ensure you are accounting for this risk.

 @ https://ee.co.uk/shop_mobile/_next/static/chunks/25733-2091d58d50dec18c.js:0
[    5989ms] [WARNING] 

⚠️ Your `allowedTags` option includes, `style`, which is inherently
vulnerable to XSS attacks. Please remove it from `allowedTags`.
Or, to disable this warning, add the `allowVulnerableTags` option
and ensure you are accounting for this risk.

 @ https://ee.co.uk/shop_mobile/_next/static/chunks/25733-2091d58d50dec18c.js:0
[    5989ms] [WARNING] 

⚠️ Your `allowedTags` option includes, `style`, which is inherently
vulnerable to XSS attacks. Please remove it from `allowedTags`.
Or, to disable this warning, add the `allowVulnerableTags` option
and ensure you are accounting for this risk.

 @ https://ee.co.uk/shop_mobile/_next/static/chunks/25733-2091d58d50dec18c.js:0
[    5989ms] [WARNING] 

⚠️ Your `allowedTags` option includes, `style`, which is inherently
vulnerable to XSS attacks. Please remove it from `allowedTags`.
Or, to disable this warning, add the `allowVulnerableTags` option
and ensure you are accounting for this risk.

 @ https://ee.co.uk/shop_mobile/_next/static/chunks/25733-2091d58d50dec18c.js:0
[    5989ms] [WARNING] 

⚠️ Your `allowedTags` option includes, `style`, which is inherently
vulnerable to XSS attacks. Please remove it from `allowedTags`.
Or, to disable this warning, add the `allowVulnerableTags` option
and ensure you are accounting for this risk.

 @ https://ee.co.uk/shop_mobile/_next/static/chunks/25733-2091d58d50dec18c.js:0
[    5989ms] [WARNING] 

⚠️ Your `allowedTags` option includes, `style`, which is inherently
vulnerable to XSS attacks. Please remove it from `allowedTags`.
Or, to disable this warning, add the `allowVulnerableTags` option
and ensure you are accounting for this risk.

 @ https://ee.co.uk/shop_mobile/_next/static/chunks/25733-2091d58d50dec18c.js:0
[    5989ms] [WARNING] 

⚠️ Your `allowedTags` option includes, `style`, which is inherently
vulnerable to XSS attacks. Please remove it from `allowedTags`.
Or, to disable this warning, add the `allowVulnerableTags` option
and ensure you are accounting for this risk.

 @ https://ee.co.uk/shop_mobile/_next/static/chunks/25733-2091d58d50dec18c.js:0
[    5989ms] [WARNING] 

⚠️ Your `allowedTags` option includes, `style`, which is inherently
vulnerable to XSS attacks. Please remove it from `allowedTags`.
Or, to disable this warning, add the `allowVulnerableTags` option
and ensure you are accounting for this risk.

 @ https://ee.co.uk/shop_mobile/_next/static/chunks/25733-2091d58d50dec18c.js:0
[    5990ms] [WARNING] 

⚠️ Your `allowedTags` option includes, `style`, which is inherently
vulnerable to XSS attacks. Please remove it from `allowedTags`.
Or, to disable this warning, add the `allowVulnerableTags` option
and ensure you are accounting for this risk.

 @ https://ee.co.uk/shop_mobile/_next/static/chunks/25733-2091d58d50dec18c.js:0
[    5990ms] [WARNING] 

⚠️ Your `allowedTags` option includes, `style`, which is inherently
vulnerable to XSS attacks. Please remove it from `allowedTags`.
Or, to disable this warning, add the `allowVulnerableTags` option
and ensure you are accounting for this risk.

 @ https://ee.co.uk/shop_mobile/_next/static/chunks/25733-2091d58d50dec18c.js:0
[    5990ms] [WARNING] 

⚠️ Your `allowedTags` option includes, `style`, which is inherently
vulnerable to XSS attacks. Please remove it from `allowedTags`.
Or, to disable this warning, add the `allowVulnerableTags` option
and ensure you are accounting for this risk.

 @ https://ee.co.uk/shop_mobile/_next/static/chunks/25733-2091d58d50dec18c.js:0
[    5990ms] [WARNING] 

⚠️ Your `allowedTags` option includes, `style`, which is inherently
vulnerable to XSS attacks. Please remove it from `allowedTags`.
Or, to disable this warning, add the `allowVulnerableTags` option
and ensure you are accounting for this risk.

 @ https://ee.co.uk/shop_mobile/_next/static/chunks/25733-2091d58d50dec18c.js:0
[    5990ms] [WARNING] 

⚠️ Your `allowedTags` option includes, `style`, which is inherently
vulnerable to XSS attacks. Please remove it from `allowedTags`.
Or, to disable this warning, add the `allowVulnerableTags` option
and ensure you are accounting for this risk.

 @ https://ee.co.uk/shop_mobile/_next/static/chunks/25733-2091d58d50dec18c.js:0
[    5990ms] [WARNING] 

⚠️ Your `allowedTags` option includes, `style`, which is inherently
vulnerable to XSS attacks. Please remove it from `allowedTags`.
Or, to disable this warning, add the `allowVulnerableTags` option
and ensure you are accounting for this risk.

 @ https://ee.co.uk/shop_mobile/_next/static/chunks/25733-2091d58d50dec18c.js:0
[    5990ms] [WARNING] 

⚠️ Your `allowedTags` option includes, `style`, which is inherently
vulnerable to XSS attacks. Please remove it from `allowedTags`.
Or, to disable this warning, add the `allowVulnerableTags` option
and ensure you are accounting for this risk.

 @ https://ee.co.uk/shop_mobile/_next/static/chunks/25733-2091d58d50dec18c.js:0
[    5990ms] [WARNING] 

⚠️ Your `allowedTags` option includes, `style`, which is inherently
vulnerable to XSS attacks. Please remove it from `allowedTags`.
Or, to disable this warning, add the `allowVulnerableTags` option
and ensure you are accounting for this risk.

 @ https://ee.co.uk/shop_mobile/_next/static/chunks/25733-2091d58d50dec18c.js:0
[    5990ms] [WARNING] 

⚠️ Your `allowedTags` option includes, `style`, which is inherently
vulnerable to XSS attacks. Please remove it from `allowedTags`.
Or, to disable this warning, add the `allowVulnerableTags` option
and ensure you are accounting for this risk.

 @ https://ee.co.uk/shop_mobile/_next/static/chunks/25733-2091d58d50dec18c.js:0
[    5991ms] [WARNING] 

⚠️ Your `allowedTags` option includes, `style`, which is inherently
vulnerable to XSS attacks. Please remove it from `allowedTags`.
Or, to disable this warning, add the `allowVulnerableTags` option
and ensure you are accounting for this risk.

 @ https://ee.co.uk/shop_mobile/_next/static/chunks/25733-2091d58d50dec18c.js:0
[    5991ms] [WARNING] 

⚠️ Your `allowedTags` option includes, `style`, which is inherently
vulnerable to XSS attacks. Please remove it from `allowedTags`.
Or, to disable this warning, add the `allowVulnerableTags` option
and ensure you are accounting for this risk.

 @ https://ee.co.uk/shop_mobile/_next/static/chunks/25733-2091d58d50dec18c.js:0
[    5991ms] [WARNING] 

⚠️ Your `allowedTags` option includes, `style`, which is inherently
vulnerable to XSS attacks. Please remove it from `allowedTags`.
Or, to disable this warning, add the `allowVulnerableTags` option
and ensure you are accounting for this risk.

 @ https://ee.co.uk/shop_mobile/_next/static/chunks/25733-2091d58d50dec18c.js:0
[    5991ms] [WARNING] 

⚠️ Your `allowedTags` option includes, `style`, which is inherently
vulnerable to XSS attacks. Please remove it from `allowedTags`.
Or, to disable this warning, add the `allowVulnerableTags` option
and ensure you are accounting for this risk.

 @ https://ee.co.uk/shop_mobile/_next/static/chunks/25733-2091d58d50dec18c.js:0
[    5991ms] [WARNING] 

⚠️ Your `allowedTags` option includes, `style`, which is inherently
vulnerable to XSS attacks. Please remove it from `allowedTags`.
Or, to disable this warning, add the `allowVulnerableTags` option
and ensure you are accounting for this risk.

 @ https://ee.co.uk/shop_mobile/_next/static/chunks/25733-2091d58d50dec18c.js:0
[    5991ms] [WARNING] 

⚠️ Your `allowedTags` option includes, `style`, which is inherently
vulnerable to XSS attacks. Please remove it from `allowedTags`.
Or, to disable this warning, add the `allowVulnerableTags` option
and ensure you are accounting for this risk.

 @ https://ee.co.uk/shop_mobile/_next/static/chunks/25733-2091d58d50dec18c.js:0
[    5991ms] [WARNING] 

⚠️ Your `allowedTags` option includes, `style`, which is inherently
vulnerable to XSS attacks. Please remove it from `allowedTags`.
Or, to disable this warning, add the `allowVulnerableTags` option
and ensure you are accounting for this risk.

 @ https://ee.co.uk/shop_mobile/_next/static/chunks/25733-2091d58d50dec18c.js:0
[    5991ms] [WARNING] 

⚠️ Your `allowedTags` option includes, `style`, which is inherently
vulnerable to XSS attacks. Please remove it from `allowedTags`.
Or, to disable this warning, add the `allowVulnerableTags` option
and ensure you are accounting for this risk.

 @ https://ee.co.uk/shop_mobile/_next/static/chunks/25733-2091d58d50dec18c.js:0
[    5991ms] [WARNING] 

⚠️ Your `allowedTags` option includes, `style`, which is inherently
vulnerable to XSS attacks. Please remove it from `allowedTags`.
Or, to disable this warning, add the `allowVulnerableTags` option
and ensure you are accounting for this risk.

 @ https://ee.co.uk/shop_mobile/_next/static/chunks/25733-2091d58d50dec18c.js:0
[    5992ms] [WARNING] 

⚠️ Your `allowedTags` option includes, `style`, which is inherently
vulnerable to XSS attacks. Please remove it from `allowedTags`.
Or, to disable this warning, add the `allowVulnerableTags` option
and ensure you are accounting for this risk.

 @ https://ee.co.uk/shop_mobile/_next/static/chunks/25733-2091d58d50dec18c.js:0
[    5992ms] [WARNING] 

⚠️ Your `allowedTags` option includes, `style`, which is inherently
vulnerable to XSS attacks. Please remove it from `allowedTags`.
Or, to disable this warning, add the `allowVulnerableTags` option
and ensure you are accounting for this risk.

 @ https://ee.co.uk/shop_mobile/_next/static/chunks/25733-2091d58d50dec18c.js:0
[    5992ms] [WARNING] 

⚠️ Your `allowedTags` option includes, `style`, which is inherently
vulnerable to XSS attacks. Please remove it from `allowedTags`.
Or, to disable this warning, add the `allowVulnerableTags` option
and ensure you are accounting for this risk.

 @ https://ee.co.uk/shop_mobile/_next/static/chunks/25733-2091d58d50dec18c.js:0
[    5992ms] [WARNING] 

⚠️ Your `allowedTags` option includes, `style`, which is inherently
vulnerable to XSS attacks. Please remove it from `allowedTags`.
Or, to disable this warning, add the `allowVulnerableTags` option
and ensure you are accounting for this risk.

 @ https://ee.co.uk/shop_mobile/_next/static/chunks/25733-2091d58d50dec18c.js:0
[    5992ms] [WARNING] 

⚠️ Your `allowedTags` option includes, `style`, which is inherently
vulnerable to XSS attacks. Please remove it from `allowedTags`.
Or, to disable this warning, add the `allowVulnerableTags` option
and ensure you are accounting for this risk.

 @ https://ee.co.uk/shop_mobile/_next/static/chunks/25733-2091d58d50dec18c.js:0
[    5993ms] [WARNING] 

⚠️ Your `allowedTags` option includes, `style`, which is inherently
vulnerable to XSS attacks. Please remove it from `allowedTags`.
Or, to disable this warning, add the `allowVulnerableTags` option
and ensure you are accounting for this risk.

 @ https://ee.co.uk/shop_mobile/_next/static/chunks/25733-2091d58d50dec18c.js:0
[    5993ms] [WARNING] 

⚠️ Your `allowedTags` option includes, `style`, which is inherently
vulnerable to XSS attacks. Please remove it from `allowedTags`.
Or, to disable this warning, add the `allowVulnerableTags` option
and ensure you are accounting for this risk.

 @ https://ee.co.uk/shop_mobile/_next/static/chunks/25733-2091d58d50dec18c.js:0
[    5993ms] [WARNING] 

⚠️ Your `allowedTags` option includes, `style`, which is inherently
vulnerable to XSS attacks. Please remove it from `allowedTags`.
Or, to disable this warning, add the `allowVulnerableTags` option
and ensure you are accounting for this risk.

 @ https://ee.co.uk/shop_mobile/_next/static/chunks/25733-2091d58d50dec18c.js:0
[    5993ms] [WARNING] 

⚠️ Your `allowedTags` option includes, `style`, which is inherently
vulnerable to XSS attacks. Please remove it from `allowedTags`.
Or, to disable this warning, add the `allowVulnerableTags` option
and ensure you are accounting for this risk.

 @ https://ee.co.uk/shop_mobile/_next/static/chunks/25733-2091d58d50dec18c.js:0
[    5994ms] [WARNING] 

⚠️ Your `allowedTags` option includes, `style`, which is inherently
vulnerable to XSS attacks. Please remove it from `allowedTags`.
Or, to disable this warning, add the `allowVulnerableTags` option
and ensure you are accounting for this risk.

 @ https://ee.co.uk/shop_mobile/_next/static/chunks/25733-2091d58d50dec18c.js:0
[    5994ms] [WARNING] 

⚠️ Your `allowedTags` option includes, `style`, which is inherently
vulnerable to XSS attacks. Please remove it from `allowedTags`.
Or, to disable this warning, add the `allowVulnerableTags` option
and ensure you are accounting for this risk.

 @ https://ee.co.uk/shop_mobile/_next/static/chunks/25733-2091d58d50dec18c.js:0
[    5994ms] [WARNING] 

⚠️ Your `allowedTags` option includes, `style`, which is inherently
vulnerable to XSS attacks. Please remove it from `allowedTags`.
Or, to disable this warning, add the `allowVulnerableTags` option
and ensure you are accounting for this risk.

 @ https://ee.co.uk/shop_mobile/_next/static/chunks/25733-2091d58d50dec18c.js:0
[    5994ms] [WARNING] 

⚠️ Your `allowedTags` option includes, `style`, which is inherently
vulnerable to XSS attacks. Please remove it from `allowedTags`.
Or, to disable this warning, add the `allowVulnerableTags` option
and ensure you are accounting for this risk.

 @ https://ee.co.uk/shop_mobile/_next/static/chunks/25733-2091d58d50dec18c.js:0
[    5994ms] [WARNING] 

⚠️ Your `allowedTags` option includes, `style`, which is inherently
vulnerable to XSS attacks. Please remove it from `allowedTags`.
Or, to disable this warning, add the `allowVulnerableTags` option
and ensure you are accounting for this risk.

 @ https://ee.co.uk/shop_mobile/_next/static/chunks/25733-2091d58d50dec18c.js:0
[    5994ms] [WARNING] 

⚠️ Your `allowedTags` option includes, `style`, which is inherently
vulnerable to XSS attacks. Please remove it from `allowedTags`.
Or, to disable this warning, add the `allowVulnerableTags` option
and ensure you are accounting for this risk.

 @ https://ee.co.uk/shop_mobile/_next/static/chunks/25733-2091d58d50dec18c.js:0
[    6018ms] [INFO] UPDATE MINI BASKET 1.12.0 @ https://ee.co.uk/exp/ge/bundle-contents-hydrate.js?8f6e21a784dea80c72ef8d8fd9244558:15068
[    6043ms] [LOG] Call to dtrum.enable() had no effect since RUM JavaScript agent was already enabled or opt-in mode was not active! @ https://ee.co.uk/ruxitagentjs_ICA15789NPRTUVXfghlqrux_10339260603164134.js:175
[    6666ms] [INFO] UPDATE MINI BASKET 1.12.0 @ https://ee.co.uk/exp/ge/bundle-contents-hydrate.js?8f6e21a784dea80c72ef8d8fd9244558:15068
[    6668ms] [INFO] UPDATE MINI BASKET 1.12.0 @ https://ee.co.uk/exp/ge/bundle-contents-hydrate.js?8f6e21a784dea80c72ef8d8fd9244558:15068
[    6669ms] [INFO] UPDATE MINI BASKET 1.12.0 @ https://ee.co.uk/exp/ge/bundle-contents-hydrate.js?8f6e21a784dea80c72ef8d8fd9244558:15068
[    6669ms] [INFO] UPDATE MINI BASKET 1.12.0 @ https://ee.co.uk/exp/ge/bundle-contents-hydrate.js?8f6e21a784dea80c72ef8d8fd9244558:15068
[    6672ms] [LOG] [AAT] Region explicitly set to EU @ https://c.amazon-adsystem.com/aat/amzn.js:1
[    6941ms] [WARNING] 

⚠️ Your `allowedTags` option includes, `style`, which is inherently
vulnerable to XSS attacks. Please remove it from `allowedTags`.
Or, to disable this warning, add the `allowVulnerableTags` option
and ensure you are accounting for this risk.

 @ https://ee.co.uk/shop_mobile/_next/static/chunks/25733-2091d58d50dec18c.js:0
[    7012ms] [ERROR] Failed to load resource: net::ERR_CONNECTION_RESET @ https://aax-eu.amazon-adsystem.com/s/iu3?pid=cc23b900-ed11-4f20-aa04-0557e214924a&event=PageView&match_id=1199830439.1783420655&clientDedupeId=1ab73548da1a633e-PageView&page_url=https___ee.co.uk_mobile_pay-monthly-phones-gallery_honor-magic-v6-details&ts=1783422696284&eventSource=amzn.js&uuid=8a33e726-05ba-4f07-b0d1-8b759436be58:0
[    7012ms] [WARNING] Event request via fetch failed, reverting to iframe @ https://c.amazon-adsystem.com/aat/amzn.js:1
[   31171ms] [WARNING] The resource https://ee.co.uk/etc.clientlibs/settings/wcm/designs/ee-common-2015/clientlibs_base/resources/fonts/rubrik_regular.woff was preloaded using link preload but not used within a few seconds from the window's load event. Please make sure it has an appropriate `as` value and it is preloaded intentionally. @ https://ee.co.uk/mobile/pay-monthly-phones-gallery/honor-magic-v6-details:0
[   31171ms] [WARNING] The resource https://ee.co.uk/etc.clientlibs/settings/wcm/designs/ee-common-2015/clientlibs_base/resources/fonts/rubrik_semibold.woff was preloaded using link preload but not used within a few seconds from the window's load event. Please make sure it has an appropriate `as` value and it is preloaded intentionally. @ https://ee.co.uk/mobile/pay-monthly-phones-gallery/honor-magic-v6-details:0
