[    3728ms] [WARNING] <link rel=preload> has an unsupported `type` value @ https://ee.co.uk/mobile:11
[    3728ms] [WARNING] <link rel=preload> has an unsupported `type` value @ https://ee.co.uk/mobile:11
[    3728ms] [WARNING] <link rel=preload> has an unsupported `type` value @ https://ee.co.uk/mobile:11
[    3728ms] [WARNING] <link rel=preload> has an unsupported `type` value @ https://ee.co.uk/mobile:11
[    3728ms] [WARNING] <link rel=preload> has an unsupported `type` value @ https://ee.co.uk/mobile:11
[    3728ms] [WARNING] <link rel=preload> has an unsupported `type` value @ https://ee.co.uk/mobile:11
[    3728ms] [WARNING] <link rel=preload> has an unsupported `type` value @ https://ee.co.uk/mobile:11
[    3728ms] [WARNING] <link rel=preload> has an unsupported `type` value @ https://ee.co.uk/mobile:11
[    8425ms] [WARNING]  [33m[1mâš [22m[39m Runtime config is deprecated and will be removed in Next.js 16. Please remove the usage of "next/config" from your project. @ https://ee.co.uk/shop_mobile/_next/static/chunks/pages/_app-5db325b61ed12ccf.js:30
[    8615ms] [WARNING] 

âš ď¸Ź Your `allowedTags` option includes, `style`, which is inherently
vulnerable to XSS attacks. Please remove it from `allowedTags`.
Or, to disable this warning, add the `allowVulnerableTags` option
and ensure you are accounting for this risk.

 @ https://ee.co.uk/shop_mobile/_next/static/chunks/25733-2091d58d50dec18c.js:0
[    8638ms] [WARNING] 

âš ď¸Ź Your `allowedTags` option includes, `style`, which is inherently
vulnerable to XSS attacks. Please remove it from `allowedTags`.
Or, to disable this warning, add the `allowVulnerableTags` option
and ensure you are accounting for this risk.

 @ https://ee.co.uk/shop_mobile/_next/static/chunks/25733-2091d58d50dec18c.js:0
[    8664ms] Error: Minified React error #418; visit https://react.dev/errors/418?args[]=text&args[]= for the full message or use the non-minified dev environment for full errors and additional helpful warnings.
    at rO (https://ee.co.uk/shop_mobile/_next/static/chunks/framework-362268fe6de55927.js:1:46046)
    at https://ee.co.uk/shop_mobile/_next/static/chunks/framework-362268fe6de55927.js:1:132148
    at sC (https://ee.co.uk/shop_mobile/_next/static/chunks/framework-362268fe6de55927.js:1:135452)
    at sw (https://ee.co.uk/shop_mobile/_next/static/chunks/framework-362268fe6de55927.js:1:127240)
    at https://ee.co.uk/shop_mobile/_next/static/chunks/framework-362268fe6de55927.js:1:127024
    at sS (https://ee.co.uk/shop_mobile/_next/static/chunks/framework-362268fe6de55927.js:1:127032)
    at sc (https://ee.co.uk/shop_mobile/_next/static/chunks/framework-362268fe6de55927.js:1:122407)
    at sJ (https://ee.co.uk/shop_mobile/_next/static/chunks/framework-362268fe6de55927.js:1:145545)
    at MessagePort._ (https://ee.co.uk/shop_mobile/_next/static/chunks/framework-362268fe6de55927.js:1:9028)
[    8662ms] [WARNING] Loop: `HeroCarousel` is deprecated. It will be removed in a future major release, please use `Carousel` instead. @ https://ee.co.uk/shop_mobile/_next/static/chunks/pages/_app-5db325b61ed12ccf.js:0
[    8741ms] [LOG] Call to dtrum.enable() had no effect since RUM JavaScript agent was already enabled or opt-in mode was not active! @ https://ee.co.uk/ruxitagentjs_ICA15789NPRTUVXfghlqrux_10339260603164134.js:175
[    9731ms] [INFO] AIMEE is enabled with Version 1.1.53 @ https://ee.co.uk/exp/ge/bundle-contents-hydrate.js?8f6e21a784dea80c72ef8d8fd9244558:45999
[    9759ms] [INFO] UPDATE MINI BASKET 1.12.0 @ https://ee.co.uk/exp/ge/bundle-contents-hydrate.js?8f6e21a784dea80c72ef8d8fd9244558:15068
[   10217ms] [INFO] AIMEE is enabled with Version 1.1.53 @ https://ee.co.uk/exp/ge/bundle-contents-hydrate.js?8f6e21a784dea80c72ef8d8fd9244558:45999
[   12628ms] [INFO] UPDATE MINI BASKET 1.12.0 @ https://ee.co.uk/exp/ge/bundle-contents-hydrate.js?8f6e21a784dea80c72ef8d8fd9244558:15068
[   14325ms] [INFO] UPDATE MINI BASKET 1.12.0 @ https://ee.co.uk/exp/ge/bundle-contents-hydrate.js?8f6e21a784dea80c72ef8d8fd9244558:15068
[   14327ms] [INFO] UPDATE MINI BASKET 1.12.0 @ https://ee.co.uk/exp/ge/bundle-contents-hydrate.js?8f6e21a784dea80c72ef8d8fd9244558:15068
[   14329ms] [INFO] UPDATE MINI BASKET 1.12.0 @ https://ee.co.uk/exp/ge/bundle-contents-hydrate.js?8f6e21a784dea80c72ef8d8fd9244558:15068
[   14330ms] [INFO] UPDATE MINI BASKET 1.12.0 @ https://ee.co.uk/exp/ge/bundle-contents-hydrate.js?8f6e21a784dea80c72ef8d8fd9244558:15068
[   21663ms] [ERROR] Failed to load resource: net::ERR_NETWORK_IO_SUSPENDED @ https://ee.co.uk/rb_bf88365yqv?sc=5&ty=js&pv=4&ai=e7f5606eaba145d0&en=9hu61abe&cr=1782996483712&av=1.339.9&cy=event&bc=506344487&co=snappy&si=v_4_srv_3_sn_C048B1FF1B9703DA4CF0677FC9D9A402_perc_100000_ol_0_mul_1_app-3Ae7f5606eaba145d0_1_app-3A7556ecaf88963360_1_app-3A7b6134e75ed78205_1_rcs-3Acss_1&st=1783420666318&ss=0&qc=1254695272&end=1:0
[   24976ms] [LOG] Call to dtrum.enable() had no effect since RUM JavaScript agent was already enabled or opt-in mode was not active! @ https://ee.co.uk/ruxitagentjs_ICA15789NPRTUVXfghlqrux_10339260603164134.js:175
[   25113ms] [LOG] [AAT] Region explicitly set to EU @ https://c.amazon-adsystem.com/aat/amzn.js:1
[   25223ms] [LOG] 30% Discount Plan Filter: URL monitoring started... @ :103
[   92134ms] [ERROR] WebSocket connection to 'wss://prod5-lc-mqtt.sprinklr.com/mqtt' failed: Close received after close @ https://live-chat-static.sprinklr.com/chat/KL3C4JPaD/static/js/modern/mqtt.6d1dc8b7.js:1
[   92351ms] [ERROR] WebSocket connection to 'wss://prod5-lc-mqtt.sprinklr.com/mqtt' failed: Close received after close @ https://live-chat-static.sprinklr.com/chat/KL3C4JPaD/static/js/modern/mqtt.6d1dc8b7.js:1
[  103779ms] [LOG] 30% Discount Plan Filter: URL monitoring started... @ :103
[  103785ms] TypeError: Failed to execute 'observe' on 'MutationObserver': parameter 1 is not of type 'Node'.
    at <anonymous>:157:61
    at <anonymous>:164:3
    at C (https://assets.adobedtm.com/468fd5a0b220/f1dd5ada620a/launch-ENc69d733bf4824e17ac296b1064825816.min.js:8:1504)
    at https://assets.adobedtm.com/468fd5a0b220/f1dd5ada620a/launch-ENc69d733bf4824e17ac296b1064825816.min.js:8:14777
    at x (https://assets.adobedtm.com/468fd5a0b220/f1dd5ada620a/launch-ENc69d733bf4824e17ac296b1064825816.min.js:8:1264)
    at https://assets.adobedtm.com/468fd5a0b220/f1dd5ada620a/launch-ENc69d733bf4824e17ac296b1064825816.min.js:8:14659
    at Array.forEach (<anonymous>)
    at HTMLHeadElement.<anonymous> (https://assets.adobedtm.com/468fd5a0b220/f1dd5ada620a/launch-ENc69d733bf4824e17ac296b1064825816.min.js:8:14451)
    at h.each (https://assets.adobedtm.com/468fd5a0b220/f1dd5ada620a/launch-ENc69d733bf4824e17ac296b1064825816.min.js:8:6297)
    at z.forEach.S.fn.<computed> [as append] (https://assets.adobedtm.com/468fd5a0b220/f1dd5ada620a/launch-ENc69d733bf4824e17ac296b1064825816.min.js:8:14248)
[  104202ms] [LOG] [AAT] Region explicitly set to EU @ https://c.amazon-adsystem.com/aat/amzn.js:1
[  106356ms] [WARNING]  [33m[1mâš [22m[39m Runtime config is deprecated and will be removed in Next.js 16. Please remove the usage of "next/config" from your project. @ https://ee.co.uk/shop_mobile/_next/static/chunks/pages/_app-5db325b61ed12ccf.js:30
[  106494ms] [WARNING] 

âš ď¸Ź Your `allowedTags` option includes, `style`, which is inherently
vulnerable to XSS attacks. Please remove it from `allowedTags`.
Or, to disable this warning, add the `allowVulnerableTags` option
and ensure you are accounting for this risk.

 @ https://ee.co.uk/shop_mobile/_next/static/chunks/25733-2091d58d50dec18c.js:0
[  106495ms] [WARNING] 

âš ď¸Ź Your `allowedTags` option includes, `style`, which is inherently
vulnerable to XSS attacks. Please remove it from `allowedTags`.
Or, to disable this warning, add the `allowVulnerableTags` option
and ensure you are accounting for this risk.

 @ https://ee.co.uk/shop_mobile/_next/static/chunks/25733-2091d58d50dec18c.js:0
[  106499ms] [WARNING] 

âš ď¸Ź Your `allowedTags` option includes, `style`, which is inherently
vulnerable to XSS attacks. Please remove it from `allowedTags`.
Or, to disable this warning, add the `allowVulnerableTags` option
and ensure you are accounting for this risk.

 @ https://ee.co.uk/shop_mobile/_next/static/chunks/25733-2091d58d50dec18c.js:0
[  106561ms] Error: Minified React error #418; visit https://react.dev/errors/418?args[]=text&args[]= for the full message or use the non-minified dev environment for full errors and additional helpful warnings.
    at rO (https://ee.co.uk/shop_mobile/_next/static/chunks/framework-362268fe6de55927.js:1:46046)
    at https://ee.co.uk/shop_mobile/_next/static/chunks/framework-362268fe6de55927.js:1:132148
    at sC (https://ee.co.uk/shop_mobile/_next/static/chunks/framework-362268fe6de55927.js:1:135452)
    at sw (https://ee.co.uk/shop_mobile/_next/static/chunks/framework-362268fe6de55927.js:1:127240)
    at https://ee.co.uk/shop_mobile/_next/static/chunks/framework-362268fe6de55927.js:1:127024
    at sS (https://ee.co.uk/shop_mobile/_next/static/chunks/framework-362268fe6de55927.js:1:127032)
    at sc (https://ee.co.uk/shop_mobile/_next/static/chunks/framework-362268fe6de55927.js:1:122407)
    at sJ (https://ee.co.uk/shop_mobile/_next/static/chunks/framework-362268fe6de55927.js:1:145545)
    at MessagePort._ (https://ee.co.uk/shop_mobile/_next/static/chunks/framework-362268fe6de55927.js:1:9028)
[  106715ms] [INFO] AIMEE is enabled with Version 1.1.53 @ https://ee.co.uk/exp/ge/bundle-contents-hydrate.js?8f6e21a784dea80c72ef8d8fd9244558:45999
[  106737ms] [INFO] UPDATE MINI BASKET 1.12.0 @ https://ee.co.uk/exp/ge/bundle-contents-hydrate.js?8f6e21a784dea80c72ef8d8fd9244558:15068
[  106771ms] [LOG] Call to dtrum.enable() had no effect since RUM JavaScript agent was already enabled or opt-in mode was not active! @ https://ee.co.uk/ruxitagentjs_ICA15789NPRTUVXfghlqrux_10339260603164134.js:175
[  106889ms] [ERROR] Failed to load resource: net::ERR_CONNECTION_RESET @ https://aax-eu.amazon-adsystem.com/s/iu3?pid=cc23b900-ed11-4f20-aa04-0557e214924a&event=PageView&match_id=1199830439.1783420655&clientDedupeId=51d0794b3b87a241-PageView&page_url=https___ee.co.uk_mobile_pay-monthly-phones-gallery_apple-iphone&ts=1783420751649&eventSource=amzn.js&uuid=64320e5f-0832-412b-b751-335ee27433b1:0
[  106890ms] [WARNING] Event request via fetch failed, reverting to iframe @ https://c.amazon-adsystem.com/aat/amzn.js:1
[  107052ms] [INFO] AIMEE is enabled with Version 1.1.53 @ https://ee.co.uk/exp/ge/bundle-contents-hydrate.js?8f6e21a784dea80c72ef8d8fd9244558:45999
[  107580ms] [INFO] UPDATE MINI BASKET 1.12.0 @ https://ee.co.uk/exp/ge/bundle-contents-hydrate.js?8f6e21a784dea80c72ef8d8fd9244558:15068
[  107920ms] [INFO] UPDATE MINI BASKET 1.12.0 @ https://ee.co.uk/exp/ge/bundle-contents-hydrate.js?8f6e21a784dea80c72ef8d8fd9244558:15068
[  107922ms] [INFO] UPDATE MINI BASKET 1.12.0 @ https://ee.co.uk/exp/ge/bundle-contents-hydrate.js?8f6e21a784dea80c72ef8d8fd9244558:15068
[  107923ms] [INFO] UPDATE MINI BASKET 1.12.0 @ https://ee.co.uk/exp/ge/bundle-contents-hydrate.js?8f6e21a784dea80c72ef8d8fd9244558:15068
[  107924ms] [INFO] UPDATE MINI BASKET 1.12.0 @ https://ee.co.uk/exp/ge/bundle-contents-hydrate.js?8f6e21a784dea80c72ef8d8fd9244558:15068
[  125364ms] [WARNING]  [33m[1mâš [22m[39m Runtime config is deprecated and will be removed in Next.js 16. Please remove the usage of "next/config" from your project. @ https://ee.co.uk/shop_mobile/_next/static/chunks/pages/_app-5db325b61ed12ccf.js:30
[  125513ms] Error: Minified React error #418; visit https://react.dev/errors/418?args[]=text&args[]= for the full message or use the non-minified dev environment for full errors and additional helpful warnings.
    at rO (https://ee.co.uk/shop_mobile/_next/static/chunks/framework-362268fe6de55927.js:1:46046)
    at https://ee.co.uk/shop_mobile/_next/static/chunks/framework-362268fe6de55927.js:1:132148
    at sC (https://ee.co.uk/shop_mobile/_next/static/chunks/framework-362268fe6de55927.js:1:135452)
    at sw (https://ee.co.uk/shop_mobile/_next/static/chunks/framework-362268fe6de55927.js:1:127240)
    at https://ee.co.uk/shop_mobile/_next/static/chunks/framework-362268fe6de55927.js:1:127024
    at sS (https://ee.co.uk/shop_mobile/_next/static/chunks/framework-362268fe6de55927.js:1:127032)
    at sc (https://ee.co.uk/shop_mobile/_next/static/chunks/framework-362268fe6de55927.js:1:122407)
    at sJ (https://ee.co.uk/shop_mobile/_next/static/chunks/framework-362268fe6de55927.js:1:145545)
    at MessagePort._ (https://ee.co.uk/shop_mobile/_next/static/chunks/framework-362268fe6de55927.js:1:9028)
[  125574ms] [INFO] AIMEE is enabled with Version 1.1.53 @ https://ee.co.uk/exp/ge/bundle-contents-hydrate.js?8f6e21a784dea80c72ef8d8fd9244558:45999
[  125577ms] [INFO] UPDATE MINI BASKET 1.12.0 @ https://ee.co.uk/exp/ge/bundle-contents-hydrate.js?8f6e21a784dea80c72ef8d8fd9244558:15068
[  126007ms] [INFO] AIMEE is enabled with Version 1.1.53 @ https://ee.co.uk/exp/ge/bundle-contents-hydrate.js?8f6e21a784dea80c72ef8d8fd9244558:45999
[  126270ms] [WARNING] Loop: `FormControl` is deprecated. It will be removed in a future major release, please use `FormControlV2` instead. @ https://ee.co.uk/shop_mobile/_next/static/chunks/pages/_app-5db325b61ed12ccf.js:0
[  126271ms] [WARNING] Loop: `FormControl` is deprecated. It will be removed in a future major release, please use `FormControlV2` instead. @ https://ee.co.uk/shop_mobile/_next/static/chunks/pages/_app-5db325b61ed12ccf.js:0
[  126451ms] [LOG] Call to dtrum.enable() had no effect since RUM JavaScript agent was already enabled or opt-in mode was not active! @ https://ee.co.uk/ruxitagentjs_ICA15789NPRTUVXfghlqrux_10339260603164134.js:175
[  126563ms] [LOG] 30% Discount Plan Filter: URL monitoring started... @ :103
[  126841ms] [LOG] [AAT] Region explicitly set to EU @ https://c.amazon-adsystem.com/aat/amzn.js:1
[  126920ms] [WARNING] 

âš ď¸Ź Your `allowedTags` option includes, `style`, which is inherently
vulnerable to XSS attacks. Please remove it from `allowedTags`.
Or, to disable this warning, add the `allowVulnerableTags` option
and ensure you are accounting for this risk.

 @ https://ee.co.uk/shop_mobile/_next/static/chunks/25733-2091d58d50dec18c.js:0
[  126920ms] [WARNING] 

âš ď¸Ź Your `allowedTags` option includes, `style`, which is inherently
vulnerable to XSS attacks. Please remove it from `allowedTags`.
Or, to disable this warning, add the `allowVulnerableTags` option
and ensure you are accounting for this risk.

 @ https://ee.co.uk/shop_mobile/_next/static/chunks/25733-2091d58d50dec18c.js:0
[  126921ms] [WARNING] 

âš ď¸Ź Your `allowedTags` option includes, `style`, which is inherently
vulnerable to XSS attacks. Please remove it from `allowedTags`.
Or, to disable this warning, add the `allowVulnerableTags` option
and ensure you are accounting for this risk.

 @ https://ee.co.uk/shop_mobile/_next/static/chunks/25733-2091d58d50dec18c.js:0
[  126921ms] [WARNING] 

âš ď¸Ź Your `allowedTags` option includes, `style`, which is inherently
vulnerable to XSS attacks. Please remove it from `allowedTags`.
Or, to disable this warning, add the `allowVulnerableTags` option
and ensure you are accounting for this risk.

 @ https://ee.co.uk/shop_mobile/_next/static/chunks/25733-2091d58d50dec18c.js:0
[  126921ms] [WARNING] 

âš ď¸Ź Your `allowedTags` option includes, `style`, which is inherently
vulnerable to XSS attacks. Please remove it from `allowedTags`.
Or, to disable this warning, add the `allowVulnerableTags` option
and ensure you are accounting for this risk.

 @ https://ee.co.uk/shop_mobile/_next/static/chunks/25733-2091d58d50dec18c.js:0
[  126921ms] [WARNING] 

âš ď¸Ź Your `allowedTags` option includes, `style`, which is inherently
vulnerable to XSS attacks. Please remove it from `allowedTags`.
Or, to disable this warning, add the `allowVulnerableTags` option
and ensure you are accounting for this risk.

 @ https://ee.co.uk/shop_mobile/_next/static/chunks/25733-2091d58d50dec18c.js:0
[  126921ms] [WARNING] 

âš ď¸Ź Your `allowedTags` option includes, `style`, which is inherently
vulnerable to XSS attacks. Please remove it from `allowedTags`.
Or, to disable this warning, add the `allowVulnerableTags` option
and ensure you are accounting for this risk.

 @ https://ee.co.uk/shop_mobile/_next/static/chunks/25733-2091d58d50dec18c.js:0
[  126921ms] [WARNING] 

âš ď¸Ź Your `allowedTags` option includes, `style`, which is inherently
vulnerable to XSS attacks. Please remove it from `allowedTags`.
Or, to disable this warning, add the `allowVulnerableTags` option
and ensure you are accounting for this risk.

 @ https://ee.co.uk/shop_mobile/_next/static/chunks/25733-2091d58d50dec18c.js:0
[  126922ms] [WARNING] 

âš ď¸Ź Your `allowedTags` option includes, `style`, which is inherently
vulnerable to XSS attacks. Please remove it from `allowedTags`.
Or, to disable this warning, add the `allowVulnerableTags` option
and ensure you are accounting for this risk.

 @ https://ee.co.uk/shop_mobile/_next/static/chunks/25733-2091d58d50dec18c.js:0
[  126922ms] [WARNING] 

âš ď¸Ź Your `allowedTags` option includes, `style`, which is inherently
vulnerable to XSS attacks. Please remove it from `allowedTags`.
Or, to disable this warning, add the `allowVulnerableTags` option
and ensure you are accounting for this risk.

 @ https://ee.co.uk/shop_mobile/_next/static/chunks/25733-2091d58d50dec18c.js:0
[  126922ms] [WARNING] 

âš ď¸Ź Your `allowedTags` option includes, `style`, which is inherently
vulnerable to XSS attacks. Please remove it from `allowedTags`.
Or, to disable this warning, add the `allowVulnerableTags` option
and ensure you are accounting for this risk.

 @ https://ee.co.uk/shop_mobile/_next/static/chunks/25733-2091d58d50dec18c.js:0
[  126922ms] [WARNING] 

âš ď¸Ź Your `allowedTags` option includes, `style`, which is inherently
vulnerable to XSS attacks. Please remove it from `allowedTags`.
Or, to disable this warning, add the `allowVulnerableTags` option
and ensure you are accounting for this risk.

 @ https://ee.co.uk/shop_mobile/_next/static/chunks/25733-2091d58d50dec18c.js:0
[  126922ms] [WARNING] 

âš ď¸Ź Your `allowedTags` option includes, `style`, which is inherently
vulnerable to XSS attacks. Please remove it from `allowedTags`.
Or, to disable this warning, add the `allowVulnerableTags` option
and ensure you are accounting for this risk.

 @ https://ee.co.uk/shop_mobile/_next/static/chunks/25733-2091d58d50dec18c.js:0
[  126922ms] [WARNING] 

âš ď¸Ź Your `allowedTags` option includes, `style`, which is inherently
vulnerable to XSS attacks. Please remove it from `allowedTags`.
Or, to disable this warning, add the `allowVulnerableTags` option
and ensure you are accounting for this risk.

 @ https://ee.co.uk/shop_mobile/_next/static/chunks/25733-2091d58d50dec18c.js:0
[  126923ms] [WARNING] 

âš ď¸Ź Your `allowedTags` option includes, `style`, which is inherently
vulnerable to XSS attacks. Please remove it from `allowedTags`.
Or, to disable this warning, add the `allowVulnerableTags` option
and ensure you are accounting for this risk.

 @ https://ee.co.uk/shop_mobile/_next/static/chunks/25733-2091d58d50dec18c.js:0
[  126923ms] [WARNING] 

âš ď¸Ź Your `allowedTags` option includes, `style`, which is inherently
vulnerable to XSS attacks. Please remove it from `allowedTags`.
Or, to disable this warning, add the `allowVulnerableTags` option
and ensure you are accounting for this risk.

 @ https://ee.co.uk/shop_mobile/_next/static/chunks/25733-2091d58d50dec18c.js:0
[  126923ms] [WARNING] 

âš ď¸Ź Your `allowedTags` option includes, `style`, which is inherently
vulnerable to XSS attacks. Please remove it from `allowedTags`.
Or, to disable this warning, add the `allowVulnerableTags` option
and ensure you are accounting for this risk.

 @ https://ee.co.uk/shop_mobile/_next/static/chunks/25733-2091d58d50dec18c.js:0
[  126923ms] [WARNING] 

âš ď¸Ź Your `allowedTags` option includes, `style`, which is inherently
vulnerable to XSS attacks. Please remove it from `allowedTags`.
Or, to disable this warning, add the `allowVulnerableTags` option
and ensure you are accounting for this risk.

 @ https://ee.co.uk/shop_mobile/_next/static/chunks/25733-2091d58d50dec18c.js:0
[  126923ms] [WARNING] 

âš ď¸Ź Your `allowedTags` option includes, `style`, which is inherently
vulnerable to XSS attacks. Please remove it from `allowedTags`.
Or, to disable this warning, add the `allowVulnerableTags` option
and ensure you are accounting for this risk.

 @ https://ee.co.uk/shop_mobile/_next/static/chunks/25733-2091d58d50dec18c.js:0
[  126923ms] [WARNING] 

âš ď¸Ź Your `allowedTags` option includes, `style`, which is inherently
vulnerable to XSS attacks. Please remove it from `allowedTags`.
Or, to disable this warning, add the `allowVulnerableTags` option
and ensure you are accounting for this risk.

 @ https://ee.co.uk/shop_mobile/_next/static/chunks/25733-2091d58d50dec18c.js:0
[  126923ms] [WARNING] 

âš ď¸Ź Your `allowedTags` option includes, `style`, which is inherently
vulnerable to XSS attacks. Please remove it from `allowedTags`.
Or, to disable this warning, add the `allowVulnerableTags` option
and ensure you are accounting for this risk.

 @ https://ee.co.uk/shop_mobile/_next/static/chunks/25733-2091d58d50dec18c.js:0
[  126924ms] [WARNING] 

âš ď¸Ź Your `allowedTags` option includes, `style`, which is inherently
vulnerable to XSS attacks. Please remove it from `allowedTags`.
Or, to disable this warning, add the `allowVulnerableTags` option
and ensure you are accounting for this risk.

 @ https://ee.co.uk/shop_mobile/_next/static/chunks/25733-2091d58d50dec18c.js:0
[  126924ms] [WARNING] 

âš ď¸Ź Your `allowedTags` option includes, `style`, which is inherently
vulnerable to XSS attacks. Please remove it from `allowedTags`.
Or, to disable this warning, add the `allowVulnerableTags` option
and ensure you are accounting for this risk.

 @ https://ee.co.uk/shop_mobile/_next/static/chunks/25733-2091d58d50dec18c.js:0
[  126924ms] [WARNING] 

âš ď¸Ź Your `allowedTags` option includes, `style`, which is inherently
vulnerable to XSS attacks. Please remove it from `allowedTags`.
Or, to disable this warning, add the `allowVulnerableTags` option
and ensure you are accounting for this risk.

 @ https://ee.co.uk/shop_mobile/_next/static/chunks/25733-2091d58d50dec18c.js:0
[  126924ms] [WARNING] 

âš ď¸Ź Your `allowedTags` option includes, `style`, which is inherently
vulnerable to XSS attacks. Please remove it from `allowedTags`.
Or, to disable this warning, add the `allowVulnerableTags` option
and ensure you are accounting for this risk.

 @ https://ee.co.uk/shop_mobile/_next/static/chunks/25733-2091d58d50dec18c.js:0
[  126924ms] [WARNING] 

âš ď¸Ź Your `allowedTags` option includes, `style`, which is inherently
vulnerable to XSS attacks. Please remove it from `allowedTags`.
Or, to disable this warning, add the `allowVulnerableTags` option
and ensure you are accounting for this risk.

 @ https://ee.co.uk/shop_mobile/_next/static/chunks/25733-2091d58d50dec18c.js:0
[  126928ms] [WARNING] 

âš ď¸Ź Your `allowedTags` option includes, `style`, which is inherently
vulnerable to XSS attacks. Please remove it from `allowedTags`.
Or, to disable this warning, add the `allowVulnerableTags` option
and ensure you are accounting for this risk.

 @ https://ee.co.uk/shop_mobile/_next/static/chunks/25733-2091d58d50dec18c.js:0
[  126928ms] [WARNING] 

âš ď¸Ź Your `allowedTags` option includes, `style`, which is inherently
vulnerable to XSS attacks. Please remove it from `allowedTags`.
Or, to disable this warning, add the `allowVulnerableTags` option
and ensure you are accounting for this risk.

 @ https://ee.co.uk/shop_mobile/_next/static/chunks/25733-2091d58d50dec18c.js:0
[  126929ms] [WARNING] 

âš ď¸Ź Your `allowedTags` option includes, `style`, which is inherently
vulnerable to XSS attacks. Please remove it from `allowedTags`.
Or, to disable this warning, add the `allowVulnerableTags` option
and ensure you are accounting for this risk.

 @ https://ee.co.uk/shop_mobile/_next/static/chunks/25733-2091d58d50dec18c.js:0
[  126931ms] [WARNING] 

âš ď¸Ź Your `allowedTags` option includes, `style`, which is inherently
vulnerable to XSS attacks. Please remove it from `allowedTags`.
Or, to disable this warning, add the `allowVulnerableTags` option
and ensure you are accounting for this risk.

 @ https://ee.co.uk/shop_mobile/_next/static/chunks/25733-2091d58d50dec18c.js:0
[  126931ms] [WARNING] 

âš ď¸Ź Your `allowedTags` option includes, `style`, which is inherently
vulnerable to XSS attacks. Please remove it from `allowedTags`.
Or, to disable this warning, add the `allowVulnerableTags` option
and ensure you are accounting for this risk.

 @ https://ee.co.uk/shop_mobile/_next/static/chunks/25733-2091d58d50dec18c.js:0
[  126932ms] [WARNING] 

âš ď¸Ź Your `allowedTags` option includes, `style`, which is inherently
vulnerable to XSS attacks. Please remove it from `allowedTags`.
Or, to disable this warning, add the `allowVulnerableTags` option
and ensure you are accounting for this risk.

 @ https://ee.co.uk/shop_mobile/_next/static/chunks/25733-2091d58d50dec18c.js:0
[  126932ms] [WARNING] 

âš ď¸Ź Your `allowedTags` option includes, `style`, which is inherently
vulnerable to XSS attacks. Please remove it from `allowedTags`.
Or, to disable this warning, add the `allowVulnerableTags` option
and ensure you are accounting for this risk.

 @ https://ee.co.uk/shop_mobile/_next/static/chunks/25733-2091d58d50dec18c.js:0
[  126932ms] [WARNING] 

âš ď¸Ź Your `allowedTags` option includes, `style`, which is inherently
vulnerable to XSS attacks. Please remove it from `allowedTags`.
Or, to disable this warning, add the `allowVulnerableTags` option
and ensure you are accounting for this risk.

 @ https://ee.co.uk/shop_mobile/_next/static/chunks/25733-2091d58d50dec18c.js:0
[  126932ms] [WARNING] 

âš ď¸Ź Your `allowedTags` option includes, `style`, which is inherently
vulnerable to XSS attacks. Please remove it from `allowedTags`.
Or, to disable this warning, add the `allowVulnerableTags` option
and ensure you are accounting for this risk.

 @ https://ee.co.uk/shop_mobile/_next/static/chunks/25733-2091d58d50dec18c.js:0
[  126932ms] [WARNING] 

âš ď¸Ź Your `allowedTags` option includes, `style`, which is inherently
vulnerable to XSS attacks. Please remove it from `allowedTags`.
Or, to disable this warning, add the `allowVulnerableTags` option
and ensure you are accounting for this risk.

 @ https://ee.co.uk/shop_mobile/_next/static/chunks/25733-2091d58d50dec18c.js:0
[  126932ms] [WARNING] 

âš ď¸Ź Your `allowedTags` option includes, `style`, which is inherently
vulnerable to XSS attacks. Please remove it from `allowedTags`.
Or, to disable this warning, add the `allowVulnerableTags` option
and ensure you are accounting for this risk.

 @ https://ee.co.uk/shop_mobile/_next/static/chunks/25733-2091d58d50dec18c.js:0
[  126932ms] [WARNING] 

âš ď¸Ź Your `allowedTags` option includes, `style`, which is inherently
vulnerable to XSS attacks. Please remove it from `allowedTags`.
Or, to disable this warning, add the `allowVulnerableTags` option
and ensure you are accounting for this risk.

 @ https://ee.co.uk/shop_mobile/_next/static/chunks/25733-2091d58d50dec18c.js:0
[  126932ms] [WARNING] 

âš ď¸Ź Your `allowedTags` option includes, `style`, which is inherently
vulnerable to XSS attacks. Please remove it from `allowedTags`.
Or, to disable this warning, add the `allowVulnerableTags` option
and ensure you are accounting for this risk.

 @ https://ee.co.uk/shop_mobile/_next/static/chunks/25733-2091d58d50dec18c.js:0
[  126933ms] [WARNING] 

âš ď¸Ź Your `allowedTags` option includes, `style`, which is inherently
vulnerable to XSS attacks. Please remove it from `allowedTags`.
Or, to disable this warning, add the `allowVulnerableTags` option
and ensure you are accounting for this risk.

 @ https://ee.co.uk/shop_mobile/_next/static/chunks/25733-2091d58d50dec18c.js:0
[  126933ms] [WARNING] 

âš ď¸Ź Your `allowedTags` option includes, `style`, which is inherently
vulnerable to XSS attacks. Please remove it from `allowedTags`.
Or, to disable this warning, add the `allowVulnerableTags` option
and ensure you are accounting for this risk.

 @ https://ee.co.uk/shop_mobile/_next/static/chunks/25733-2091d58d50dec18c.js:0
[  126933ms] [WARNING] 

âš ď¸Ź Your `allowedTags` option includes, `style`, which is inherently
vulnerable to XSS attacks. Please remove it from `allowedTags`.
Or, to disable this warning, add the `allowVulnerableTags` option
and ensure you are accounting for this risk.

 @ https://ee.co.uk/shop_mobile/_next/static/chunks/25733-2091d58d50dec18c.js:0
[  126933ms] [WARNING] 

âš ď¸Ź Your `allowedTags` option includes, `style`, which is inherently
vulnerable to XSS attacks. Please remove it from `allowedTags`.
Or, to disable this warning, add the `allowVulnerableTags` option
and ensure you are accounting for this risk.

 @ https://ee.co.uk/shop_mobile/_next/static/chunks/25733-2091d58d50dec18c.js:0
[  126933ms] [WARNING] 

âš ď¸Ź Your `allowedTags` option includes, `style`, which is inherently
vulnerable to XSS attacks. Please remove it from `allowedTags`.
Or, to disable this warning, add the `allowVulnerableTags` option
and ensure you are accounting for this risk.

 @ https://ee.co.uk/shop_mobile/_next/static/chunks/25733-2091d58d50dec18c.js:0
[  126933ms] [WARNING] 

âš ď¸Ź Your `allowedTags` option includes, `style`, which is inherently
vulnerable to XSS attacks. Please remove it from `allowedTags`.
Or, to disable this warning, add the `allowVulnerableTags` option
and ensure you are accounting for this risk.

 @ https://ee.co.uk/shop_mobile/_next/static/chunks/25733-2091d58d50dec18c.js:0
[  126933ms] [WARNING] 

âš ď¸Ź Your `allowedTags` option includes, `style`, which is inherently
vulnerable to XSS attacks. Please remove it from `allowedTags`.
Or, to disable this warning, add the `allowVulnerableTags` option
and ensure you are accounting for this risk.

 @ https://ee.co.uk/shop_mobile/_next/static/chunks/25733-2091d58d50dec18c.js:0
[  126934ms] [WARNING] 

âš ď¸Ź Your `allowedTags` option includes, `style`, which is inherently
vulnerable to XSS attacks. Please remove it from `allowedTags`.
Or, to disable this warning, add the `allowVulnerableTags` option
and ensure you are accounting for this risk.

 @ https://ee.co.uk/shop_mobile/_next/static/chunks/25733-2091d58d50dec18c.js:0
[  126934ms] [WARNING] 

âš ď¸Ź Your `allowedTags` option includes, `style`, which is inherently
vulnerable to XSS attacks. Please remove it from `allowedTags`.
Or, to disable this warning, add the `allowVulnerableTags` option
and ensure you are accounting for this risk.

 @ https://ee.co.uk/shop_mobile/_next/static/chunks/25733-2091d58d50dec18c.js:0
[  126934ms] [WARNING] 

âš ď¸Ź Your `allowedTags` option includes, `style`, which is inherently
vulnerable to XSS attacks. Please remove it from `allowedTags`.
Or, to disable this warning, add the `allowVulnerableTags` option
and ensure you are accounting for this risk.

 @ https://ee.co.uk/shop_mobile/_next/static/chunks/25733-2091d58d50dec18c.js:0
[  126934ms] [WARNING] 

âš ď¸Ź Your `allowedTags` option includes, `style`, which is inherently
vulnerable to XSS attacks. Please remove it from `allowedTags`.
Or, to disable this warning, add the `allowVulnerableTags` option
and ensure you are accounting for this risk.

 @ https://ee.co.uk/shop_mobile/_next/static/chunks/25733-2091d58d50dec18c.js:0
[  126934ms] [WARNING] 

âš ď¸Ź Your `allowedTags` option includes, `style`, which is inherently
vulnerable to XSS attacks. Please remove it from `allowedTags`.
Or, to disable this warning, add the `allowVulnerableTags` option
and ensure you are accounting for this risk.

 @ https://ee.co.uk/shop_mobile/_next/static/chunks/25733-2091d58d50dec18c.js:0
[  126934ms] [WARNING] 

âš ď¸Ź Your `allowedTags` option includes, `style`, which is inherently
vulnerable to XSS attacks. Please remove it from `allowedTags`.
Or, to disable this warning, add the `allowVulnerableTags` option
and ensure you are accounting for this risk.

 @ https://ee.co.uk/shop_mobile/_next/static/chunks/25733-2091d58d50dec18c.js:0
[  126950ms] [WARNING] 

âš ď¸Ź Your `allowedTags` option includes, `style`, which is inherently
vulnerable to XSS attacks. Please remove it from `allowedTags`.
Or, to disable this warning, add the `allowVulnerableTags` option
and ensure you are accounting for this risk.

 @ https://ee.co.uk/shop_mobile/_next/static/chunks/25733-2091d58d50dec18c.js:0
[  126950ms] [WARNING] 

âš ď¸Ź Your `allowedTags` option includes, `style`, which is inherently
vulnerable to XSS attacks. Please remove it from `allowedTags`.
Or, to disable this warning, add the `allowVulnerableTags` option
and ensure you are accounting for this risk.

 @ https://ee.co.uk/shop_mobile/_next/static/chunks/25733-2091d58d50dec18c.js:0
[  126950ms] [WARNING] 

âš ď¸Ź Your `allowedTags` option includes, `style`, which is inherently
vulnerable to XSS attacks. Please remove it from `allowedTags`.
Or, to disable this warning, add the `allowVulnerableTags` option
and ensure you are accounting for this risk.

 @ https://ee.co.uk/shop_mobile/_next/static/chunks/25733-2091d58d50dec18c.js:0
[  126951ms] [WARNING] 

âš ď¸Ź Your `allowedTags` option includes, `style`, which is inherently
vulnerable to XSS attacks. Please remove it from `allowedTags`.
Or, to disable this warning, add the `allowVulnerableTags` option
and ensure you are accounting for this risk.

 @ https://ee.co.uk/shop_mobile/_next/static/chunks/25733-2091d58d50dec18c.js:0
[  126951ms] [WARNING] 

âš ď¸Ź Your `allowedTags` option includes, `style`, which is inherently
vulnerable to XSS attacks. Please remove it from `allowedTags`.
Or, to disable this warning, add the `allowVulnerableTags` option
and ensure you are accounting for this risk.

 @ https://ee.co.uk/shop_mobile/_next/static/chunks/25733-2091d58d50dec18c.js:0
[  126951ms] [WARNING] 

âš ď¸Ź Your `allowedTags` option includes, `style`, which is inherently
vulnerable to XSS attacks. Please remove it from `allowedTags`.
Or, to disable this warning, add the `allowVulnerableTags` option
and ensure you are accounting for this risk.

 @ https://ee.co.uk/shop_mobile/_next/static/chunks/25733-2091d58d50dec18c.js:0
[  126951ms] [WARNING] 

âš ď¸Ź Your `allowedTags` option includes, `style`, which is inherently
vulnerable to XSS attacks. Please remove it from `allowedTags`.
Or, to disable this warning, add the `allowVulnerableTags` option
and ensure you are accounting for this risk.

 @ https://ee.co.uk/shop_mobile/_next/static/chunks/25733-2091d58d50dec18c.js:0
[  126951ms] [WARNING] 

âš ď¸Ź Your `allowedTags` option includes, `style`, which is inherently
vulnerable to XSS attacks. Please remove it from `allowedTags`.
Or, to disable this warning, add the `allowVulnerableTags` option
and ensure you are accounting for this risk.

 @ https://ee.co.uk/shop_mobile/_next/static/chunks/25733-2091d58d50dec18c.js:0
[  126951ms] [WARNING] 

âš ď¸Ź Your `allowedTags` option includes, `style`, which is inherently
vulnerable to XSS attacks. Please remove it from `allowedTags`.
Or, to disable this warning, add the `allowVulnerableTags` option
and ensure you are accounting for this risk.

 @ https://ee.co.uk/shop_mobile/_next/static/chunks/25733-2091d58d50dec18c.js:0
[  127037ms] [INFO] UPDATE MINI BASKET 1.12.0 @ https://ee.co.uk/exp/ge/bundle-contents-hydrate.js?8f6e21a784dea80c72ef8d8fd9244558:15068
[  127270ms] [ERROR] Failed to load resource: net::ERR_CONNECTION_RESET @ https://aax-eu.amazon-adsystem.com/s/iu3?pid=cc23b900-ed11-4f20-aa04-0557e214924a&event=PageView&match_id=1199830439.1783420655&clientDedupeId=57dbce4ef8bd27d5-PageView&page_url=https___ee.co.uk_mobile_pay-monthly-phones-gallery_iphone-17-pro-max-details&ts=1783420771367&eventSource=amzn.js&uuid=71e09737-d5d2-4508-9d9c-fe10cd016ab8:0
[  127270ms] [WARNING] Event request via fetch failed, reverting to iframe @ https://c.amazon-adsystem.com/aat/amzn.js:1
[  127400ms] [INFO] UPDATE MINI BASKET 1.12.0 @ https://ee.co.uk/exp/ge/bundle-contents-hydrate.js?8f6e21a784dea80c72ef8d8fd9244558:15068
[  127401ms] [INFO] UPDATE MINI BASKET 1.12.0 @ https://ee.co.uk/exp/ge/bundle-contents-hydrate.js?8f6e21a784dea80c72ef8d8fd9244558:15068
[  127402ms] [INFO] UPDATE MINI BASKET 1.12.0 @ https://ee.co.uk/exp/ge/bundle-contents-hydrate.js?8f6e21a784dea80c72ef8d8fd9244558:15068
[  127403ms] [INFO] UPDATE MINI BASKET 1.12.0 @ https://ee.co.uk/exp/ge/bundle-contents-hydrate.js?8f6e21a784dea80c72ef8d8fd9244558:15068
[  127642ms] [WARNING] 

âš ď¸Ź Your `allowedTags` option includes, `style`, which is inherently
vulnerable to XSS attacks. Please remove it from `allowedTags`.
Or, to disable this warning, add the `allowVulnerableTags` option
and ensure you are accounting for this risk.

 @ https://ee.co.uk/shop_mobile/_next/static/chunks/25733-2091d58d50dec18c.js:0
[  130514ms] [ERROR] Access to XMLHttpRequest at 'https://jnn-pa.googleapis.com/$rpc/google.internal.waa.v1.Waa/GenerateIT' from origin 'https://www.youtube-nocookie.com' has been blocked by CORS policy: Permission was denied for this request to access the `local` address space. @ https://www.youtube-nocookie.com/embed/az4WYzgYnPU:0
[  130515ms] [ERROR] Failed to load resource: net::ERR_FAILED @ https://jnn-pa.googleapis.com/$rpc/google.internal.waa.v1.Waa/GenerateIT:0
[  130759ms] [ERROR] Access to XMLHttpRequest at 'https://jnn-pa.googleapis.com/$rpc/google.internal.waa.v1.Waa/GenerateIT' from origin 'https://www.youtube-nocookie.com' has been blocked by CORS policy: Permission was denied for this request to access the `local` address space. @ https://www.youtube-nocookie.com/embed/az4WYzgYnPU:0
[  130759ms] [ERROR] Failed to load resource: net::ERR_FAILED @ https://jnn-pa.googleapis.com/$rpc/google.internal.waa.v1.Waa/GenerateIT:0
[  131200ms] [ERROR] Access to XMLHttpRequest at 'https://jnn-pa.googleapis.com/$rpc/google.internal.waa.v1.Waa/GenerateIT' from origin 'https://www.youtube-nocookie.com' has been blocked by CORS policy: Permission was denied for this request to access the `local` address space. @ https://www.youtube-nocookie.com/embed/az4WYzgYnPU:0
[  131200ms] [ERROR] Failed to load resource: net::ERR_FAILED @ https://jnn-pa.googleapis.com/$rpc/google.internal.waa.v1.Waa/GenerateIT:0
[  131935ms] [ERROR] Access to XMLHttpRequest at 'https://jnn-pa.googleapis.com/$rpc/google.internal.waa.v1.Waa/GenerateIT' from origin 'https://www.youtube-nocookie.com' has been blocked by CORS policy: Permission was denied for this request to access the `local` address space. @ https://www.youtube-nocookie.com/embed/az4WYzgYnPU:0
[  131935ms] [ERROR] Failed to load resource: net::ERR_FAILED @ https://jnn-pa.googleapis.com/$rpc/google.internal.waa.v1.Waa/GenerateIT:0
[  133159ms] [ERROR] Access to XMLHttpRequest at 'https://jnn-pa.googleapis.com/$rpc/google.internal.waa.v1.Waa/GenerateIT' from origin 'https://www.youtube-nocookie.com' has been blocked by CORS policy: Permission was denied for this request to access the `local` address space. @ https://www.youtube-nocookie.com/embed/az4WYzgYnPU:0
[  133159ms] [ERROR] Failed to load resource: net::ERR_FAILED @ https://jnn-pa.googleapis.com/$rpc/google.internal.waa.v1.Waa/GenerateIT:0
[  136459ms] [ERROR] Access to XMLHttpRequest at 'https://jnn-pa.googleapis.com/$rpc/google.internal.waa.v1.Waa/GenerateIT' from origin 'https://www.youtube-nocookie.com' has been blocked by CORS policy: Permission was denied for this request to access the `local` address space. @ https://www.youtube-nocookie.com/embed/az4WYzgYnPU:0
[  136459ms] [ERROR] Failed to load resource: net::ERR_FAILED @ https://jnn-pa.googleapis.com/$rpc/google.internal.waa.v1.Waa/GenerateIT:0
[  141317ms] [ERROR] Access to XMLHttpRequest at 'https://jnn-pa.googleapis.com/$rpc/google.internal.waa.v1.Waa/GenerateIT' from origin 'https://www.youtube-nocookie.com' has been blocked by CORS policy: Permission was denied for this request to access the `local` address space. @ https://www.youtube-nocookie.com/embed/az4WYzgYnPU:0
[  141317ms] [ERROR] Failed to load resource: net::ERR_FAILED @ https://jnn-pa.googleapis.com/$rpc/google.internal.waa.v1.Waa/GenerateIT:0
[  144319ms] [WARNING] The resource https://ee.co.uk/etc.clientlibs/settings/wcm/designs/ee-common-2015/clientlibs_base/resources/fonts/rubrik_regular.woff was preloaded using link preload but not used within a few seconds from the window's load event. Please make sure it has an appropriate `as` value and it is preloaded intentionally. @ https://ee.co.uk/mobile/pay-monthly-phones-gallery/iphone-17-pro-max-details:0
[  144320ms] [WARNING] The resource https://ee.co.uk/etc.clientlibs/settings/wcm/designs/ee-common-2015/clientlibs_base/resources/fonts/rubrik_semibold.woff was preloaded using link preload but not used within a few seconds from the window's load event. Please make sure it has an appropriate `as` value and it is preloaded intentionally. @ https://ee.co.uk/mobile/pay-monthly-phones-gallery/iphone-17-pro-max-details:0
[  156408ms] [ERROR] Access to XMLHttpRequest at 'https://jnn-pa.googleapis.com/$rpc/google.internal.waa.v1.Waa/GenerateIT' from origin 'https://www.youtube-nocookie.com' has been blocked by CORS policy: Permission was denied for this request to access the `local` address space. @ https://www.youtube-nocookie.com/embed/az4WYzgYnPU:0
[  156408ms] [ERROR] Failed to load resource: net::ERR_FAILED @ https://jnn-pa.googleapis.com/$rpc/google.internal.waa.v1.Waa/GenerateIT:0
[  159410ms] [WARNING] The resource https://ee.co.uk/etc.clientlibs/settings/wcm/designs/ee-common-2015/clientlibs_base/resources/fonts/rubrik_regular.woff was preloaded using link preload but not used within a few seconds from the window's load event. Please make sure it has an appropriate `as` value and it is preloaded intentionally. @ https://ee.co.uk/mobile/pay-monthly-phones-gallery/iphone-17-pro-max-details:0
[  159410ms] [WARNING] The resource https://ee.co.uk/etc.clientlibs/settings/wcm/designs/ee-common-2015/clientlibs_base/resources/fonts/rubrik_semibold.woff was preloaded using link preload but not used within a few seconds from the window's load event. Please make sure it has an appropriate `as` value and it is preloaded intentionally. @ https://ee.co.uk/mobile/pay-monthly-phones-gallery/iphone-17-pro-max-details:0
[  164677ms] [WARNING] The resource https://ee.co.uk/etc.clientlibs/settings/wcm/designs/ee-common-2015/clientlibs_base/resources/fonts/rubrik_regular.woff was preloaded using link preload but not used within a few seconds from the window's load event. Please make sure it has an appropriate `as` value and it is preloaded intentionally. @ https://ee.co.uk/mobile/pay-monthly-phones-gallery/iphone-17-pro-max-details:0
[  164677ms] [WARNING] The resource https://ee.co.uk/etc.clientlibs/settings/wcm/designs/ee-common-2015/clientlibs_base/resources/fonts/rubrik_semibold.woff was preloaded using link preload but not used within a few seconds from the window's load event. Please make sure it has an appropriate `as` value and it is preloaded intentionally. @ https://ee.co.uk/mobile/pay-monthly-phones-gallery/iphone-17-pro-max-details:0
[  181729ms] [WARNING]  [33m[1mâš [22m[39m Runtime config is deprecated and will be removed in Next.js 16. Please remove the usage of "next/config" from your project. @ https://ee.co.uk/shop_mobile/_next/static/chunks/pages/_app-5db325b61ed12ccf.js:30
[  181815ms] [WARNING] 

âš ď¸Ź Your `allowedTags` option includes, `style`, which is inherently
vulnerable to XSS attacks. Please remove it from `allowedTags`.
Or, to disable this warning, add the `allowVulnerableTags` option
and ensure you are accounting for this risk.

 @ https://ee.co.uk/shop_mobile/_next/static/chunks/25733-2091d58d50dec18c.js:0
[  181816ms] [WARNING] 

âš ď¸Ź Your `allowedTags` option includes, `style`, which is inherently
vulnerable to XSS attacks. Please remove it from `allowedTags`.
Or, to disable this warning, add the `allowVulnerableTags` option
and ensure you are accounting for this risk.

 @ https://ee.co.uk/shop_mobile/_next/static/chunks/25733-2091d58d50dec18c.js:0
[  181819ms] [WARNING] 

âš ď¸Ź Your `allowedTags` option includes, `style`, which is inherently
vulnerable to XSS attacks. Please remove it from `allowedTags`.
Or, to disable this warning, add the `allowVulnerableTags` option
and ensure you are accounting for this risk.

 @ https://ee.co.uk/shop_mobile/_next/static/chunks/25733-2091d58d50dec18c.js:0
[  181826ms] Error: Minified React error #418; visit https://react.dev/errors/418?args[]=text&args[]= for the full message or use the non-minified dev environment for full errors and additional helpful warnings.
    at rO (https://ee.co.uk/shop_mobile/_next/static/chunks/framework-362268fe6de55927.js:1:46046)
    at https://ee.co.uk/shop_mobile/_next/static/chunks/framework-362268fe6de55927.js:1:132148
    at sC (https://ee.co.uk/shop_mobile/_next/static/chunks/framework-362268fe6de55927.js:1:135452)
    at sw (https://ee.co.uk/shop_mobile/_next/static/chunks/framework-362268fe6de55927.js:1:127240)
    at https://ee.co.uk/shop_mobile/_next/static/chunks/framework-362268fe6de55927.js:1:127024
    at sS (https://ee.co.uk/shop_mobile/_next/static/chunks/framework-362268fe6de55927.js:1:127032)
    at sc (https://ee.co.uk/shop_mobile/_next/static/chunks/framework-362268fe6de55927.js:1:122407)
    at sJ (https://ee.co.uk/shop_mobile/_next/static/chunks/framework-362268fe6de55927.js:1:145545)
    at MessagePort._ (https://ee.co.uk/shop_mobile/_next/static/chunks/framework-362268fe6de55927.js:1:9028)
[  181956ms] [INFO] AIMEE is enabled with Version 1.1.53 @ https://ee.co.uk/exp/ge/bundle-contents-hydrate.js?8f6e21a784dea80c72ef8d8fd9244558:45999
[  181962ms] [INFO] UPDATE MINI BASKET 1.12.0 @ https://ee.co.uk/exp/ge/bundle-contents-hydrate.js?8f6e21a784dea80c72ef8d8fd9244558:15068
[  182124ms] [LOG] Call to dtrum.enable() had no effect since RUM JavaScript agent was already enabled or opt-in mode was not active! @ https://ee.co.uk/ruxitagentjs_ICA15789NPRTUVXfghlqrux_10339260603164134.js:175
[  182216ms] [LOG] [AAT] Region explicitly set to EU @ https://c.amazon-adsystem.com/aat/amzn.js:1
[  182274ms] [LOG] 30% Discount Plan Filter: URL monitoring started... @ :103
[  182313ms] [INFO] AIMEE is enabled with Version 1.1.53 @ https://ee.co.uk/exp/ge/bundle-contents-hydrate.js?8f6e21a784dea80c72ef8d8fd9244558:45999
[  182384ms] [ERROR] Failed to load resource: net::ERR_CONNECTION_RESET @ https://aax-eu.amazon-adsystem.com/s/iu3?pid=cc23b900-ed11-4f20-aa04-0557e214924a&event=PageView&match_id=1199830439.1783420655&clientDedupeId=0eefd44fe9531771-PageView&page_url=https___ee.co.uk_mobile_pay-monthly-phones-gallery_apple-iphone&ts=1783420827039&eventSource=amzn.js&uuid=47bcfe9f-af31-450a-947d-cd417bfba0aa:0
[  182384ms] [WARNING] Event request via fetch failed, reverting to iframe @ https://c.amazon-adsystem.com/aat/amzn.js:1
[  182448ms] [INFO] UPDATE MINI BASKET 1.12.0 @ https://ee.co.uk/exp/ge/bundle-contents-hydrate.js?8f6e21a784dea80c72ef8d8fd9244558:15068
[  182877ms] [INFO] UPDATE MINI BASKET 1.12.0 @ https://ee.co.uk/exp/ge/bundle-contents-hydrate.js?8f6e21a784dea80c72ef8d8fd9244558:15068
[  182880ms] [INFO] UPDATE MINI BASKET 1.12.0 @ https://ee.co.uk/exp/ge/bundle-contents-hydrate.js?8f6e21a784dea80c72ef8d8fd9244558:15068
[  182882ms] [INFO] UPDATE MINI BASKET 1.12.0 @ https://ee.co.uk/exp/ge/bundle-contents-hydrate.js?8f6e21a784dea80c72ef8d8fd9244558:15068
[  182883ms] [INFO] UPDATE MINI BASKET 1.12.0 @ https://ee.co.uk/exp/ge/bundle-contents-hydrate.js?8f6e21a784dea80c72ef8d8fd9244558:15068
[  187014ms] [WARNING] The resource https://ee.co.uk/etc.clientlibs/settings/wcm/designs/ee-common-2015/clientlibs_base/resources/fonts/rubrik_regular.woff was preloaded using link preload but not used within a few seconds from the window's load event. Please make sure it has an appropriate `as` value and it is preloaded intentionally. @ https://ee.co.uk/mobile/pay-monthly-phones-gallery/apple-iphone:0
[  187014ms] [WARNING] The resource https://ee.co.uk/etc.clientlibs/settings/wcm/designs/ee-common-2015/clientlibs_base/resources/fonts/rubrik_semibold.woff was preloaded using link preload but not used within a few seconds from the window's load event. Please make sure it has an appropriate `as` value and it is preloaded intentionally. @ https://ee.co.uk/mobile/pay-monthly-phones-gallery/apple-iphone:0
[  195655ms] [LOG] Exit intent detected (top of browser) @ https://smct.co/tm/?t=ee.co.uk:668
[  205895ms] [WARNING] The resource https://ee.co.uk/etc.clientlibs/settings/wcm/designs/ee-common-2015/clientlibs_base/resources/fonts/rubrik_regular.woff was preloaded using link preload but not used within a few seconds from the window's load event. Please make sure it has an appropriate `as` value and it is preloaded intentionally. @ https://ee.co.uk/mobile/pay-monthly-phones-gallery/apple-iphone:0
[  205896ms] [WARNING] The resource https://ee.co.uk/etc.clientlibs/settings/wcm/designs/ee-common-2015/clientlibs_base/resources/fonts/rubrik_semibold.woff was preloaded using link preload but not used within a few seconds from the window's load event. Please make sure it has an appropriate `as` value and it is preloaded intentionally. @ https://ee.co.uk/mobile/pay-monthly-phones-gallery/apple-iphone:0
[  209998ms] [WARNING] The resource https://ee.co.uk/etc.clientlibs/settings/wcm/designs/ee-common-2015/clientlibs_base/resources/fonts/rubrik_regular.woff was preloaded using link preload but not used within a few seconds from the window's load event. Please make sure it has an appropriate `as` value and it is preloaded intentionally. @ https://ee.co.uk/mobile/pay-monthly-phones-gallery/apple-iphone:0
[  209999ms] [WARNING] The resource https://ee.co.uk/etc.clientlibs/settings/wcm/designs/ee-common-2015/clientlibs_base/resources/fonts/rubrik_semibold.woff was preloaded using link preload but not used within a few seconds from the window's load event. Please make sure it has an appropriate `as` value and it is preloaded intentionally. @ https://ee.co.uk/mobile/pay-monthly-phones-gallery/apple-iphone:0
