[    2173ms] [LOG] 30% Discount Plan Filter: URL monitoring started... @ :103
[    2180ms] TypeError: Failed to execute 'observe' on 'MutationObserver': parameter 1 is not of type 'Node'.
    at <anonymous>:157:61
    at <anonymous>:164:3
    at C (https://assets.adobedtm.com/468fd5a0b220/f1dd5ada620a/launch-ENc69d733bf4824e17ac296b1064825816.min.js:8:1504)
    at https://assets.adobedtm.com/468fd5a0b220/f1dd5ada620a/launch-ENc69d733bf4824e17ac296b1064825816.min.js:8:14777
    at x (https://assets.adobedtm.com/468fd5a0b220/f1dd5ada620a/launch-ENc69d733bf4824e17ac296b1064825816.min.js:8:1264)
    at https://assets.adobedtm.com/468fd5a0b220/f1dd5ada620a/launch-ENc69d733bf4824e17ac296b1064825816.min.js:8:14659
    at Array.forEach (<anonymous>)
    at HTMLHeadElement.<anonymous> (https://assets.adobedtm.com/468fd5a0b220/f1dd5ada620a/launch-ENc69d733bf4824e17ac296b1064825816.min.js:8:14451)
    at h.each (https://assets.adobedtm.com/468fd5a0b220/f1dd5ada620a/launch-ENc69d733bf4824e17ac296b1064825816.min.js:8:6297)
    at z.forEach.S.fn.<computed> [as append] (https://assets.adobedtm.com/468fd5a0b220/f1dd5ada620a/launch-ENc69d733bf4824e17ac296b1064825816.min.js:8:14248)
[    2635ms] [LOG] [AAT] Region explicitly set to EU @ https://c.amazon-adsystem.com/aat/amzn.js:1
[    3207ms] [WARNING]  [33m[1m⚠[22m[39m Runtime config is deprecated and will be removed in Next.js 16. Please remove the usage of "next/config" from your project. @ https://ee.co.uk/shop_mobile/_next/static/chunks/pages/_app-5db325b61ed12ccf.js:30
[    3298ms] [WARNING] 

⚠️ Your `allowedTags` option includes, `style`, which is inherently
vulnerable to XSS attacks. Please remove it from `allowedTags`.
Or, to disable this warning, add the `allowVulnerableTags` option
and ensure you are accounting for this risk.

 @ https://ee.co.uk/shop_mobile/_next/static/chunks/25733-2091d58d50dec18c.js:0
[    3299ms] [WARNING] 

⚠️ Your `allowedTags` option includes, `style`, which is inherently
vulnerable to XSS attacks. Please remove it from `allowedTags`.
Or, to disable this warning, add the `allowVulnerableTags` option
and ensure you are accounting for this risk.

 @ https://ee.co.uk/shop_mobile/_next/static/chunks/25733-2091d58d50dec18c.js:0
[    3303ms] [WARNING] 

⚠️ Your `allowedTags` option includes, `style`, which is inherently
vulnerable to XSS attacks. Please remove it from `allowedTags`.
Or, to disable this warning, add the `allowVulnerableTags` option
and ensure you are accounting for this risk.

 @ https://ee.co.uk/shop_mobile/_next/static/chunks/25733-2091d58d50dec18c.js:0
[    3323ms] Error: Minified React error #418; visit https://react.dev/errors/418?args[]=text&args[]= for the full message or use the non-minified dev environment for full errors and additional helpful warnings.
    at rO (https://ee.co.uk/shop_mobile/_next/static/chunks/framework-362268fe6de55927.js:1:46046)
    at https://ee.co.uk/shop_mobile/_next/static/chunks/framework-362268fe6de55927.js:1:132148
    at sC (https://ee.co.uk/shop_mobile/_next/static/chunks/framework-362268fe6de55927.js:1:135452)
    at sw (https://ee.co.uk/shop_mobile/_next/static/chunks/framework-362268fe6de55927.js:1:127240)
    at https://ee.co.uk/shop_mobile/_next/static/chunks/framework-362268fe6de55927.js:1:127024
    at sS (https://ee.co.uk/shop_mobile/_next/static/chunks/framework-362268fe6de55927.js:1:127032)
    at sc (https://ee.co.uk/shop_mobile/_next/static/chunks/framework-362268fe6de55927.js:1:122407)
    at sJ (https://ee.co.uk/shop_mobile/_next/static/chunks/framework-362268fe6de55927.js:1:145545)
    at MessagePort._ (https://ee.co.uk/shop_mobile/_next/static/chunks/framework-362268fe6de55927.js:1:9028)
[    3441ms] [INFO] AIMEE is enabled with Version 1.1.53 @ https://ee.co.uk/exp/ge/bundle-contents-hydrate.js?8f6e21a784dea80c72ef8d8fd9244558:45999
[    3453ms] [INFO] UPDATE MINI BASKET 1.12.0 @ https://ee.co.uk/exp/ge/bundle-contents-hydrate.js?8f6e21a784dea80c72ef8d8fd9244558:15068
[    3520ms] [LOG] Call to dtrum.enable() had no effect since RUM JavaScript agent was already enabled or opt-in mode was not active! @ https://ee.co.uk/ruxitagentjs_ICA15789NPRTUVXfghlqrux_10339260603164134.js:175
[    3654ms] [ERROR] Failed to load resource: net::ERR_CONNECTION_RESET @ https://aax-eu.amazon-adsystem.com/s/iu3?pid=cc23b900-ed11-4f20-aa04-0557e214924a&event=PageView&match_id=1199830439.1783420655&clientDedupeId=3a605c449a3ebea4-PageView&page_url=https___ee.co.uk_mobile_pay-monthly-phones-gallery_samsung-galaxy&ts=1783422182974&eventSource=amzn.js&uuid=d2c6c79f-7fde-4e11-9cb4-2dff010176c8:0
[    3654ms] [WARNING] Event request via fetch failed, reverting to iframe @ https://c.amazon-adsystem.com/aat/amzn.js:1
[    3913ms] [INFO] AIMEE is enabled with Version 1.1.53 @ https://ee.co.uk/exp/ge/bundle-contents-hydrate.js?8f6e21a784dea80c72ef8d8fd9244558:45999
[    4356ms] [INFO] UPDATE MINI BASKET 1.12.0 @ https://ee.co.uk/exp/ge/bundle-contents-hydrate.js?8f6e21a784dea80c72ef8d8fd9244558:15068
[    4723ms] [INFO] UPDATE MINI BASKET 1.12.0 @ https://ee.co.uk/exp/ge/bundle-contents-hydrate.js?8f6e21a784dea80c72ef8d8fd9244558:15068
[    4725ms] [INFO] UPDATE MINI BASKET 1.12.0 @ https://ee.co.uk/exp/ge/bundle-contents-hydrate.js?8f6e21a784dea80c72ef8d8fd9244558:15068
[    4725ms] [INFO] UPDATE MINI BASKET 1.12.0 @ https://ee.co.uk/exp/ge/bundle-contents-hydrate.js?8f6e21a784dea80c72ef8d8fd9244558:15068
[    4726ms] [INFO] UPDATE MINI BASKET 1.12.0 @ https://ee.co.uk/exp/ge/bundle-contents-hydrate.js?8f6e21a784dea80c72ef8d8fd9244558:15068
[    8489ms] [WARNING] The resource https://ee.co.uk/etc.clientlibs/settings/wcm/designs/ee-common-2015/clientlibs_base/resources/fonts/rubrik_regular.woff was preloaded using link preload but not used within a few seconds from the window's load event. Please make sure it has an appropriate `as` value and it is preloaded intentionally. @ https://ee.co.uk/mobile/pay-monthly-phones-gallery/samsung-galaxy:0
[    8489ms] [WARNING] The resource https://ee.co.uk/etc.clientlibs/settings/wcm/designs/ee-common-2015/clientlibs_base/resources/fonts/rubrik_semibold.woff was preloaded using link preload but not used within a few seconds from the window's load event. Please make sure it has an appropriate `as` value and it is preloaded intentionally. @ https://ee.co.uk/mobile/pay-monthly-phones-gallery/samsung-galaxy:0
[   17246ms] [WARNING] The resource https://ee.co.uk/etc.clientlibs/settings/wcm/designs/ee-common-2015/clientlibs_base/resources/fonts/rubrik_regular.woff was preloaded using link preload but not used within a few seconds from the window's load event. Please make sure it has an appropriate `as` value and it is preloaded intentionally. @ https://ee.co.uk/mobile/pay-monthly-phones-gallery/samsung-galaxy:0
[   17246ms] [WARNING] The resource https://ee.co.uk/etc.clientlibs/settings/wcm/designs/ee-common-2015/clientlibs_base/resources/fonts/rubrik_semibold.woff was preloaded using link preload but not used within a few seconds from the window's load event. Please make sure it has an appropriate `as` value and it is preloaded intentionally. @ https://ee.co.uk/mobile/pay-monthly-phones-gallery/samsung-galaxy:0
