[    2364ms] [LOG] 30% Discount Plan Filter: URL monitoring started... @ :103
[    2374ms] TypeError: Failed to execute 'observe' on 'MutationObserver': parameter 1 is not of type 'Node'.
    at <anonymous>:157:61
    at <anonymous>:164:3
    at C (https://assets.adobedtm.com/468fd5a0b220/f1dd5ada620a/launch-ENc69d733bf4824e17ac296b1064825816.min.js:8:1504)
    at https://assets.adobedtm.com/468fd5a0b220/f1dd5ada620a/launch-ENc69d733bf4824e17ac296b1064825816.min.js:8:14777
    at x (https://assets.adobedtm.com/468fd5a0b220/f1dd5ada620a/launch-ENc69d733bf4824e17ac296b1064825816.min.js:8:1264)
    at https://assets.adobedtm.com/468fd5a0b220/f1dd5ada620a/launch-ENc69d733bf4824e17ac296b1064825816.min.js:8:14659
    at Array.forEach (<anonymous>)
    at HTMLHeadElement.<anonymous> (https://assets.adobedtm.com/468fd5a0b220/f1dd5ada620a/launch-ENc69d733bf4824e17ac296b1064825816.min.js:8:14451)
    at h.each (https://assets.adobedtm.com/468fd5a0b220/f1dd5ada620a/launch-ENc69d733bf4824e17ac296b1064825816.min.js:8:6297)
    at z.forEach.S.fn.<computed> [as append] (https://assets.adobedtm.com/468fd5a0b220/f1dd5ada620a/launch-ENc69d733bf4824e17ac296b1064825816.min.js:8:14248)
[    4328ms] [WARNING]  [33m[1m⚠[22m[39m Runtime config is deprecated and will be removed in Next.js 16. Please remove the usage of "next/config" from your project. @ https://ee.co.uk/shop_mobile/_next/static/chunks/pages/_app-5db325b61ed12ccf.js:30
[    4449ms] [WARNING] 

⚠️ Your `allowedTags` option includes, `style`, which is inherently
vulnerable to XSS attacks. Please remove it from `allowedTags`.
Or, to disable this warning, add the `allowVulnerableTags` option
and ensure you are accounting for this risk.

 @ https://ee.co.uk/shop_mobile/_next/static/chunks/25733-2091d58d50dec18c.js:0
[    4450ms] [WARNING] 

⚠️ Your `allowedTags` option includes, `style`, which is inherently
vulnerable to XSS attacks. Please remove it from `allowedTags`.
Or, to disable this warning, add the `allowVulnerableTags` option
and ensure you are accounting for this risk.

 @ https://ee.co.uk/shop_mobile/_next/static/chunks/25733-2091d58d50dec18c.js:0
[    4451ms] [WARNING] 

⚠️ Your `allowedTags` option includes, `style`, which is inherently
vulnerable to XSS attacks. Please remove it from `allowedTags`.
Or, to disable this warning, add the `allowVulnerableTags` option
and ensure you are accounting for this risk.

 @ https://ee.co.uk/shop_mobile/_next/static/chunks/25733-2091d58d50dec18c.js:0
[    4451ms] [WARNING] 

⚠️ Your `allowedTags` option includes, `style`, which is inherently
vulnerable to XSS attacks. Please remove it from `allowedTags`.
Or, to disable this warning, add the `allowVulnerableTags` option
and ensure you are accounting for this risk.

 @ https://ee.co.uk/shop_mobile/_next/static/chunks/25733-2091d58d50dec18c.js:0
[    4451ms] [WARNING] 

⚠️ Your `allowedTags` option includes, `style`, which is inherently
vulnerable to XSS attacks. Please remove it from `allowedTags`.
Or, to disable this warning, add the `allowVulnerableTags` option
and ensure you are accounting for this risk.

 @ https://ee.co.uk/shop_mobile/_next/static/chunks/25733-2091d58d50dec18c.js:0
[    4451ms] [WARNING] 

⚠️ Your `allowedTags` option includes, `style`, which is inherently
vulnerable to XSS attacks. Please remove it from `allowedTags`.
Or, to disable this warning, add the `allowVulnerableTags` option
and ensure you are accounting for this risk.

 @ https://ee.co.uk/shop_mobile/_next/static/chunks/25733-2091d58d50dec18c.js:0
[    4451ms] [WARNING] 

⚠️ Your `allowedTags` option includes, `style`, which is inherently
vulnerable to XSS attacks. Please remove it from `allowedTags`.
Or, to disable this warning, add the `allowVulnerableTags` option
and ensure you are accounting for this risk.

 @ https://ee.co.uk/shop_mobile/_next/static/chunks/25733-2091d58d50dec18c.js:0
[    4451ms] [WARNING] 

⚠️ Your `allowedTags` option includes, `style`, which is inherently
vulnerable to XSS attacks. Please remove it from `allowedTags`.
Or, to disable this warning, add the `allowVulnerableTags` option
and ensure you are accounting for this risk.

 @ https://ee.co.uk/shop_mobile/_next/static/chunks/25733-2091d58d50dec18c.js:0
[    4452ms] [WARNING] 

⚠️ Your `allowedTags` option includes, `style`, which is inherently
vulnerable to XSS attacks. Please remove it from `allowedTags`.
Or, to disable this warning, add the `allowVulnerableTags` option
and ensure you are accounting for this risk.

 @ https://ee.co.uk/shop_mobile/_next/static/chunks/25733-2091d58d50dec18c.js:0
[    4452ms] [WARNING] 

⚠️ Your `allowedTags` option includes, `style`, which is inherently
vulnerable to XSS attacks. Please remove it from `allowedTags`.
Or, to disable this warning, add the `allowVulnerableTags` option
and ensure you are accounting for this risk.

 @ https://ee.co.uk/shop_mobile/_next/static/chunks/25733-2091d58d50dec18c.js:0
[    4466ms] Error: Minified React error #418; visit https://react.dev/errors/418?args[]=text&args[]= for the full message or use the non-minified dev environment for full errors and additional helpful warnings.
    at rO (https://ee.co.uk/shop_mobile/_next/static/chunks/framework-362268fe6de55927.js:1:46046)
    at https://ee.co.uk/shop_mobile/_next/static/chunks/framework-362268fe6de55927.js:1:132148
    at sC (https://ee.co.uk/shop_mobile/_next/static/chunks/framework-362268fe6de55927.js:1:135452)
    at sw (https://ee.co.uk/shop_mobile/_next/static/chunks/framework-362268fe6de55927.js:1:127240)
    at https://ee.co.uk/shop_mobile/_next/static/chunks/framework-362268fe6de55927.js:1:127024
    at sS (https://ee.co.uk/shop_mobile/_next/static/chunks/framework-362268fe6de55927.js:1:127032)
    at sc (https://ee.co.uk/shop_mobile/_next/static/chunks/framework-362268fe6de55927.js:1:122407)
    at sJ (https://ee.co.uk/shop_mobile/_next/static/chunks/framework-362268fe6de55927.js:1:145545)
    at MessagePort._ (https://ee.co.uk/shop_mobile/_next/static/chunks/framework-362268fe6de55927.js:1:9028)
[    4468ms] [WARNING] Loop: `HeroCarousel` is deprecated. It will be removed in a future major release, please use `Carousel` instead. @ https://ee.co.uk/shop_mobile/_next/static/chunks/pages/_app-5db325b61ed12ccf.js:0
[    4494ms] [WARNING] Loop: `FormControl` is deprecated. It will be removed in a future major release, please use `FormControlV2` instead. @ https://ee.co.uk/shop_mobile/_next/static/chunks/pages/_app-5db325b61ed12ccf.js:0
[    4590ms] [LOG] Call to dtrum.enable() had no effect since RUM JavaScript agent was already enabled or opt-in mode was not active! @ https://ee.co.uk/ruxitagentjs_ICA15789NPRTUVXfghlqrux_10339260603164134.js:175
[    4657ms] [LOG] Call to dtrum.enable() had no effect since RUM JavaScript agent was already enabled or opt-in mode was not active! @ https://ee.co.uk/ruxitagentjs_ICA15789NPRTUVXfghlqrux_10339260603164134.js:175
[    4690ms] [INFO] Pinterest Tag Error: 'load' command was called multiple times.  Previously for tag id '%s', now for tag id '%s'. 2613681577949 2613681577949 @ https://s.pinimg.com/ct/lib/main.3c5b736e.js:0
[    4955ms] [INFO] AIMEE is enabled with Version 1.1.53 @ https://ee.co.uk/exp/ge/bundle-contents-hydrate.js?8f6e21a784dea80c72ef8d8fd9244558:45999
[    4971ms] [INFO] UPDATE MINI BASKET 1.12.0 @ https://ee.co.uk/exp/ge/bundle-contents-hydrate.js?8f6e21a784dea80c72ef8d8fd9244558:15068
[    5395ms] [INFO] AIMEE is enabled with Version 1.1.53 @ https://ee.co.uk/exp/ge/bundle-contents-hydrate.js?8f6e21a784dea80c72ef8d8fd9244558:45999
[    6531ms] [LOG] [AAT] Region explicitly set to EU @ https://c.amazon-adsystem.com/aat/amzn.js:1
[    7546ms] [ERROR] Failed to load resource: net::ERR_CONNECTION_RESET @ https://aax-eu.amazon-adsystem.com/s/iu3?pid=cc23b900-ed11-4f20-aa04-0557e214924a&event=PageView&match_id=1199830439.1783420655&clientDedupeId=a62c784f5996ef92-PageView&page_url=https___ee.co.uk_mobile_pay-monthly-phones-gallery_search__offeringsOrder_productBrands_brands_honor&ts=1783422727724&eventSource=amzn.js&uuid=3da0ad10-82b5-4e74-9607-6fac8dcccba6:0
[    7546ms] [WARNING] Event request via fetch failed, reverting to iframe @ https://c.amazon-adsystem.com/aat/amzn.js:1
[    8401ms] [ERROR] Failed to load resource: net::ERR_CONNECTION_RESET @ https://aax-eu.amazon-adsystem.com/s/iu3?pid=cc23b900-ed11-4f20-aa04-0557e214924a&event=PageView&match_id=1199830439.1783420655&clientDedupeId=a02350451980522b-PageView&page_url=https___ee.co.uk_mobile_pay-monthly-phones-gallery_search__offeringsOrder_productBrands_brands_honor&ts=1783422727652&eventSource=amzn.js&uuid=387cf54f-55cd-4b02-b398-f1c0c08fb550:0
[    8401ms] [WARNING] Event request via fetch failed, reverting to iframe @ https://c.amazon-adsystem.com/aat/amzn.js:1
[    8836ms] [INFO] UPDATE MINI BASKET 1.12.0 @ https://ee.co.uk/exp/ge/bundle-contents-hydrate.js?8f6e21a784dea80c72ef8d8fd9244558:15068
[    9223ms] [INFO] UPDATE MINI BASKET 1.12.0 @ https://ee.co.uk/exp/ge/bundle-contents-hydrate.js?8f6e21a784dea80c72ef8d8fd9244558:15068
[    9226ms] [INFO] UPDATE MINI BASKET 1.12.0 @ https://ee.co.uk/exp/ge/bundle-contents-hydrate.js?8f6e21a784dea80c72ef8d8fd9244558:15068
[    9227ms] [INFO] UPDATE MINI BASKET 1.12.0 @ https://ee.co.uk/exp/ge/bundle-contents-hydrate.js?8f6e21a784dea80c72ef8d8fd9244558:15068
[    9228ms] [INFO] UPDATE MINI BASKET 1.12.0 @ https://ee.co.uk/exp/ge/bundle-contents-hydrate.js?8f6e21a784dea80c72ef8d8fd9244558:15068
[   20592ms] [WARNING] The resource https://ee.co.uk/etc.clientlibs/settings/wcm/designs/ee-common-2015/clientlibs_base/resources/fonts/rubrik_regular.woff was preloaded using link preload but not used within a few seconds from the window's load event. Please make sure it has an appropriate `as` value and it is preloaded intentionally. @ https://ee.co.uk/mobile/pay-monthly-phones-gallery?search=%3AofferingsOrder%3AproductBrands%3Abrands_honor:0
[   20593ms] [WARNING] The resource https://ee.co.uk/etc.clientlibs/settings/wcm/designs/ee-common-2015/clientlibs_base/resources/fonts/rubrik_semibold.woff was preloaded using link preload but not used within a few seconds from the window's load event. Please make sure it has an appropriate `as` value and it is preloaded intentionally. @ https://ee.co.uk/mobile/pay-monthly-phones-gallery?search=%3AofferingsOrder%3AproductBrands%3Abrands_honor:0
[  537118ms] [ERROR] Failed to load resource: net::ERR_INTERNET_DISCONNECTED @ https://k-aeu1.contentsquare.net/v2/recording?v=15.230.40%2Bfix-35d39959&pid=59648&pn=15&sn=1&uu=c5bf6d67-083d-a54d-afe1-47bb02dee810&let=1783422977217&rst=1783422728031&rt=5&ri=2&ct=2:0
[  539437ms] [ERROR] WebSocket connection to 'wss://prod5-lc-mqtt.sprinklr.com/mqtt' failed: Error in connection establishment: net::ERR_INTERNET_DISCONNECTED @ https://live-chat-static.sprinklr.com/chat/KL3C4JPaD/static/js/modern/mqtt.6d1dc8b7.js:1
[  539906ms] [ERROR] WebSocket connection to 'wss://prod5-lc-mqtt.sprinklr.com/mqtt' failed: Error in connection establishment: net::ERR_INTERNET_DISCONNECTED @ https://live-chat-static.sprinklr.com/chat/KL3C4JPaD/static/js/modern/mqtt.6d1dc8b7.js:1
[  540120ms] [WARNING] The resource https://ee.co.uk/etc.clientlibs/settings/wcm/designs/ee-common-2015/clientlibs_base/resources/fonts/rubrik_regular.woff was preloaded using link preload but not used within a few seconds from the window's load event. Please make sure it has an appropriate `as` value and it is preloaded intentionally. @ https://ee.co.uk/mobile/pay-monthly-phones-gallery?search=%3AofferingsOrder%3AproductBrands%3Abrands_honor:0
[  540120ms] [WARNING] The resource https://ee.co.uk/etc.clientlibs/settings/wcm/designs/ee-common-2015/clientlibs_base/resources/fonts/rubrik_semibold.woff was preloaded using link preload but not used within a few seconds from the window's load event. Please make sure it has an appropriate `as` value and it is preloaded intentionally. @ https://ee.co.uk/mobile/pay-monthly-phones-gallery?search=%3AofferingsOrder%3AproductBrands%3Abrands_honor:0
[  540443ms] [ERROR] WebSocket connection to 'wss://prod5-lc-mqtt.sprinklr.com/mqtt' failed: Error in connection establishment: net::ERR_INTERNET_DISCONNECTED @ https://live-chat-static.sprinklr.com/chat/KL3C4JPaD/static/js/modern/mqtt.6d1dc8b7.js:1
[  540912ms] [ERROR] WebSocket connection to 'wss://prod5-lc-mqtt.sprinklr.com/mqtt' failed: Error in connection establishment: net::ERR_INTERNET_DISCONNECTED @ https://live-chat-static.sprinklr.com/chat/KL3C4JPaD/static/js/modern/mqtt.6d1dc8b7.js:1
[  541454ms] [ERROR] WebSocket connection to 'wss://prod5-lc-mqtt.sprinklr.com/mqtt' failed: Error in connection establishment: net::ERR_INTERNET_DISCONNECTED @ https://live-chat-static.sprinklr.com/chat/KL3C4JPaD/static/js/modern/mqtt.6d1dc8b7.js:1
[  541915ms] [ERROR] WebSocket connection to 'wss://prod5-lc-mqtt.sprinklr.com/mqtt' failed: Error in connection establishment: net::ERR_INTERNET_DISCONNECTED @ https://live-chat-static.sprinklr.com/chat/KL3C4JPaD/static/js/modern/mqtt.6d1dc8b7.js:1
[  542459ms] [ERROR] WebSocket connection to 'wss://prod5-lc-mqtt.sprinklr.com/mqtt' failed: Error in connection establishment: net::ERR_INTERNET_DISCONNECTED @ https://live-chat-static.sprinklr.com/chat/KL3C4JPaD/static/js/modern/mqtt.6d1dc8b7.js:1
[  542922ms] [ERROR] WebSocket connection to 'wss://prod5-lc-mqtt.sprinklr.com/mqtt' failed: Error in connection establishment: net::ERR_INTERNET_DISCONNECTED @ https://live-chat-static.sprinklr.com/chat/KL3C4JPaD/static/js/modern/mqtt.6d1dc8b7.js:1
[  543463ms] [ERROR] WebSocket connection to 'wss://prod5-lc-mqtt.sprinklr.com/mqtt' failed: Error in connection establishment: net::ERR_INTERNET_DISCONNECTED @ https://live-chat-static.sprinklr.com/chat/KL3C4JPaD/static/js/modern/mqtt.6d1dc8b7.js:1
[  543930ms] [ERROR] WebSocket connection to 'wss://prod5-lc-mqtt.sprinklr.com/mqtt' failed: Error in connection establishment: net::ERR_INTERNET_DISCONNECTED @ https://live-chat-static.sprinklr.com/chat/KL3C4JPaD/static/js/modern/mqtt.6d1dc8b7.js:1
[  544469ms] [ERROR] WebSocket connection to 'wss://prod5-lc-mqtt.sprinklr.com/mqtt' failed: Error in connection establishment: net::ERR_INTERNET_DISCONNECTED @ https://live-chat-static.sprinklr.com/chat/KL3C4JPaD/static/js/modern/mqtt.6d1dc8b7.js:1
[  544936ms] [ERROR] WebSocket connection to 'wss://prod5-lc-mqtt.sprinklr.com/mqtt' failed: Error in connection establishment: net::ERR_INTERNET_DISCONNECTED @ https://live-chat-static.sprinklr.com/chat/KL3C4JPaD/static/js/modern/mqtt.6d1dc8b7.js:1
[  545485ms] [ERROR] WebSocket connection to 'wss://prod5-lc-mqtt.sprinklr.com/mqtt' failed: Error in connection establishment: net::ERR_INTERNET_DISCONNECTED @ https://live-chat-static.sprinklr.com/chat/KL3C4JPaD/static/js/modern/mqtt.6d1dc8b7.js:1
[  545941ms] [ERROR] WebSocket connection to 'wss://prod5-lc-mqtt.sprinklr.com/mqtt' failed: Error in connection establishment: net::ERR_INTERNET_DISCONNECTED @ https://live-chat-static.sprinklr.com/chat/KL3C4JPaD/static/js/modern/mqtt.6d1dc8b7.js:1
[  546493ms] [ERROR] WebSocket connection to 'wss://prod5-lc-mqtt.sprinklr.com/mqtt' failed: Error in connection establishment: net::ERR_INTERNET_DISCONNECTED @ https://live-chat-static.sprinklr.com/chat/KL3C4JPaD/static/js/modern/mqtt.6d1dc8b7.js:1
[  546947ms] [ERROR] WebSocket connection to 'wss://prod5-lc-mqtt.sprinklr.com/mqtt' failed: Error in connection establishment: net::ERR_INTERNET_DISCONNECTED @ https://live-chat-static.sprinklr.com/chat/KL3C4JPaD/static/js/modern/mqtt.6d1dc8b7.js:1
[  547503ms] [ERROR] WebSocket connection to 'wss://prod5-lc-mqtt.sprinklr.com/mqtt' failed: Error in connection establishment: net::ERR_INTERNET_DISCONNECTED @ https://live-chat-static.sprinklr.com/chat/KL3C4JPaD/static/js/modern/mqtt.6d1dc8b7.js:1
[  547961ms] [ERROR] WebSocket connection to 'wss://prod5-lc-mqtt.sprinklr.com/mqtt' failed: Error in connection establishment: net::ERR_INTERNET_DISCONNECTED @ https://live-chat-static.sprinklr.com/chat/KL3C4JPaD/static/js/modern/mqtt.6d1dc8b7.js:1
[  548517ms] [ERROR] WebSocket connection to 'wss://prod5-lc-mqtt.sprinklr.com/mqtt' failed: Error in connection establishment: net::ERR_INTERNET_DISCONNECTED @ https://live-chat-static.sprinklr.com/chat/KL3C4JPaD/static/js/modern/mqtt.6d1dc8b7.js:1
[  548976ms] [ERROR] WebSocket connection to 'wss://prod5-lc-mqtt.sprinklr.com/mqtt' failed: Error in connection establishment: net::ERR_INTERNET_DISCONNECTED @ https://live-chat-static.sprinklr.com/chat/KL3C4JPaD/static/js/modern/mqtt.6d1dc8b7.js:1
[  549526ms] [ERROR] WebSocket connection to 'wss://prod5-lc-mqtt.sprinklr.com/mqtt' failed: Error in connection establishment: net::ERR_INTERNET_DISCONNECTED @ https://live-chat-static.sprinklr.com/chat/KL3C4JPaD/static/js/modern/mqtt.6d1dc8b7.js:1
[  549997ms] [ERROR] WebSocket connection to 'wss://prod5-lc-mqtt.sprinklr.com/mqtt' failed: Error in connection establishment: net::ERR_INTERNET_DISCONNECTED @ https://live-chat-static.sprinklr.com/chat/KL3C4JPaD/static/js/modern/mqtt.6d1dc8b7.js:1
[  550552ms] [ERROR] WebSocket connection to 'wss://prod5-lc-mqtt.sprinklr.com/mqtt' failed: Error in connection establishment: net::ERR_INTERNET_DISCONNECTED @ https://live-chat-static.sprinklr.com/chat/KL3C4JPaD/static/js/modern/mqtt.6d1dc8b7.js:1
[  551015ms] [ERROR] WebSocket connection to 'wss://prod5-lc-mqtt.sprinklr.com/mqtt' failed: Error in connection establishment: net::ERR_INTERNET_DISCONNECTED @ https://live-chat-static.sprinklr.com/chat/KL3C4JPaD/static/js/modern/mqtt.6d1dc8b7.js:1
[  551593ms] [ERROR] WebSocket connection to 'wss://prod5-lc-mqtt.sprinklr.com/mqtt' failed: Error in connection establishment: net::ERR_INTERNET_DISCONNECTED @ https://live-chat-static.sprinklr.com/chat/KL3C4JPaD/static/js/modern/mqtt.6d1dc8b7.js:1
[  552047ms] [ERROR] WebSocket connection to 'wss://prod5-lc-mqtt.sprinklr.com/mqtt' failed: Error in connection establishment: net::ERR_INTERNET_DISCONNECTED @ https://live-chat-static.sprinklr.com/chat/KL3C4JPaD/static/js/modern/mqtt.6d1dc8b7.js:1
[  552623ms] [ERROR] WebSocket connection to 'wss://prod5-lc-mqtt.sprinklr.com/mqtt' failed: Error in connection establishment: net::ERR_INTERNET_DISCONNECTED @ https://live-chat-static.sprinklr.com/chat/KL3C4JPaD/static/js/modern/mqtt.6d1dc8b7.js:1
[  862827ms] [ERROR] WebSocket connection to 'wss://prod5-lc-mqtt.sprinklr.com/mqtt' failed: Error in connection establishment: net::ERR_INTERNET_DISCONNECTED @ https://live-chat-static.sprinklr.com/chat/KL3C4JPaD/static/js/modern/mqtt.6d1dc8b7.js:1
[  863379ms] [ERROR] WebSocket connection to 'wss://prod5-lc-mqtt.sprinklr.com/mqtt' failed: Error in connection establishment: net::ERR_INTERNET_DISCONNECTED @ https://live-chat-static.sprinklr.com/chat/KL3C4JPaD/static/js/modern/mqtt.6d1dc8b7.js:1
[  863896ms] [ERROR] WebSocket connection to 'wss://prod5-lc-mqtt.sprinklr.com/mqtt' failed: Error in connection establishment: net::ERR_INTERNET_DISCONNECTED @ https://live-chat-static.sprinklr.com/chat/KL3C4JPaD/static/js/modern/mqtt.6d1dc8b7.js:1
[  864485ms] [ERROR] WebSocket connection to 'wss://prod5-lc-mqtt.sprinklr.com/mqtt' failed: Error in connection establishment: net::ERR_INTERNET_DISCONNECTED @ https://live-chat-static.sprinklr.com/chat/KL3C4JPaD/static/js/modern/mqtt.6d1dc8b7.js:1
[  865023ms] [ERROR] WebSocket connection to 'wss://prod5-lc-mqtt.sprinklr.com/mqtt' failed: Error in connection establishment: net::ERR_INTERNET_DISCONNECTED @ https://live-chat-static.sprinklr.com/chat/KL3C4JPaD/static/js/modern/mqtt.6d1dc8b7.js:1
[  865613ms] [ERROR] WebSocket connection to 'wss://prod5-lc-mqtt.sprinklr.com/mqtt' failed: Error in connection establishment: net::ERR_INTERNET_DISCONNECTED @ https://live-chat-static.sprinklr.com/chat/KL3C4JPaD/static/js/modern/mqtt.6d1dc8b7.js:1
[  866263ms] [ERROR] WebSocket connection to 'wss://prod5-lc-mqtt.sprinklr.com/mqtt' failed: Error in connection establishment: net::ERR_INTERNET_DISCONNECTED @ https://live-chat-static.sprinklr.com/chat/KL3C4JPaD/static/js/modern/mqtt.6d1dc8b7.js:1
[  866821ms] [ERROR] WebSocket connection to 'wss://prod5-lc-mqtt.sprinklr.com/mqtt' failed: Error in connection establishment: net::ERR_INTERNET_DISCONNECTED @ https://live-chat-static.sprinklr.com/chat/KL3C4JPaD/static/js/modern/mqtt.6d1dc8b7.js:1
[  867411ms] [ERROR] WebSocket connection to 'wss://prod5-lc-mqtt.sprinklr.com/mqtt' failed: Error in connection establishment: net::ERR_INTERNET_DISCONNECTED @ https://live-chat-static.sprinklr.com/chat/KL3C4JPaD/static/js/modern/mqtt.6d1dc8b7.js:1
[  868239ms] [ERROR] WebSocket connection to 'wss://prod5-lc-mqtt.sprinklr.com/mqtt' failed: Error in connection establishment: net::ERR_INTERNET_DISCONNECTED @ https://live-chat-static.sprinklr.com/chat/KL3C4JPaD/static/js/modern/mqtt.6d1dc8b7.js:1
[  868576ms] [ERROR] WebSocket connection to 'wss://prod5-lc-mqtt.sprinklr.com/mqtt' failed: Error in connection establishment: net::ERR_INTERNET_DISCONNECTED @ https://live-chat-static.sprinklr.com/chat/KL3C4JPaD/static/js/modern/mqtt.6d1dc8b7.js:1
[  869563ms] [ERROR] WebSocket connection to 'wss://prod5-lc-mqtt.sprinklr.com/mqtt' failed: Error in connection establishment: net::ERR_INTERNET_DISCONNECTED @ https://live-chat-static.sprinklr.com/chat/KL3C4JPaD/static/js/modern/mqtt.6d1dc8b7.js:1
[  870818ms] [ERROR] WebSocket connection to 'wss://prod5-lc-mqtt.sprinklr.com/mqtt' failed: Error in connection establishment: net::ERR_INTERNET_DISCONNECTED @ https://live-chat-static.sprinklr.com/chat/KL3C4JPaD/static/js/modern/mqtt.6d1dc8b7.js:1
[  872431ms] [ERROR] WebSocket connection to 'wss://prod5-lc-mqtt.sprinklr.com/mqtt' failed: Error in connection establishment: net::ERR_INTERNET_DISCONNECTED @ https://live-chat-static.sprinklr.com/chat/KL3C4JPaD/static/js/modern/mqtt.6d1dc8b7.js:1
[  873000ms] [ERROR] WebSocket connection to 'wss://prod5-lc-mqtt.sprinklr.com/mqtt' failed: Error in connection establishment: net::ERR_INTERNET_DISCONNECTED @ https://live-chat-static.sprinklr.com/chat/KL3C4JPaD/static/js/modern/mqtt.6d1dc8b7.js:1
[  875164ms] [ERROR] WebSocket connection to 'wss://prod5-lc-mqtt.sprinklr.com/mqtt' failed: Error in connection establishment: net::ERR_INTERNET_DISCONNECTED @ https://live-chat-static.sprinklr.com/chat/KL3C4JPaD/static/js/modern/mqtt.6d1dc8b7.js:1
[  876304ms] [ERROR] WebSocket connection to 'wss://prod5-lc-mqtt.sprinklr.com/mqtt' failed: Error in connection establishment: net::ERR_INTERNET_DISCONNECTED @ https://live-chat-static.sprinklr.com/chat/KL3C4JPaD/static/js/modern/mqtt.6d1dc8b7.js:1
[  879360ms] [ERROR] WebSocket connection to 'wss://prod5-lc-mqtt.sprinklr.com/mqtt' failed: Error in connection establishment: net::ERR_INTERNET_DISCONNECTED @ https://live-chat-static.sprinklr.com/chat/KL3C4JPaD/static/js/modern/mqtt.6d1dc8b7.js:1
[  881458ms] [ERROR] WebSocket connection to 'wss://prod5-lc-mqtt.sprinklr.com/mqtt' failed: Error in connection establishment: net::ERR_INTERNET_DISCONNECTED @ https://live-chat-static.sprinklr.com/chat/KL3C4JPaD/static/js/modern/mqtt.6d1dc8b7.js:1
[  882158ms] [ERROR] WebSocket connection to 'wss://prod5-lc-mqtt.sprinklr.com/mqtt' failed: Error in connection establishment: net::ERR_INTERNET_DISCONNECTED @ https://live-chat-static.sprinklr.com/chat/KL3C4JPaD/static/js/modern/mqtt.6d1dc8b7.js:1
[  884799ms] [ERROR] WebSocket connection to 'wss://prod5-lc-mqtt.sprinklr.com/mqtt' failed: Error in connection establishment: net::ERR_INTERNET_DISCONNECTED @ https://live-chat-static.sprinklr.com/chat/KL3C4JPaD/static/js/modern/mqtt.6d1dc8b7.js:1
[  885591ms] [ERROR] WebSocket connection to 'wss://prod5-lc-mqtt.sprinklr.com/mqtt' failed: Error in connection establishment: net::ERR_INTERNET_DISCONNECTED @ https://live-chat-static.sprinklr.com/chat/KL3C4JPaD/static/js/modern/mqtt.6d1dc8b7.js:1
[  888453ms] [ERROR] WebSocket connection to 'wss://prod5-lc-mqtt.sprinklr.com/mqtt' failed: Error in connection establishment: net::ERR_INTERNET_DISCONNECTED @ https://live-chat-static.sprinklr.com/chat/KL3C4JPaD/static/js/modern/mqtt.6d1dc8b7.js:1
[  888720ms] [ERROR] WebSocket connection to 'wss://prod5-lc-mqtt.sprinklr.com/mqtt' failed: Error in connection establishment: net::ERR_INTERNET_DISCONNECTED @ https://live-chat-static.sprinklr.com/chat/KL3C4JPaD/static/js/modern/mqtt.6d1dc8b7.js:1
[  892266ms] [ERROR] WebSocket connection to 'wss://prod5-lc-mqtt.sprinklr.com/mqtt' failed: Error in connection establishment: net::ERR_INTERNET_DISCONNECTED @ https://live-chat-static.sprinklr.com/chat/KL3C4JPaD/static/js/modern/mqtt.6d1dc8b7.js:1
[  893964ms] [ERROR] WebSocket connection to 'wss://prod5-lc-mqtt.sprinklr.com/mqtt' failed: Error in connection establishment: net::ERR_INTERNET_DISCONNECTED @ https://live-chat-static.sprinklr.com/chat/KL3C4JPaD/static/js/modern/mqtt.6d1dc8b7.js:1
[  894424ms] [ERROR] WebSocket connection to 'wss://prod5-lc-mqtt.sprinklr.com/mqtt' failed: Error in connection establishment: net::ERR_INTERNET_DISCONNECTED @ https://live-chat-static.sprinklr.com/chat/KL3C4JPaD/static/js/modern/mqtt.6d1dc8b7.js:1
[  897660ms] [ERROR] WebSocket connection to 'wss://prod5-lc-mqtt.sprinklr.com/mqtt' failed: Error in connection establishment: net::ERR_INTERNET_DISCONNECTED @ https://live-chat-static.sprinklr.com/chat/KL3C4JPaD/static/js/modern/mqtt.6d1dc8b7.js:1
[  898730ms] [ERROR] WebSocket connection to 'wss://prod5-lc-mqtt.sprinklr.com/mqtt' failed: Error in connection establishment: net::ERR_INTERNET_DISCONNECTED @ https://live-chat-static.sprinklr.com/chat/KL3C4JPaD/static/js/modern/mqtt.6d1dc8b7.js:1
[  901409ms] [ERROR] WebSocket connection to 'wss://prod5-lc-mqtt.sprinklr.com/mqtt' failed: Error in connection establishment: net::ERR_INTERNET_DISCONNECTED @ https://live-chat-static.sprinklr.com/chat/KL3C4JPaD/static/js/modern/mqtt.6d1dc8b7.js:1
[  901877ms] [ERROR] WebSocket connection to 'wss://prod5-lc-mqtt.sprinklr.com/mqtt' failed: Error in connection establishment: net::ERR_INTERNET_DISCONNECTED @ https://live-chat-static.sprinklr.com/chat/KL3C4JPaD/static/js/modern/mqtt.6d1dc8b7.js:1
[  905125ms] [ERROR] WebSocket connection to 'wss://prod5-lc-mqtt.sprinklr.com/mqtt' failed: Error in connection establishment: net::ERR_INTERNET_DISCONNECTED @ https://live-chat-static.sprinklr.com/chat/KL3C4JPaD/static/js/modern/mqtt.6d1dc8b7.js:1
[  906230ms] [ERROR] WebSocket connection to 'wss://prod5-lc-mqtt.sprinklr.com/mqtt' failed: Error in connection establishment: net::ERR_INTERNET_DISCONNECTED @ https://live-chat-static.sprinklr.com/chat/KL3C4JPaD/static/js/modern/mqtt.6d1dc8b7.js:1
[  909353ms] [ERROR] WebSocket connection to 'wss://prod5-lc-mqtt.sprinklr.com/mqtt' failed: Error in connection establishment: net::ERR_INTERNET_DISCONNECTED @ https://live-chat-static.sprinklr.com/chat/KL3C4JPaD/static/js/modern/mqtt.6d1dc8b7.js:1
[ 1957273ms] [ERROR] WebSocket connection to 'wss://prod5-lc-mqtt.sprinklr.com/mqtt' failed: Error in connection establishment: net::ERR_INTERNET_DISCONNECTED @ https://live-chat-static.sprinklr.com/chat/KL3C4JPaD/static/js/modern/mqtt.6d1dc8b7.js:1
[ 1957947ms] [ERROR] Failed to load resource: net::ERR_INTERNET_DISCONNECTED @ https://ee.co.uk/rb_bf88365yqv?sc=5&ty=js&pv=4&ai=e7f5606eaba145d0&en=9hu61abe&cr=1782996483712&av=1.339.9&cy=event&bc=3652980888&co=snappy&si=v_4_srv_3_sn_95EA65EF2BB6461CC6E86253D1360DBA_perc_100000_ol_0_mul_1_app-3Ae7f5606eaba145d0_1_app-3A7556ecaf88963360_1_app-3A7b6134e75ed78205_1_rcs-3Acss_0&st=1783423042252&ss=0&qc=1979223572&end=1:0
[ 1958134ms] [ERROR] WebSocket connection to 'wss://prod5-lc-mqtt.sprinklr.com/mqtt' failed: Error in connection establishment: net::ERR_INTERNET_DISCONNECTED @ https://live-chat-static.sprinklr.com/chat/KL3C4JPaD/static/js/modern/mqtt.6d1dc8b7.js:1
[ 1959952ms] [ERROR] Failed to load resource: net::ERR_INTERNET_DISCONNECTED @ https://ee.co.uk/rb_bf88365yqv?sc=5&ty=js&pv=4&ai=e7f5606eaba145d0&en=9hu61abe&cr=1782996483712&av=1.339.9&cy=event&bc=4246465166&co=snappy&si=v_4_srv_3_sn_95EA65EF2BB6461CC6E86253D1360DBA_perc_100000_ol_0_mul_1_app-3Ae7f5606eaba145d0_1_app-3A7556ecaf88963360_1_app-3A7b6134e75ed78205_1_rcs-3Acss_0&st=1783423044269&rc=1&rr=offline&ss=0&qc=1288545066&end=1:0
[ 2546181ms] [ERROR] WebSocket connection to 'wss://prod5-lc-mqtt.sprinklr.com/mqtt' failed: Error in connection establishment: net::ERR_INTERNET_DISCONNECTED @ https://live-chat-static.sprinklr.com/chat/KL3C4JPaD/static/js/modern/mqtt.6d1dc8b7.js:1
[ 2547170ms] [ERROR] WebSocket connection to 'wss://prod5-lc-mqtt.sprinklr.com/mqtt' failed: Error in connection establishment: net::ERR_INTERNET_DISCONNECTED @ https://live-chat-static.sprinklr.com/chat/KL3C4JPaD/static/js/modern/mqtt.6d1dc8b7.js:1
[ 2547227ms] [WARNING] The resource https://ee.co.uk/etc.clientlibs/settings/wcm/designs/ee-common-2015/clientlibs_base/resources/fonts/rubrik_regular.woff was preloaded using link preload but not used within a few seconds from the window's load event. Please make sure it has an appropriate `as` value and it is preloaded intentionally. @ https://ee.co.uk/mobile/pay-monthly-phones-gallery?search=%3AofferingsOrder%3AproductBrands%3Abrands_honor:0
[ 2547227ms] [WARNING] The resource https://ee.co.uk/etc.clientlibs/settings/wcm/designs/ee-common-2015/clientlibs_base/resources/fonts/rubrik_semibold.woff was preloaded using link preload but not used within a few seconds from the window's load event. Please make sure it has an appropriate `as` value and it is preloaded intentionally. @ https://ee.co.uk/mobile/pay-monthly-phones-gallery?search=%3AofferingsOrder%3AproductBrands%3Abrands_honor:0
[ 2548232ms] [ERROR] Failed to load resource: net::ERR_INTERNET_DISCONNECTED @ https://ee.co.uk/rb_bf88365yqv?sc=5&ty=js&pv=4&ai=e7f5606eaba145d0&en=9hu61abe&cr=1782996483712&av=1.339.9&cy=event&bc=4246465166&co=snappy&si=v_4_srv_3_sn_95EA65EF2BB6461CC6E86253D1360DBA_perc_100000_ol_0_mul_1_app-3Ae7f5606eaba145d0_1_app-3A7556ecaf88963360_1_app-3A7b6134e75ed78205_1_rcs-3Acss_0&st=1783423048274&rc=2&rr=offline&ss=0&qc=2706905846&end=1:0
[ 2550578ms] [ERROR] WebSocket connection to 'wss://prod5-lc-mqtt.sprinklr.com/mqtt' failed: Error in connection establishment: net::ERR_INTERNET_DISCONNECTED @ https://live-chat-static.sprinklr.com/chat/KL3C4JPaD/static/js/modern/mqtt.6d1dc8b7.js:1
[ 2551103ms] [ERROR] WebSocket connection to 'wss://prod5-lc-mqtt.sprinklr.com/mqtt' failed: Error in connection establishment: net::ERR_INTERNET_DISCONNECTED @ https://live-chat-static.sprinklr.com/chat/KL3C4JPaD/static/js/modern/mqtt.6d1dc8b7.js:1
[ 2551233ms] [WARNING] The resource https://ee.co.uk/etc.clientlibs/settings/wcm/designs/ee-common-2015/clientlibs_base/resources/fonts/rubrik_regular.woff was preloaded using link preload but not used within a few seconds from the window's load event. Please make sure it has an appropriate `as` value and it is preloaded intentionally. @ https://ee.co.uk/mobile/pay-monthly-phones-gallery?search=%3AofferingsOrder%3AproductBrands%3Abrands_honor:0
[ 2551233ms] [WARNING] The resource https://ee.co.uk/etc.clientlibs/settings/wcm/designs/ee-common-2015/clientlibs_base/resources/fonts/rubrik_semibold.woff was preloaded using link preload but not used within a few seconds from the window's load event. Please make sure it has an appropriate `as` value and it is preloaded intentionally. @ https://ee.co.uk/mobile/pay-monthly-phones-gallery?search=%3AofferingsOrder%3AproductBrands%3Abrands_honor:0
[ 2553401ms] [ERROR] WebSocket connection to 'wss://prod5-lc-mqtt.sprinklr.com/mqtt' failed: Error in connection establishment: net::ERR_INTERNET_DISCONNECTED @ https://live-chat-static.sprinklr.com/chat/KL3C4JPaD/static/js/modern/mqtt.6d1dc8b7.js:1
[ 2554191ms] [ERROR] WebSocket connection to 'wss://prod5-lc-mqtt.sprinklr.com/mqtt' failed: Error in connection establishment: net::ERR_INTERNET_DISCONNECTED @ https://live-chat-static.sprinklr.com/chat/KL3C4JPaD/static/js/modern/mqtt.6d1dc8b7.js:1
[ 2562212ms] [WARNING] The resource https://ee.co.uk/etc.clientlibs/settings/wcm/designs/ee-common-2015/clientlibs_base/resources/fonts/rubrik_regular.woff was preloaded using link preload but not used within a few seconds from the window's load event. Please make sure it has an appropriate `as` value and it is preloaded intentionally. @ https://ee.co.uk/mobile/pay-monthly-phones-gallery?search=%3AofferingsOrder%3AproductBrands%3Abrands_honor:0
[ 2562212ms] [WARNING] The resource https://ee.co.uk/etc.clientlibs/settings/wcm/designs/ee-common-2015/clientlibs_base/resources/fonts/rubrik_semibold.woff was preloaded using link preload but not used within a few seconds from the window's load event. Please make sure it has an appropriate `as` value and it is preloaded intentionally. @ https://ee.co.uk/mobile/pay-monthly-phones-gallery?search=%3AofferingsOrder%3AproductBrands%3Abrands_honor:0
[ 2744583ms] [ERROR] WebSocket connection to 'wss://prod5-lc-mqtt.sprinklr.com/mqtt' failed: Error in connection establishment: net::ERR_INTERNET_DISCONNECTED @ https://live-chat-static.sprinklr.com/chat/KL3C4JPaD/static/js/modern/mqtt.6d1dc8b7.js:1
[ 2746628ms] [ERROR] WebSocket connection to 'wss://prod5-lc-mqtt.sprinklr.com/mqtt' failed: Error in connection establishment: net::ERR_INTERNET_DISCONNECTED @ https://live-chat-static.sprinklr.com/chat/KL3C4JPaD/static/js/modern/mqtt.6d1dc8b7.js:1
[ 2749064ms] [ERROR] WebSocket connection to 'wss://prod5-lc-mqtt.sprinklr.com/mqtt' failed: Error in connection establishment: net::ERR_INTERNET_DISCONNECTED @ https://live-chat-static.sprinklr.com/chat/KL3C4JPaD/static/js/modern/mqtt.6d1dc8b7.js:1
[ 2751142ms] [ERROR] WebSocket connection to 'wss://prod5-lc-mqtt.sprinklr.com/mqtt' failed: Error in connection establishment: net::ERR_INTERNET_DISCONNECTED @ https://live-chat-static.sprinklr.com/chat/KL3C4JPaD/static/js/modern/mqtt.6d1dc8b7.js:1
[ 2751964ms] [ERROR] WebSocket connection to 'wss://prod5-lc-mqtt.sprinklr.com/mqtt' failed: Error in connection establishment: net::ERR_INTERNET_DISCONNECTED @ https://live-chat-static.sprinklr.com/chat/KL3C4JPaD/static/js/modern/mqtt.6d1dc8b7.js:1
[ 2753670ms] [ERROR] WebSocket connection to 'wss://prod5-lc-mqtt.sprinklr.com/mqtt' failed: Error in connection establishment: net::ERR_INTERNET_DISCONNECTED @ https://live-chat-static.sprinklr.com/chat/KL3C4JPaD/static/js/modern/mqtt.6d1dc8b7.js:1
[ 2755900ms] [ERROR] WebSocket connection to 'wss://prod5-lc-mqtt.sprinklr.com/mqtt' failed: Error in connection establishment: net::ERR_INTERNET_DISCONNECTED @ https://live-chat-static.sprinklr.com/chat/KL3C4JPaD/static/js/modern/mqtt.6d1dc8b7.js:1
[ 2756424ms] [ERROR] WebSocket connection to 'wss://prod5-lc-mqtt.sprinklr.com/mqtt' failed: Error in connection establishment: net::ERR_INTERNET_DISCONNECTED @ https://live-chat-static.sprinklr.com/chat/KL3C4JPaD/static/js/modern/mqtt.6d1dc8b7.js:1
[ 2761571ms] [ERROR] WebSocket connection to 'wss://prod5-lc-mqtt.sprinklr.com/mqtt' failed: Error in connection establishment: net::ERR_INTERNET_DISCONNECTED @ https://live-chat-static.sprinklr.com/chat/KL3C4JPaD/static/js/modern/mqtt.6d1dc8b7.js:1
[ 2761705ms] [ERROR] WebSocket connection to 'wss://prod5-lc-mqtt.sprinklr.com/mqtt' failed: Error in connection establishment: net::ERR_INTERNET_DISCONNECTED @ https://live-chat-static.sprinklr.com/chat/KL3C4JPaD/static/js/modern/mqtt.6d1dc8b7.js:1
[ 2764086ms] [ERROR] WebSocket connection to 'wss://prod5-lc-mqtt.sprinklr.com/mqtt' failed: Error in connection establishment: net::ERR_INTERNET_DISCONNECTED @ https://live-chat-static.sprinklr.com/chat/KL3C4JPaD/static/js/modern/mqtt.6d1dc8b7.js:1
[ 2860311ms] [ERROR] WebSocket connection to 'wss://prod5-lc-mqtt.sprinklr.com/mqtt' failed: Error in connection establishment: net::ERR_INTERNET_DISCONNECTED @ https://live-chat-static.sprinklr.com/chat/KL3C4JPaD/static/js/modern/mqtt.6d1dc8b7.js:1
[ 2862217ms] [ERROR] WebSocket connection to 'wss://prod5-lc-mqtt.sprinklr.com/mqtt' failed: Error in connection establishment: net::ERR_INTERNET_DISCONNECTED @ https://live-chat-static.sprinklr.com/chat/KL3C4JPaD/static/js/modern/mqtt.6d1dc8b7.js:1
[ 2862323ms] [ERROR] Failed to load resource: net::ERR_INTERNET_DISCONNECTED @ https://ee.co.uk/rb_bf88365yqv?sc=5&ty=js&pv=4&ai=e7f5606eaba145d0&en=9hu61abe&cr=1782996483712&av=1.339.9&cy=event&bc=3575537282&co=snappy&si=v_4_srv_3_sn_95EA65EF2BB6461CC6E86253D1360DBA_perc_100000_ol_0_mul_1_app-3Ae7f5606eaba145d0_1_app-3A7556ecaf88963360_1_app-3A7b6134e75ed78205_1_rcs-3Acss_0&st=1783423142443&ss=0&qc=508329001&end=1:0
[ 2863160ms] [ERROR] WebSocket connection to 'wss://prod5-lc-mqtt.sprinklr.com/mqtt' failed: Error in connection establishment: net::ERR_INTERNET_DISCONNECTED @ https://live-chat-static.sprinklr.com/chat/KL3C4JPaD/static/js/modern/mqtt.6d1dc8b7.js:1
[ 2864332ms] [ERROR] Failed to load resource: net::ERR_INTERNET_DISCONNECTED @ https://ee.co.uk/rb_bf88365yqv?sc=5&ty=js&pv=4&ai=e7f5606eaba145d0&en=9hu61abe&cr=1782996483712&av=1.339.9&cy=event&bc=4024381283&co=snappy&si=v_4_srv_3_sn_95EA65EF2BB6461CC6E86253D1360DBA_perc_100000_ol_0_mul_1_app-3Ae7f5606eaba145d0_1_app-3A7556ecaf88963360_1_app-3A7b6134e75ed78205_1_rcs-3Acss_0&st=1783423144453&rc=1&rr=offline&ss=0&qc=1519176678&end=1:0
[ 2865595ms] [ERROR] WebSocket connection to 'wss://prod5-lc-mqtt.sprinklr.com/mqtt' failed: Error in connection establishment: net::ERR_INTERNET_DISCONNECTED @ https://live-chat-static.sprinklr.com/chat/KL3C4JPaD/static/js/modern/mqtt.6d1dc8b7.js:1
[ 2867333ms] [WARNING] The resource https://ee.co.uk/etc.clientlibs/settings/wcm/designs/ee-common-2015/clientlibs_base/resources/fonts/rubrik_regular.woff was preloaded using link preload but not used within a few seconds from the window's load event. Please make sure it has an appropriate `as` value and it is preloaded intentionally. @ https://ee.co.uk/mobile/pay-monthly-phones-gallery?search=%3AofferingsOrder%3AproductBrands%3Abrands_honor:0
[ 2867333ms] [WARNING] The resource https://ee.co.uk/etc.clientlibs/settings/wcm/designs/ee-common-2015/clientlibs_base/resources/fonts/rubrik_semibold.woff was preloaded using link preload but not used within a few seconds from the window's load event. Please make sure it has an appropriate `as` value and it is preloaded intentionally. @ https://ee.co.uk/mobile/pay-monthly-phones-gallery?search=%3AofferingsOrder%3AproductBrands%3Abrands_honor:0
[ 2868217ms] [ERROR] WebSocket connection to 'wss://prod5-lc-mqtt.sprinklr.com/mqtt' failed: Error in connection establishment: net::ERR_INTERNET_DISCONNECTED @ https://live-chat-static.sprinklr.com/chat/KL3C4JPaD/static/js/modern/mqtt.6d1dc8b7.js:1
[ 2868343ms] [ERROR] Failed to load resource: net::ERR_INTERNET_DISCONNECTED @ https://ee.co.uk/rb_bf88365yqv?sc=5&ty=js&pv=4&ai=e7f5606eaba145d0&en=9hu61abe&cr=1782996483712&av=1.339.9&cy=event&bc=4024381283&co=snappy&si=v_4_srv_3_sn_95EA65EF2BB6461CC6E86253D1360DBA_perc_100000_ol_0_mul_1_app-3Ae7f5606eaba145d0_1_app-3A7556ecaf88963360_1_app-3A7b6134e75ed78205_1_rcs-3Acss_0&st=1783423148461&rc=2&rr=offline&ss=0&qc=2249570707&end=1:0
[ 2870829ms] [ERROR] WebSocket connection to 'wss://prod5-lc-mqtt.sprinklr.com/mqtt' failed: Error in connection establishment: net::ERR_INTERNET_DISCONNECTED @ https://live-chat-static.sprinklr.com/chat/KL3C4JPaD/static/js/modern/mqtt.6d1dc8b7.js:1
[ 2871344ms] [WARNING] The resource https://ee.co.uk/etc.clientlibs/settings/wcm/designs/ee-common-2015/clientlibs_base/resources/fonts/rubrik_regular.woff was preloaded using link preload but not used within a few seconds from the window's load event. Please make sure it has an appropriate `as` value and it is preloaded intentionally. @ https://ee.co.uk/mobile/pay-monthly-phones-gallery?search=%3AofferingsOrder%3AproductBrands%3Abrands_honor:0
[ 2871344ms] [WARNING] The resource https://ee.co.uk/etc.clientlibs/settings/wcm/designs/ee-common-2015/clientlibs_base/resources/fonts/rubrik_semibold.woff was preloaded using link preload but not used within a few seconds from the window's load event. Please make sure it has an appropriate `as` value and it is preloaded intentionally. @ https://ee.co.uk/mobile/pay-monthly-phones-gallery?search=%3AofferingsOrder%3AproductBrands%3Abrands_honor:0
[ 2873730ms] [ERROR] WebSocket connection to 'wss://prod5-lc-mqtt.sprinklr.com/mqtt' failed: Error in connection establishment: net::ERR_INTERNET_DISCONNECTED @ https://live-chat-static.sprinklr.com/chat/KL3C4JPaD/static/js/modern/mqtt.6d1dc8b7.js:1
[ 2876767ms] [ERROR] WebSocket connection to 'wss://prod5-lc-mqtt.sprinklr.com/mqtt' failed: Error in connection establishment: net::ERR_INTERNET_DISCONNECTED @ https://live-chat-static.sprinklr.com/chat/KL3C4JPaD/static/js/modern/mqtt.6d1dc8b7.js:1
[ 2879079ms] [ERROR] WebSocket connection to 'wss://prod5-lc-mqtt.sprinklr.com/mqtt' failed: Error in connection establishment: net::ERR_INTERNET_DISCONNECTED @ https://live-chat-static.sprinklr.com/chat/KL3C4JPaD/static/js/modern/mqtt.6d1dc8b7.js:1
[ 2881280ms] [ERROR] WebSocket connection to 'wss://prod5-lc-mqtt.sprinklr.com/mqtt' failed: Error in connection establishment: net::ERR_INTERNET_DISCONNECTED @ https://live-chat-static.sprinklr.com/chat/KL3C4JPaD/static/js/modern/mqtt.6d1dc8b7.js:1
[ 2881380ms] [ERROR] WebSocket connection to 'wss://prod5-lc-mqtt.sprinklr.com/mqtt' failed: Error in connection establishment: net::ERR_INTERNET_DISCONNECTED @ https://live-chat-static.sprinklr.com/chat/KL3C4JPaD/static/js/modern/mqtt.6d1dc8b7.js:1
[ 2886186ms] [ERROR] WebSocket connection to 'wss://prod5-lc-mqtt.sprinklr.com/mqtt' failed: Error in connection establishment: net::ERR_INTERNET_DISCONNECTED @ https://live-chat-static.sprinklr.com/chat/KL3C4JPaD/static/js/modern/mqtt.6d1dc8b7.js:1
[ 2886345ms] [ERROR] WebSocket connection to 'wss://prod5-lc-mqtt.sprinklr.com/mqtt' failed: Error in connection establishment: net::ERR_INTERNET_DISCONNECTED @ https://live-chat-static.sprinklr.com/chat/KL3C4JPaD/static/js/modern/mqtt.6d1dc8b7.js:1
[ 2888831ms] [ERROR] WebSocket connection to 'wss://prod5-lc-mqtt.sprinklr.com/mqtt' failed: Error in connection establishment: net::ERR_INTERNET_DISCONNECTED @ https://live-chat-static.sprinklr.com/chat/KL3C4JPaD/static/js/modern/mqtt.6d1dc8b7.js:1
[ 2892288ms] [ERROR] WebSocket connection to 'wss://prod5-lc-mqtt.sprinklr.com/mqtt' failed: Error in connection establishment: net::ERR_INTERNET_DISCONNECTED @ https://live-chat-static.sprinklr.com/chat/KL3C4JPaD/static/js/modern/mqtt.6d1dc8b7.js:1
[ 2893377ms] [ERROR] WebSocket connection to 'wss://prod5-lc-mqtt.sprinklr.com/mqtt' failed: Error in connection establishment: net::ERR_INTERNET_DISCONNECTED @ https://live-chat-static.sprinklr.com/chat/KL3C4JPaD/static/js/modern/mqtt.6d1dc8b7.js:1
[ 2894546ms] [ERROR] WebSocket connection to 'wss://prod5-lc-mqtt.sprinklr.com/mqtt' failed: Error in connection establishment: net::ERR_INTERNET_DISCONNECTED @ https://live-chat-static.sprinklr.com/chat/KL3C4JPaD/static/js/modern/mqtt.6d1dc8b7.js:1
[ 2895812ms] [ERROR] WebSocket connection to 'wss://prod5-lc-mqtt.sprinklr.com/mqtt' failed: Error in connection establishment: net::ERR_INTERNET_DISCONNECTED @ https://live-chat-static.sprinklr.com/chat/KL3C4JPaD/static/js/modern/mqtt.6d1dc8b7.js:1
[ 2897250ms] [ERROR] WebSocket connection to 'wss://prod5-lc-mqtt.sprinklr.com/mqtt' failed: Error in connection establishment: net::ERR_INTERNET_DISCONNECTED @ https://live-chat-static.sprinklr.com/chat/KL3C4JPaD/static/js/modern/mqtt.6d1dc8b7.js:1
[ 2901182ms] [ERROR] WebSocket connection to 'wss://prod5-lc-mqtt.sprinklr.com/mqtt' failed: Error in connection establishment: net::ERR_INTERNET_DISCONNECTED @ https://live-chat-static.sprinklr.com/chat/KL3C4JPaD/static/js/modern/mqtt.6d1dc8b7.js:1
[ 2902356ms] [ERROR] WebSocket connection to 'wss://prod5-lc-mqtt.sprinklr.com/mqtt' failed: Error in connection establishment: net::ERR_INTERNET_DISCONNECTED @ https://live-chat-static.sprinklr.com/chat/KL3C4JPaD/static/js/modern/mqtt.6d1dc8b7.js:1
[ 2905827ms] [ERROR] WebSocket connection to 'wss://prod5-lc-mqtt.sprinklr.com/mqtt' failed: Error in connection establishment: net::ERR_INTERNET_DISCONNECTED @ https://live-chat-static.sprinklr.com/chat/KL3C4JPaD/static/js/modern/mqtt.6d1dc8b7.js:1
[ 3334161ms] [ERROR] WebSocket connection to 'wss://prod5-lc-mqtt.sprinklr.com/mqtt' failed: Error in connection establishment: net::ERR_INTERNET_DISCONNECTED @ https://live-chat-static.sprinklr.com/chat/KL3C4JPaD/static/js/modern/mqtt.6d1dc8b7.js:1
[ 3337044ms] [ERROR] WebSocket connection to 'wss://prod5-lc-mqtt.sprinklr.com/mqtt' failed: Error in connection establishment: net::ERR_INTERNET_DISCONNECTED @ https://live-chat-static.sprinklr.com/chat/KL3C4JPaD/static/js/modern/mqtt.6d1dc8b7.js:1
[ 3337168ms] [ERROR] WebSocket connection to 'wss://prod5-lc-mqtt.sprinklr.com/mqtt' failed: Error in connection establishment: net::ERR_INTERNET_DISCONNECTED @ https://live-chat-static.sprinklr.com/chat/KL3C4JPaD/static/js/modern/mqtt.6d1dc8b7.js:1
[ 3341890ms] [ERROR] WebSocket connection to 'wss://prod5-lc-mqtt.sprinklr.com/mqtt' failed: Error in connection establishment: net::ERR_INTERNET_DISCONNECTED @ https://live-chat-static.sprinklr.com/chat/KL3C4JPaD/static/js/modern/mqtt.6d1dc8b7.js:1
[ 3342898ms] [ERROR] WebSocket connection to 'wss://prod5-lc-mqtt.sprinklr.com/mqtt' failed: Error in connection establishment: net::ERR_INTERNET_DISCONNECTED @ https://live-chat-static.sprinklr.com/chat/KL3C4JPaD/static/js/modern/mqtt.6d1dc8b7.js:1
[ 3345096ms] [ERROR] WebSocket connection to 'wss://prod5-lc-mqtt.sprinklr.com/mqtt' failed: Error in connection establishment: net::ERR_INTERNET_DISCONNECTED @ https://live-chat-static.sprinklr.com/chat/KL3C4JPaD/static/js/modern/mqtt.6d1dc8b7.js:1
[ 3345227ms] [ERROR] WebSocket connection to 'wss://prod5-lc-mqtt.sprinklr.com/mqtt' failed: Error in connection establishment: net::ERR_INTERNET_DISCONNECTED @ https://live-chat-static.sprinklr.com/chat/KL3C4JPaD/static/js/modern/mqtt.6d1dc8b7.js:1
[ 3347341ms] [ERROR] WebSocket connection to 'wss://prod5-lc-mqtt.sprinklr.com/mqtt' failed: Error in connection establishment: net::ERR_INTERNET_DISCONNECTED @ https://live-chat-static.sprinklr.com/chat/KL3C4JPaD/static/js/modern/mqtt.6d1dc8b7.js:1
[ 3350274ms] [ERROR] WebSocket connection to 'wss://prod5-lc-mqtt.sprinklr.com/mqtt' failed: Error in connection establishment: net::ERR_INTERNET_DISCONNECTED @ https://live-chat-static.sprinklr.com/chat/KL3C4JPaD/static/js/modern/mqtt.6d1dc8b7.js:1
[ 3350533ms] [ERROR] WebSocket connection to 'wss://prod5-lc-mqtt.sprinklr.com/mqtt' failed: Error in connection establishment: net::ERR_INTERNET_DISCONNECTED @ https://live-chat-static.sprinklr.com/chat/KL3C4JPaD/static/js/modern/mqtt.6d1dc8b7.js:1
[ 3353509ms] [ERROR] WebSocket connection to 'wss://prod5-lc-mqtt.sprinklr.com/mqtt' failed: Error in connection establishment: net::ERR_INTERNET_DISCONNECTED @ https://live-chat-static.sprinklr.com/chat/KL3C4JPaD/static/js/modern/mqtt.6d1dc8b7.js:1
[ 3354602ms] [ERROR] WebSocket connection to 'wss://prod5-lc-mqtt.sprinklr.com/mqtt' failed: Error in connection establishment: net::ERR_INTERNET_DISCONNECTED @ https://live-chat-static.sprinklr.com/chat/KL3C4JPaD/static/js/modern/mqtt.6d1dc8b7.js:1
[ 3357674ms] [ERROR] WebSocket connection to 'wss://prod5-lc-mqtt.sprinklr.com/mqtt' failed: Error in connection establishment: net::ERR_INTERNET_DISCONNECTED @ https://live-chat-static.sprinklr.com/chat/KL3C4JPaD/static/js/modern/mqtt.6d1dc8b7.js:1
[ 3365985ms] [WARNING] The resource https://ee.co.uk/etc.clientlibs/settings/wcm/designs/ee-common-2015/clientlibs_base/resources/fonts/rubrik_regular.woff was preloaded using link preload but not used within a few seconds from the window's load event. Please make sure it has an appropriate `as` value and it is preloaded intentionally. @ https://ee.co.uk/mobile/pay-monthly-phones-gallery?search=%3AofferingsOrder%3AproductBrands%3Abrands_honor:0
[ 3365986ms] [WARNING] The resource https://ee.co.uk/etc.clientlibs/settings/wcm/designs/ee-common-2015/clientlibs_base/resources/fonts/rubrik_semibold.woff was preloaded using link preload but not used within a few seconds from the window's load event. Please make sure it has an appropriate `as` value and it is preloaded intentionally. @ https://ee.co.uk/mobile/pay-monthly-phones-gallery?search=%3AofferingsOrder%3AproductBrands%3Abrands_honor:0
[ 3371351ms] [WARNING] The resource https://ee.co.uk/etc.clientlibs/settings/wcm/designs/ee-common-2015/clientlibs_base/resources/fonts/rubrik_regular.woff was preloaded using link preload but not used within a few seconds from the window's load event. Please make sure it has an appropriate `as` value and it is preloaded intentionally. @ https://ee.co.uk/mobile/pay-monthly-phones-gallery?search=%3AofferingsOrder%3AproductBrands%3Abrands_honor:0
[ 3371351ms] [WARNING] The resource https://ee.co.uk/etc.clientlibs/settings/wcm/designs/ee-common-2015/clientlibs_base/resources/fonts/rubrik_semibold.woff was preloaded using link preload but not used within a few seconds from the window's load event. Please make sure it has an appropriate `as` value and it is preloaded intentionally. @ https://ee.co.uk/mobile/pay-monthly-phones-gallery?search=%3AofferingsOrder%3AproductBrands%3Abrands_honor:0
[ 3547157ms] [ERROR] WebSocket connection to 'wss://prod5-lc-mqtt.sprinklr.com/mqtt' failed: Close received after close @ https://live-chat-static.sprinklr.com/chat/KL3C4JPaD/static/js/modern/mqtt.6d1dc8b7.js:1
[ 3547423ms] [WARNING] The resource https://ee.co.uk/etc.clientlibs/settings/wcm/designs/ee-common-2015/clientlibs_base/resources/fonts/rubrik_regular.woff was preloaded using link preload but not used within a few seconds from the window's load event. Please make sure it has an appropriate `as` value and it is preloaded intentionally. @ https://ee.co.uk/mobile/pay-monthly-phones-gallery?search=%3AofferingsOrder%3AproductBrands%3Abrands_honor:0
[ 3547424ms] [WARNING] The resource https://ee.co.uk/etc.clientlibs/settings/wcm/designs/ee-common-2015/clientlibs_base/resources/fonts/rubrik_semibold.woff was preloaded using link preload but not used within a few seconds from the window's load event. Please make sure it has an appropriate `as` value and it is preloaded intentionally. @ https://ee.co.uk/mobile/pay-monthly-phones-gallery?search=%3AofferingsOrder%3AproductBrands%3Abrands_honor:0
[ 3547669ms] [ERROR] WebSocket connection to 'wss://prod5-lc-mqtt.sprinklr.com/mqtt' failed: Close received after close @ https://live-chat-static.sprinklr.com/chat/KL3C4JPaD/static/js/modern/mqtt.6d1dc8b7.js:1
[ 3578767ms] [WARNING] The resource https://ee.co.uk/etc.clientlibs/settings/wcm/designs/ee-common-2015/clientlibs_base/resources/fonts/rubrik_regular.woff was preloaded using link preload but not used within a few seconds from the window's load event. Please make sure it has an appropriate `as` value and it is preloaded intentionally. @ https://ee.co.uk/mobile/pay-monthly-phones-gallery?search=%3AofferingsOrder%3AproductBrands%3Abrands_honor:0
[ 3578767ms] [WARNING] The resource https://ee.co.uk/etc.clientlibs/settings/wcm/designs/ee-common-2015/clientlibs_base/resources/fonts/rubrik_semibold.woff was preloaded using link preload but not used within a few seconds from the window's load event. Please make sure it has an appropriate `as` value and it is preloaded intentionally. @ https://ee.co.uk/mobile/pay-monthly-phones-gallery?search=%3AofferingsOrder%3AproductBrands%3Abrands_honor:0
[ 3598745ms] [WARNING] The resource https://ee.co.uk/etc.clientlibs/settings/wcm/designs/ee-common-2015/clientlibs_base/resources/fonts/rubrik_regular.woff was preloaded using link preload but not used within a few seconds from the window's load event. Please make sure it has an appropriate `as` value and it is preloaded intentionally. @ https://ee.co.uk/mobile/pay-monthly-phones-gallery?search=%3AofferingsOrder%3AproductBrands%3Abrands_honor:0
[ 3598745ms] [WARNING] The resource https://ee.co.uk/etc.clientlibs/settings/wcm/designs/ee-common-2015/clientlibs_base/resources/fonts/rubrik_semibold.woff was preloaded using link preload but not used within a few seconds from the window's load event. Please make sure it has an appropriate `as` value and it is preloaded intentionally. @ https://ee.co.uk/mobile/pay-monthly-phones-gallery?search=%3AofferingsOrder%3AproductBrands%3Abrands_honor:0
[ 3628119ms] [WARNING] The resource https://ee.co.uk/etc.clientlibs/settings/wcm/designs/ee-common-2015/clientlibs_base/resources/fonts/rubrik_regular.woff was preloaded using link preload but not used within a few seconds from the window's load event. Please make sure it has an appropriate `as` value and it is preloaded intentionally. @ https://ee.co.uk/mobile/pay-monthly-phones-gallery?search=%3AofferingsOrder%3AproductBrands%3Abrands_honor:0
[ 3628120ms] [WARNING] The resource https://ee.co.uk/etc.clientlibs/settings/wcm/designs/ee-common-2015/clientlibs_base/resources/fonts/rubrik_semibold.woff was preloaded using link preload but not used within a few seconds from the window's load event. Please make sure it has an appropriate `as` value and it is preloaded intentionally. @ https://ee.co.uk/mobile/pay-monthly-phones-gallery?search=%3AofferingsOrder%3AproductBrands%3Abrands_honor:0
[ 3956603ms] [WARNING] The resource https://ee.co.uk/etc.clientlibs/settings/wcm/designs/ee-common-2015/clientlibs_base/resources/fonts/rubrik_regular.woff was preloaded using link preload but not used within a few seconds from the window's load event. Please make sure it has an appropriate `as` value and it is preloaded intentionally. @ https://ee.co.uk/mobile/pay-monthly-phones-gallery?search=%3AofferingsOrder%3AproductBrands%3Abrands_honor:0
[ 3956603ms] [WARNING] The resource https://ee.co.uk/etc.clientlibs/settings/wcm/designs/ee-common-2015/clientlibs_base/resources/fonts/rubrik_semibold.woff was preloaded using link preload but not used within a few seconds from the window's load event. Please make sure it has an appropriate `as` value and it is preloaded intentionally. @ https://ee.co.uk/mobile/pay-monthly-phones-gallery?search=%3AofferingsOrder%3AproductBrands%3Abrands_honor:0
[ 4312766ms] [WARNING] The resource https://ee.co.uk/etc.clientlibs/settings/wcm/designs/ee-common-2015/clientlibs_base/resources/fonts/rubrik_regular.woff was preloaded using link preload but not used within a few seconds from the window's load event. Please make sure it has an appropriate `as` value and it is preloaded intentionally. @ https://ee.co.uk/mobile/pay-monthly-phones-gallery?search=%3AofferingsOrder%3AproductBrands%3Abrands_honor:0
[ 4312767ms] [WARNING] The resource https://ee.co.uk/etc.clientlibs/settings/wcm/designs/ee-common-2015/clientlibs_base/resources/fonts/rubrik_semibold.woff was preloaded using link preload but not used within a few seconds from the window's load event. Please make sure it has an appropriate `as` value and it is preloaded intentionally. @ https://ee.co.uk/mobile/pay-monthly-phones-gallery?search=%3AofferingsOrder%3AproductBrands%3Abrands_honor:0
[ 4668946ms] [WARNING] The resource https://ee.co.uk/etc.clientlibs/settings/wcm/designs/ee-common-2015/clientlibs_base/resources/fonts/rubrik_regular.woff was preloaded using link preload but not used within a few seconds from the window's load event. Please make sure it has an appropriate `as` value and it is preloaded intentionally. @ https://ee.co.uk/mobile/pay-monthly-phones-gallery?search=%3AofferingsOrder%3AproductBrands%3Abrands_honor:0
[ 4668947ms] [WARNING] The resource https://ee.co.uk/etc.clientlibs/settings/wcm/designs/ee-common-2015/clientlibs_base/resources/fonts/rubrik_semibold.woff was preloaded using link preload but not used within a few seconds from the window's load event. Please make sure it has an appropriate `as` value and it is preloaded intentionally. @ https://ee.co.uk/mobile/pay-monthly-phones-gallery?search=%3AofferingsOrder%3AproductBrands%3Abrands_honor:0
[ 4799856ms] [WARNING] The resource https://ee.co.uk/etc.clientlibs/settings/wcm/designs/ee-common-2015/clientlibs_base/resources/fonts/rubrik_regular.woff was preloaded using link preload but not used within a few seconds from the window's load event. Please make sure it has an appropriate `as` value and it is preloaded intentionally. @ https://ee.co.uk/mobile/pay-monthly-phones-gallery?search=%3AofferingsOrder%3AproductBrands%3Abrands_honor:0
[ 4799856ms] [WARNING] The resource https://ee.co.uk/etc.clientlibs/settings/wcm/designs/ee-common-2015/clientlibs_base/resources/fonts/rubrik_semibold.woff was preloaded using link preload but not used within a few seconds from the window's load event. Please make sure it has an appropriate `as` value and it is preloaded intentionally. @ https://ee.co.uk/mobile/pay-monthly-phones-gallery?search=%3AofferingsOrder%3AproductBrands%3Abrands_honor:0
[ 5302491ms] [WARNING] The resource https://ee.co.uk/etc.clientlibs/settings/wcm/designs/ee-common-2015/clientlibs_base/resources/fonts/rubrik_regular.woff was preloaded using link preload but not used within a few seconds from the window's load event. Please make sure it has an appropriate `as` value and it is preloaded intentionally. @ https://ee.co.uk/mobile/pay-monthly-phones-gallery?search=%3AofferingsOrder%3AproductBrands%3Abrands_honor:0
[ 5302491ms] [WARNING] The resource https://ee.co.uk/etc.clientlibs/settings/wcm/designs/ee-common-2015/clientlibs_base/resources/fonts/rubrik_semibold.woff was preloaded using link preload but not used within a few seconds from the window's load event. Please make sure it has an appropriate `as` value and it is preloaded intentionally. @ https://ee.co.uk/mobile/pay-monthly-phones-gallery?search=%3AofferingsOrder%3AproductBrands%3Abrands_honor:0
[ 6409936ms] [WARNING] The resource https://ee.co.uk/etc.clientlibs/settings/wcm/designs/ee-common-2015/clientlibs_base/resources/fonts/rubrik_regular.woff was preloaded using link preload but not used within a few seconds from the window's load event. Please make sure it has an appropriate `as` value and it is preloaded intentionally. @ https://ee.co.uk/mobile/pay-monthly-phones-gallery?search=%3AofferingsOrder%3AproductBrands%3Abrands_honor:0
[ 6409937ms] [WARNING] The resource https://ee.co.uk/etc.clientlibs/settings/wcm/designs/ee-common-2015/clientlibs_base/resources/fonts/rubrik_semibold.woff was preloaded using link preload but not used within a few seconds from the window's load event. Please make sure it has an appropriate `as` value and it is preloaded intentionally. @ https://ee.co.uk/mobile/pay-monthly-phones-gallery?search=%3AofferingsOrder%3AproductBrands%3Abrands_honor:0
