[    3661ms] [WARNING]  [33m[1m⚠[22m[39m Runtime config is deprecated and will be removed in Next.js 16. Please remove the usage of "next/config" from your project. @ https://ee.co.uk/shop_mobile/_next/static/chunks/pages/_app-5db325b61ed12ccf.js:30
[    3770ms] Error: Minified React error #418; visit https://react.dev/errors/418?args[]=text&args[]= for the full message or use the non-minified dev environment for full errors and additional helpful warnings.
    at rO (https://ee.co.uk/shop_mobile/_next/static/chunks/framework-362268fe6de55927.js:1:46046)
    at https://ee.co.uk/shop_mobile/_next/static/chunks/framework-362268fe6de55927.js:1:132148
    at sC (https://ee.co.uk/shop_mobile/_next/static/chunks/framework-362268fe6de55927.js:1:135452)
    at sw (https://ee.co.uk/shop_mobile/_next/static/chunks/framework-362268fe6de55927.js:1:127240)
    at https://ee.co.uk/shop_mobile/_next/static/chunks/framework-362268fe6de55927.js:1:127024
    at sS (https://ee.co.uk/shop_mobile/_next/static/chunks/framework-362268fe6de55927.js:1:127032)
    at sc (https://ee.co.uk/shop_mobile/_next/static/chunks/framework-362268fe6de55927.js:1:122407)
    at sJ (https://ee.co.uk/shop_mobile/_next/static/chunks/framework-362268fe6de55927.js:1:145545)
    at MessagePort._ (https://ee.co.uk/shop_mobile/_next/static/chunks/framework-362268fe6de55927.js:1:9028)
[    3825ms] [INFO] AIMEE is enabled with Version 1.1.53 @ https://ee.co.uk/exp/ge/bundle-contents-hydrate.js?8f6e21a784dea80c72ef8d8fd9244558:45999
[    3830ms] [INFO] UPDATE MINI BASKET 1.12.0 @ https://ee.co.uk/exp/ge/bundle-contents-hydrate.js?8f6e21a784dea80c72ef8d8fd9244558:15068
[    4098ms] [WARNING] Loop: `FormControl` is deprecated. It will be removed in a future major release, please use `FormControlV2` instead. @ https://ee.co.uk/shop_mobile/_next/static/chunks/pages/_app-5db325b61ed12ccf.js:0
[    4331ms] [INFO] AIMEE is enabled with Version 1.1.53 @ https://ee.co.uk/exp/ge/bundle-contents-hydrate.js?8f6e21a784dea80c72ef8d8fd9244558:45999
[    4459ms] [LOG] Call to dtrum.enable() had no effect since RUM JavaScript agent was already enabled or opt-in mode was not active! @ https://ee.co.uk/ruxitagentjs_ICA15789NPRTUVXfghlqrux_10339260603164134.js:175
[    4535ms] [LOG] 30% Discount Plan Filter: URL monitoring started... @ :103
[    4579ms] [WARNING] 

⚠️ Your `allowedTags` option includes, `style`, which is inherently
vulnerable to XSS attacks. Please remove it from `allowedTags`.
Or, to disable this warning, add the `allowVulnerableTags` option
and ensure you are accounting for this risk.

 @ https://ee.co.uk/shop_mobile/_next/static/chunks/25733-2091d58d50dec18c.js:0
[    4580ms] [WARNING] 

⚠️ Your `allowedTags` option includes, `style`, which is inherently
vulnerable to XSS attacks. Please remove it from `allowedTags`.
Or, to disable this warning, add the `allowVulnerableTags` option
and ensure you are accounting for this risk.

 @ https://ee.co.uk/shop_mobile/_next/static/chunks/25733-2091d58d50dec18c.js:0
[    4580ms] [WARNING] 

⚠️ Your `allowedTags` option includes, `style`, which is inherently
vulnerable to XSS attacks. Please remove it from `allowedTags`.
Or, to disable this warning, add the `allowVulnerableTags` option
and ensure you are accounting for this risk.

 @ https://ee.co.uk/shop_mobile/_next/static/chunks/25733-2091d58d50dec18c.js:0
[    4580ms] [WARNING] 

⚠️ Your `allowedTags` option includes, `style`, which is inherently
vulnerable to XSS attacks. Please remove it from `allowedTags`.
Or, to disable this warning, add the `allowVulnerableTags` option
and ensure you are accounting for this risk.

 @ https://ee.co.uk/shop_mobile/_next/static/chunks/25733-2091d58d50dec18c.js:0
[    4581ms] [WARNING] 

⚠️ Your `allowedTags` option includes, `style`, which is inherently
vulnerable to XSS attacks. Please remove it from `allowedTags`.
Or, to disable this warning, add the `allowVulnerableTags` option
and ensure you are accounting for this risk.

 @ https://ee.co.uk/shop_mobile/_next/static/chunks/25733-2091d58d50dec18c.js:0
[    4581ms] [WARNING] 

⚠️ Your `allowedTags` option includes, `style`, which is inherently
vulnerable to XSS attacks. Please remove it from `allowedTags`.
Or, to disable this warning, add the `allowVulnerableTags` option
and ensure you are accounting for this risk.

 @ https://ee.co.uk/shop_mobile/_next/static/chunks/25733-2091d58d50dec18c.js:0
[    4581ms] [WARNING] 

⚠️ Your `allowedTags` option includes, `style`, which is inherently
vulnerable to XSS attacks. Please remove it from `allowedTags`.
Or, to disable this warning, add the `allowVulnerableTags` option
and ensure you are accounting for this risk.

 @ https://ee.co.uk/shop_mobile/_next/static/chunks/25733-2091d58d50dec18c.js:0
[    4581ms] [WARNING] 

⚠️ Your `allowedTags` option includes, `style`, which is inherently
vulnerable to XSS attacks. Please remove it from `allowedTags`.
Or, to disable this warning, add the `allowVulnerableTags` option
and ensure you are accounting for this risk.

 @ https://ee.co.uk/shop_mobile/_next/static/chunks/25733-2091d58d50dec18c.js:0
[    4581ms] [WARNING] 

⚠️ Your `allowedTags` option includes, `style`, which is inherently
vulnerable to XSS attacks. Please remove it from `allowedTags`.
Or, to disable this warning, add the `allowVulnerableTags` option
and ensure you are accounting for this risk.

 @ https://ee.co.uk/shop_mobile/_next/static/chunks/25733-2091d58d50dec18c.js:0
[    4581ms] [WARNING] 

⚠️ Your `allowedTags` option includes, `style`, which is inherently
vulnerable to XSS attacks. Please remove it from `allowedTags`.
Or, to disable this warning, add the `allowVulnerableTags` option
and ensure you are accounting for this risk.

 @ https://ee.co.uk/shop_mobile/_next/static/chunks/25733-2091d58d50dec18c.js:0
[    4581ms] [WARNING] 

⚠️ Your `allowedTags` option includes, `style`, which is inherently
vulnerable to XSS attacks. Please remove it from `allowedTags`.
Or, to disable this warning, add the `allowVulnerableTags` option
and ensure you are accounting for this risk.

 @ https://ee.co.uk/shop_mobile/_next/static/chunks/25733-2091d58d50dec18c.js:0
[    4581ms] [WARNING] 

⚠️ Your `allowedTags` option includes, `style`, which is inherently
vulnerable to XSS attacks. Please remove it from `allowedTags`.
Or, to disable this warning, add the `allowVulnerableTags` option
and ensure you are accounting for this risk.

 @ https://ee.co.uk/shop_mobile/_next/static/chunks/25733-2091d58d50dec18c.js:0
[    4582ms] [WARNING] 

⚠️ Your `allowedTags` option includes, `style`, which is inherently
vulnerable to XSS attacks. Please remove it from `allowedTags`.
Or, to disable this warning, add the `allowVulnerableTags` option
and ensure you are accounting for this risk.

 @ https://ee.co.uk/shop_mobile/_next/static/chunks/25733-2091d58d50dec18c.js:0
[    4582ms] [WARNING] 

⚠️ Your `allowedTags` option includes, `style`, which is inherently
vulnerable to XSS attacks. Please remove it from `allowedTags`.
Or, to disable this warning, add the `allowVulnerableTags` option
and ensure you are accounting for this risk.

 @ https://ee.co.uk/shop_mobile/_next/static/chunks/25733-2091d58d50dec18c.js:0
[    4582ms] [WARNING] 

⚠️ Your `allowedTags` option includes, `style`, which is inherently
vulnerable to XSS attacks. Please remove it from `allowedTags`.
Or, to disable this warning, add the `allowVulnerableTags` option
and ensure you are accounting for this risk.

 @ https://ee.co.uk/shop_mobile/_next/static/chunks/25733-2091d58d50dec18c.js:0
[    4582ms] [WARNING] 

⚠️ Your `allowedTags` option includes, `style`, which is inherently
vulnerable to XSS attacks. Please remove it from `allowedTags`.
Or, to disable this warning, add the `allowVulnerableTags` option
and ensure you are accounting for this risk.

 @ https://ee.co.uk/shop_mobile/_next/static/chunks/25733-2091d58d50dec18c.js:0
[    4582ms] [WARNING] 

⚠️ Your `allowedTags` option includes, `style`, which is inherently
vulnerable to XSS attacks. Please remove it from `allowedTags`.
Or, to disable this warning, add the `allowVulnerableTags` option
and ensure you are accounting for this risk.

 @ https://ee.co.uk/shop_mobile/_next/static/chunks/25733-2091d58d50dec18c.js:0
[    4582ms] [WARNING] 

⚠️ Your `allowedTags` option includes, `style`, which is inherently
vulnerable to XSS attacks. Please remove it from `allowedTags`.
Or, to disable this warning, add the `allowVulnerableTags` option
and ensure you are accounting for this risk.

 @ https://ee.co.uk/shop_mobile/_next/static/chunks/25733-2091d58d50dec18c.js:0
[    4582ms] [WARNING] 

⚠️ Your `allowedTags` option includes, `style`, which is inherently
vulnerable to XSS attacks. Please remove it from `allowedTags`.
Or, to disable this warning, add the `allowVulnerableTags` option
and ensure you are accounting for this risk.

 @ https://ee.co.uk/shop_mobile/_next/static/chunks/25733-2091d58d50dec18c.js:0
[    4582ms] [WARNING] 

⚠️ Your `allowedTags` option includes, `style`, which is inherently
vulnerable to XSS attacks. Please remove it from `allowedTags`.
Or, to disable this warning, add the `allowVulnerableTags` option
and ensure you are accounting for this risk.

 @ https://ee.co.uk/shop_mobile/_next/static/chunks/25733-2091d58d50dec18c.js:0
[    4582ms] [WARNING] 

⚠️ Your `allowedTags` option includes, `style`, which is inherently
vulnerable to XSS attacks. Please remove it from `allowedTags`.
Or, to disable this warning, add the `allowVulnerableTags` option
and ensure you are accounting for this risk.

 @ https://ee.co.uk/shop_mobile/_next/static/chunks/25733-2091d58d50dec18c.js:0
[    4583ms] [WARNING] 

⚠️ Your `allowedTags` option includes, `style`, which is inherently
vulnerable to XSS attacks. Please remove it from `allowedTags`.
Or, to disable this warning, add the `allowVulnerableTags` option
and ensure you are accounting for this risk.

 @ https://ee.co.uk/shop_mobile/_next/static/chunks/25733-2091d58d50dec18c.js:0
[    4583ms] [WARNING] 

⚠️ Your `allowedTags` option includes, `style`, which is inherently
vulnerable to XSS attacks. Please remove it from `allowedTags`.
Or, to disable this warning, add the `allowVulnerableTags` option
and ensure you are accounting for this risk.

 @ https://ee.co.uk/shop_mobile/_next/static/chunks/25733-2091d58d50dec18c.js:0
[    4583ms] [WARNING] 

⚠️ Your `allowedTags` option includes, `style`, which is inherently
vulnerable to XSS attacks. Please remove it from `allowedTags`.
Or, to disable this warning, add the `allowVulnerableTags` option
and ensure you are accounting for this risk.

 @ https://ee.co.uk/shop_mobile/_next/static/chunks/25733-2091d58d50dec18c.js:0
[    4583ms] [WARNING] 

⚠️ Your `allowedTags` option includes, `style`, which is inherently
vulnerable to XSS attacks. Please remove it from `allowedTags`.
Or, to disable this warning, add the `allowVulnerableTags` option
and ensure you are accounting for this risk.

 @ https://ee.co.uk/shop_mobile/_next/static/chunks/25733-2091d58d50dec18c.js:0
[    4583ms] [WARNING] 

⚠️ Your `allowedTags` option includes, `style`, which is inherently
vulnerable to XSS attacks. Please remove it from `allowedTags`.
Or, to disable this warning, add the `allowVulnerableTags` option
and ensure you are accounting for this risk.

 @ https://ee.co.uk/shop_mobile/_next/static/chunks/25733-2091d58d50dec18c.js:0
[    4583ms] [WARNING] 

⚠️ Your `allowedTags` option includes, `style`, which is inherently
vulnerable to XSS attacks. Please remove it from `allowedTags`.
Or, to disable this warning, add the `allowVulnerableTags` option
and ensure you are accounting for this risk.

 @ https://ee.co.uk/shop_mobile/_next/static/chunks/25733-2091d58d50dec18c.js:0
[    4583ms] [WARNING] 

⚠️ Your `allowedTags` option includes, `style`, which is inherently
vulnerable to XSS attacks. Please remove it from `allowedTags`.
Or, to disable this warning, add the `allowVulnerableTags` option
and ensure you are accounting for this risk.

 @ https://ee.co.uk/shop_mobile/_next/static/chunks/25733-2091d58d50dec18c.js:0
[    4585ms] [WARNING] 

⚠️ Your `allowedTags` option includes, `style`, which is inherently
vulnerable to XSS attacks. Please remove it from `allowedTags`.
Or, to disable this warning, add the `allowVulnerableTags` option
and ensure you are accounting for this risk.

 @ https://ee.co.uk/shop_mobile/_next/static/chunks/25733-2091d58d50dec18c.js:0
[    4585ms] [WARNING] 

⚠️ Your `allowedTags` option includes, `style`, which is inherently
vulnerable to XSS attacks. Please remove it from `allowedTags`.
Or, to disable this warning, add the `allowVulnerableTags` option
and ensure you are accounting for this risk.

 @ https://ee.co.uk/shop_mobile/_next/static/chunks/25733-2091d58d50dec18c.js:0
[    4585ms] [WARNING] 

⚠️ Your `allowedTags` option includes, `style`, which is inherently
vulnerable to XSS attacks. Please remove it from `allowedTags`.
Or, to disable this warning, add the `allowVulnerableTags` option
and ensure you are accounting for this risk.

 @ https://ee.co.uk/shop_mobile/_next/static/chunks/25733-2091d58d50dec18c.js:0
[    4585ms] [WARNING] 

⚠️ Your `allowedTags` option includes, `style`, which is inherently
vulnerable to XSS attacks. Please remove it from `allowedTags`.
Or, to disable this warning, add the `allowVulnerableTags` option
and ensure you are accounting for this risk.

 @ https://ee.co.uk/shop_mobile/_next/static/chunks/25733-2091d58d50dec18c.js:0
[    4585ms] [WARNING] 

⚠️ Your `allowedTags` option includes, `style`, which is inherently
vulnerable to XSS attacks. Please remove it from `allowedTags`.
Or, to disable this warning, add the `allowVulnerableTags` option
and ensure you are accounting for this risk.

 @ https://ee.co.uk/shop_mobile/_next/static/chunks/25733-2091d58d50dec18c.js:0
[    4585ms] [WARNING] 

⚠️ Your `allowedTags` option includes, `style`, which is inherently
vulnerable to XSS attacks. Please remove it from `allowedTags`.
Or, to disable this warning, add the `allowVulnerableTags` option
and ensure you are accounting for this risk.

 @ https://ee.co.uk/shop_mobile/_next/static/chunks/25733-2091d58d50dec18c.js:0
[    4585ms] [WARNING] 

⚠️ Your `allowedTags` option includes, `style`, which is inherently
vulnerable to XSS attacks. Please remove it from `allowedTags`.
Or, to disable this warning, add the `allowVulnerableTags` option
and ensure you are accounting for this risk.

 @ https://ee.co.uk/shop_mobile/_next/static/chunks/25733-2091d58d50dec18c.js:0
[    4586ms] [WARNING] 

⚠️ Your `allowedTags` option includes, `style`, which is inherently
vulnerable to XSS attacks. Please remove it from `allowedTags`.
Or, to disable this warning, add the `allowVulnerableTags` option
and ensure you are accounting for this risk.

 @ https://ee.co.uk/shop_mobile/_next/static/chunks/25733-2091d58d50dec18c.js:0
[    4586ms] [WARNING] 

⚠️ Your `allowedTags` option includes, `style`, which is inherently
vulnerable to XSS attacks. Please remove it from `allowedTags`.
Or, to disable this warning, add the `allowVulnerableTags` option
and ensure you are accounting for this risk.

 @ https://ee.co.uk/shop_mobile/_next/static/chunks/25733-2091d58d50dec18c.js:0
[    4586ms] [WARNING] 

⚠️ Your `allowedTags` option includes, `style`, which is inherently
vulnerable to XSS attacks. Please remove it from `allowedTags`.
Or, to disable this warning, add the `allowVulnerableTags` option
and ensure you are accounting for this risk.

 @ https://ee.co.uk/shop_mobile/_next/static/chunks/25733-2091d58d50dec18c.js:0
[    4586ms] [WARNING] 

⚠️ Your `allowedTags` option includes, `style`, which is inherently
vulnerable to XSS attacks. Please remove it from `allowedTags`.
Or, to disable this warning, add the `allowVulnerableTags` option
and ensure you are accounting for this risk.

 @ https://ee.co.uk/shop_mobile/_next/static/chunks/25733-2091d58d50dec18c.js:0
[    4586ms] [WARNING] 

⚠️ Your `allowedTags` option includes, `style`, which is inherently
vulnerable to XSS attacks. Please remove it from `allowedTags`.
Or, to disable this warning, add the `allowVulnerableTags` option
and ensure you are accounting for this risk.

 @ https://ee.co.uk/shop_mobile/_next/static/chunks/25733-2091d58d50dec18c.js:0
[    4586ms] [WARNING] 

⚠️ Your `allowedTags` option includes, `style`, which is inherently
vulnerable to XSS attacks. Please remove it from `allowedTags`.
Or, to disable this warning, add the `allowVulnerableTags` option
and ensure you are accounting for this risk.

 @ https://ee.co.uk/shop_mobile/_next/static/chunks/25733-2091d58d50dec18c.js:0
[    4586ms] [WARNING] 

⚠️ Your `allowedTags` option includes, `style`, which is inherently
vulnerable to XSS attacks. Please remove it from `allowedTags`.
Or, to disable this warning, add the `allowVulnerableTags` option
and ensure you are accounting for this risk.

 @ https://ee.co.uk/shop_mobile/_next/static/chunks/25733-2091d58d50dec18c.js:0
[    4586ms] [WARNING] 

⚠️ Your `allowedTags` option includes, `style`, which is inherently
vulnerable to XSS attacks. Please remove it from `allowedTags`.
Or, to disable this warning, add the `allowVulnerableTags` option
and ensure you are accounting for this risk.

 @ https://ee.co.uk/shop_mobile/_next/static/chunks/25733-2091d58d50dec18c.js:0
[    4587ms] [WARNING] 

⚠️ Your `allowedTags` option includes, `style`, which is inherently
vulnerable to XSS attacks. Please remove it from `allowedTags`.
Or, to disable this warning, add the `allowVulnerableTags` option
and ensure you are accounting for this risk.

 @ https://ee.co.uk/shop_mobile/_next/static/chunks/25733-2091d58d50dec18c.js:0
[    4587ms] [WARNING] 

⚠️ Your `allowedTags` option includes, `style`, which is inherently
vulnerable to XSS attacks. Please remove it from `allowedTags`.
Or, to disable this warning, add the `allowVulnerableTags` option
and ensure you are accounting for this risk.

 @ https://ee.co.uk/shop_mobile/_next/static/chunks/25733-2091d58d50dec18c.js:0
[    4587ms] [WARNING] 

⚠️ Your `allowedTags` option includes, `style`, which is inherently
vulnerable to XSS attacks. Please remove it from `allowedTags`.
Or, to disable this warning, add the `allowVulnerableTags` option
and ensure you are accounting for this risk.

 @ https://ee.co.uk/shop_mobile/_next/static/chunks/25733-2091d58d50dec18c.js:0
[    4587ms] [WARNING] 

⚠️ Your `allowedTags` option includes, `style`, which is inherently
vulnerable to XSS attacks. Please remove it from `allowedTags`.
Or, to disable this warning, add the `allowVulnerableTags` option
and ensure you are accounting for this risk.

 @ https://ee.co.uk/shop_mobile/_next/static/chunks/25733-2091d58d50dec18c.js:0
[    4587ms] [WARNING] 

⚠️ Your `allowedTags` option includes, `style`, which is inherently
vulnerable to XSS attacks. Please remove it from `allowedTags`.
Or, to disable this warning, add the `allowVulnerableTags` option
and ensure you are accounting for this risk.

 @ https://ee.co.uk/shop_mobile/_next/static/chunks/25733-2091d58d50dec18c.js:0
[    4587ms] [WARNING] 

⚠️ Your `allowedTags` option includes, `style`, which is inherently
vulnerable to XSS attacks. Please remove it from `allowedTags`.
Or, to disable this warning, add the `allowVulnerableTags` option
and ensure you are accounting for this risk.

 @ https://ee.co.uk/shop_mobile/_next/static/chunks/25733-2091d58d50dec18c.js:0
[    4588ms] [WARNING] 

⚠️ Your `allowedTags` option includes, `style`, which is inherently
vulnerable to XSS attacks. Please remove it from `allowedTags`.
Or, to disable this warning, add the `allowVulnerableTags` option
and ensure you are accounting for this risk.

 @ https://ee.co.uk/shop_mobile/_next/static/chunks/25733-2091d58d50dec18c.js:0
[    4588ms] [WARNING] 

⚠️ Your `allowedTags` option includes, `style`, which is inherently
vulnerable to XSS attacks. Please remove it from `allowedTags`.
Or, to disable this warning, add the `allowVulnerableTags` option
and ensure you are accounting for this risk.

 @ https://ee.co.uk/shop_mobile/_next/static/chunks/25733-2091d58d50dec18c.js:0
[    4592ms] [WARNING] 

⚠️ Your `allowedTags` option includes, `style`, which is inherently
vulnerable to XSS attacks. Please remove it from `allowedTags`.
Or, to disable this warning, add the `allowVulnerableTags` option
and ensure you are accounting for this risk.

 @ https://ee.co.uk/shop_mobile/_next/static/chunks/25733-2091d58d50dec18c.js:0
[    4592ms] [WARNING] 

⚠️ Your `allowedTags` option includes, `style`, which is inherently
vulnerable to XSS attacks. Please remove it from `allowedTags`.
Or, to disable this warning, add the `allowVulnerableTags` option
and ensure you are accounting for this risk.

 @ https://ee.co.uk/shop_mobile/_next/static/chunks/25733-2091d58d50dec18c.js:0
[    4592ms] [WARNING] 

⚠️ Your `allowedTags` option includes, `style`, which is inherently
vulnerable to XSS attacks. Please remove it from `allowedTags`.
Or, to disable this warning, add the `allowVulnerableTags` option
and ensure you are accounting for this risk.

 @ https://ee.co.uk/shop_mobile/_next/static/chunks/25733-2091d58d50dec18c.js:0
[    4593ms] [WARNING] 

⚠️ Your `allowedTags` option includes, `style`, which is inherently
vulnerable to XSS attacks. Please remove it from `allowedTags`.
Or, to disable this warning, add the `allowVulnerableTags` option
and ensure you are accounting for this risk.

 @ https://ee.co.uk/shop_mobile/_next/static/chunks/25733-2091d58d50dec18c.js:0
[    4593ms] [WARNING] 

⚠️ Your `allowedTags` option includes, `style`, which is inherently
vulnerable to XSS attacks. Please remove it from `allowedTags`.
Or, to disable this warning, add the `allowVulnerableTags` option
and ensure you are accounting for this risk.

 @ https://ee.co.uk/shop_mobile/_next/static/chunks/25733-2091d58d50dec18c.js:0
[    4593ms] [WARNING] 

⚠️ Your `allowedTags` option includes, `style`, which is inherently
vulnerable to XSS attacks. Please remove it from `allowedTags`.
Or, to disable this warning, add the `allowVulnerableTags` option
and ensure you are accounting for this risk.

 @ https://ee.co.uk/shop_mobile/_next/static/chunks/25733-2091d58d50dec18c.js:0
[    4593ms] [WARNING] 

⚠️ Your `allowedTags` option includes, `style`, which is inherently
vulnerable to XSS attacks. Please remove it from `allowedTags`.
Or, to disable this warning, add the `allowVulnerableTags` option
and ensure you are accounting for this risk.

 @ https://ee.co.uk/shop_mobile/_next/static/chunks/25733-2091d58d50dec18c.js:0
[    4593ms] [WARNING] 

⚠️ Your `allowedTags` option includes, `style`, which is inherently
vulnerable to XSS attacks. Please remove it from `allowedTags`.
Or, to disable this warning, add the `allowVulnerableTags` option
and ensure you are accounting for this risk.

 @ https://ee.co.uk/shop_mobile/_next/static/chunks/25733-2091d58d50dec18c.js:0
[    4593ms] [WARNING] 

⚠️ Your `allowedTags` option includes, `style`, which is inherently
vulnerable to XSS attacks. Please remove it from `allowedTags`.
Or, to disable this warning, add the `allowVulnerableTags` option
and ensure you are accounting for this risk.

 @ https://ee.co.uk/shop_mobile/_next/static/chunks/25733-2091d58d50dec18c.js:0
[    4593ms] [WARNING] 

⚠️ Your `allowedTags` option includes, `style`, which is inherently
vulnerable to XSS attacks. Please remove it from `allowedTags`.
Or, to disable this warning, add the `allowVulnerableTags` option
and ensure you are accounting for this risk.

 @ https://ee.co.uk/shop_mobile/_next/static/chunks/25733-2091d58d50dec18c.js:0
[    4690ms] [INFO] UPDATE MINI BASKET 1.12.0 @ https://ee.co.uk/exp/ge/bundle-contents-hydrate.js?8f6e21a784dea80c72ef8d8fd9244558:15068
[    4723ms] [LOG] [AAT] Region explicitly set to EU @ https://c.amazon-adsystem.com/aat/amzn.js:1
[    4938ms] [WARNING] 

⚠️ Your `allowedTags` option includes, `style`, which is inherently
vulnerable to XSS attacks. Please remove it from `allowedTags`.
Or, to disable this warning, add the `allowVulnerableTags` option
and ensure you are accounting for this risk.

 @ https://ee.co.uk/shop_mobile/_next/static/chunks/25733-2091d58d50dec18c.js:0
[    5140ms] [INFO] UPDATE MINI BASKET 1.12.0 @ https://ee.co.uk/exp/ge/bundle-contents-hydrate.js?8f6e21a784dea80c72ef8d8fd9244558:15068
[    5141ms] [INFO] UPDATE MINI BASKET 1.12.0 @ https://ee.co.uk/exp/ge/bundle-contents-hydrate.js?8f6e21a784dea80c72ef8d8fd9244558:15068
[    5142ms] [INFO] UPDATE MINI BASKET 1.12.0 @ https://ee.co.uk/exp/ge/bundle-contents-hydrate.js?8f6e21a784dea80c72ef8d8fd9244558:15068
[    5142ms] [INFO] UPDATE MINI BASKET 1.12.0 @ https://ee.co.uk/exp/ge/bundle-contents-hydrate.js?8f6e21a784dea80c72ef8d8fd9244558:15068
[   18250ms] [WARNING] The resource https://ee.co.uk/etc.clientlibs/settings/wcm/designs/ee-common-2015/clientlibs_base/resources/fonts/rubrik_regular.woff was preloaded using link preload but not used within a few seconds from the window's load event. Please make sure it has an appropriate `as` value and it is preloaded intentionally. @ https://ee.co.uk/mobile/pay-monthly-phones-gallery/samsung-galaxy-a27-5g-details:0
[   18250ms] [WARNING] The resource https://ee.co.uk/etc.clientlibs/settings/wcm/designs/ee-common-2015/clientlibs_base/resources/fonts/rubrik_semibold.woff was preloaded using link preload but not used within a few seconds from the window's load event. Please make sure it has an appropriate `as` value and it is preloaded intentionally. @ https://ee.co.uk/mobile/pay-monthly-phones-gallery/samsung-galaxy-a27-5g-details:0
