[    3661ms] [WARNING]  [33m[1m⚠[22m[39m Runtime config is deprecated and will be removed in Next.js 16. Please remove the usage of "next/config" from your project. @ https://ee.co.uk/shop_mobile/_next/static/chunks/pages/_app-5db325b61ed12ccf.js:30
[    3859ms] Error: Minified React error #418; visit https://react.dev/errors/418?args[]=text&args[]= for the full message or use the non-minified dev environment for full errors and additional helpful warnings.
    at rO (https://ee.co.uk/shop_mobile/_next/static/chunks/framework-362268fe6de55927.js:1:46046)
    at https://ee.co.uk/shop_mobile/_next/static/chunks/framework-362268fe6de55927.js:1:132148
    at sC (https://ee.co.uk/shop_mobile/_next/static/chunks/framework-362268fe6de55927.js:1:135452)
    at sw (https://ee.co.uk/shop_mobile/_next/static/chunks/framework-362268fe6de55927.js:1:127240)
    at https://ee.co.uk/shop_mobile/_next/static/chunks/framework-362268fe6de55927.js:1:127024
    at sS (https://ee.co.uk/shop_mobile/_next/static/chunks/framework-362268fe6de55927.js:1:127032)
    at sc (https://ee.co.uk/shop_mobile/_next/static/chunks/framework-362268fe6de55927.js:1:122407)
    at sJ (https://ee.co.uk/shop_mobile/_next/static/chunks/framework-362268fe6de55927.js:1:145545)
    at MessagePort._ (https://ee.co.uk/shop_mobile/_next/static/chunks/framework-362268fe6de55927.js:1:9028)
[    3977ms] [INFO] AIMEE is enabled with Version 1.1.53 @ https://ee.co.uk/exp/ge/bundle-contents-hydrate.js?8f6e21a784dea80c72ef8d8fd9244558:45999
[    3984ms] [INFO] UPDATE MINI BASKET 1.12.0 @ https://ee.co.uk/exp/ge/bundle-contents-hydrate.js?8f6e21a784dea80c72ef8d8fd9244558:15068
[    4267ms] [WARNING] Loop: `FormControl` is deprecated. It will be removed in a future major release, please use `FormControlV2` instead. @ https://ee.co.uk/shop_mobile/_next/static/chunks/pages/_app-5db325b61ed12ccf.js:0
[    4267ms] [WARNING] Loop: `FormControl` is deprecated. It will be removed in a future major release, please use `FormControlV2` instead. @ https://ee.co.uk/shop_mobile/_next/static/chunks/pages/_app-5db325b61ed12ccf.js:0
[    4487ms] [INFO] AIMEE is enabled with Version 1.1.53 @ https://ee.co.uk/exp/ge/bundle-contents-hydrate.js?8f6e21a784dea80c72ef8d8fd9244558:45999
[    4524ms] [LOG] [AAT] Region explicitly set to EU @ https://c.amazon-adsystem.com/aat/amzn.js:1
[    4592ms] [WARNING] 

⚠️ Your `allowedTags` option includes, `style`, which is inherently
vulnerable to XSS attacks. Please remove it from `allowedTags`.
Or, to disable this warning, add the `allowVulnerableTags` option
and ensure you are accounting for this risk.

 @ https://ee.co.uk/shop_mobile/_next/static/chunks/25733-2091d58d50dec18c.js:0
[    4592ms] [WARNING] 

⚠️ Your `allowedTags` option includes, `style`, which is inherently
vulnerable to XSS attacks. Please remove it from `allowedTags`.
Or, to disable this warning, add the `allowVulnerableTags` option
and ensure you are accounting for this risk.

 @ https://ee.co.uk/shop_mobile/_next/static/chunks/25733-2091d58d50dec18c.js:0
[    4593ms] [WARNING] 

⚠️ Your `allowedTags` option includes, `style`, which is inherently
vulnerable to XSS attacks. Please remove it from `allowedTags`.
Or, to disable this warning, add the `allowVulnerableTags` option
and ensure you are accounting for this risk.

 @ https://ee.co.uk/shop_mobile/_next/static/chunks/25733-2091d58d50dec18c.js:0
[    4593ms] [WARNING] 

⚠️ Your `allowedTags` option includes, `style`, which is inherently
vulnerable to XSS attacks. Please remove it from `allowedTags`.
Or, to disable this warning, add the `allowVulnerableTags` option
and ensure you are accounting for this risk.

 @ https://ee.co.uk/shop_mobile/_next/static/chunks/25733-2091d58d50dec18c.js:0
[    4593ms] [WARNING] 

⚠️ Your `allowedTags` option includes, `style`, which is inherently
vulnerable to XSS attacks. Please remove it from `allowedTags`.
Or, to disable this warning, add the `allowVulnerableTags` option
and ensure you are accounting for this risk.

 @ https://ee.co.uk/shop_mobile/_next/static/chunks/25733-2091d58d50dec18c.js:0
[    4593ms] [WARNING] 

⚠️ Your `allowedTags` option includes, `style`, which is inherently
vulnerable to XSS attacks. Please remove it from `allowedTags`.
Or, to disable this warning, add the `allowVulnerableTags` option
and ensure you are accounting for this risk.

 @ https://ee.co.uk/shop_mobile/_next/static/chunks/25733-2091d58d50dec18c.js:0
[    4593ms] [WARNING] 

⚠️ Your `allowedTags` option includes, `style`, which is inherently
vulnerable to XSS attacks. Please remove it from `allowedTags`.
Or, to disable this warning, add the `allowVulnerableTags` option
and ensure you are accounting for this risk.

 @ https://ee.co.uk/shop_mobile/_next/static/chunks/25733-2091d58d50dec18c.js:0
[    4593ms] [WARNING] 

⚠️ Your `allowedTags` option includes, `style`, which is inherently
vulnerable to XSS attacks. Please remove it from `allowedTags`.
Or, to disable this warning, add the `allowVulnerableTags` option
and ensure you are accounting for this risk.

 @ https://ee.co.uk/shop_mobile/_next/static/chunks/25733-2091d58d50dec18c.js:0
[    4594ms] [WARNING] 

⚠️ Your `allowedTags` option includes, `style`, which is inherently
vulnerable to XSS attacks. Please remove it from `allowedTags`.
Or, to disable this warning, add the `allowVulnerableTags` option
and ensure you are accounting for this risk.

 @ https://ee.co.uk/shop_mobile/_next/static/chunks/25733-2091d58d50dec18c.js:0
[    4594ms] [WARNING] 

⚠️ Your `allowedTags` option includes, `style`, which is inherently
vulnerable to XSS attacks. Please remove it from `allowedTags`.
Or, to disable this warning, add the `allowVulnerableTags` option
and ensure you are accounting for this risk.

 @ https://ee.co.uk/shop_mobile/_next/static/chunks/25733-2091d58d50dec18c.js:0
[    4594ms] [WARNING] 

⚠️ Your `allowedTags` option includes, `style`, which is inherently
vulnerable to XSS attacks. Please remove it from `allowedTags`.
Or, to disable this warning, add the `allowVulnerableTags` option
and ensure you are accounting for this risk.

 @ https://ee.co.uk/shop_mobile/_next/static/chunks/25733-2091d58d50dec18c.js:0
[    4594ms] [WARNING] 

⚠️ Your `allowedTags` option includes, `style`, which is inherently
vulnerable to XSS attacks. Please remove it from `allowedTags`.
Or, to disable this warning, add the `allowVulnerableTags` option
and ensure you are accounting for this risk.

 @ https://ee.co.uk/shop_mobile/_next/static/chunks/25733-2091d58d50dec18c.js:0
[    4594ms] [WARNING] 

⚠️ Your `allowedTags` option includes, `style`, which is inherently
vulnerable to XSS attacks. Please remove it from `allowedTags`.
Or, to disable this warning, add the `allowVulnerableTags` option
and ensure you are accounting for this risk.

 @ https://ee.co.uk/shop_mobile/_next/static/chunks/25733-2091d58d50dec18c.js:0
[    4594ms] [WARNING] 

⚠️ Your `allowedTags` option includes, `style`, which is inherently
vulnerable to XSS attacks. Please remove it from `allowedTags`.
Or, to disable this warning, add the `allowVulnerableTags` option
and ensure you are accounting for this risk.

 @ https://ee.co.uk/shop_mobile/_next/static/chunks/25733-2091d58d50dec18c.js:0
[    4595ms] [WARNING] 

⚠️ Your `allowedTags` option includes, `style`, which is inherently
vulnerable to XSS attacks. Please remove it from `allowedTags`.
Or, to disable this warning, add the `allowVulnerableTags` option
and ensure you are accounting for this risk.

 @ https://ee.co.uk/shop_mobile/_next/static/chunks/25733-2091d58d50dec18c.js:0
[    4595ms] [WARNING] 

⚠️ Your `allowedTags` option includes, `style`, which is inherently
vulnerable to XSS attacks. Please remove it from `allowedTags`.
Or, to disable this warning, add the `allowVulnerableTags` option
and ensure you are accounting for this risk.

 @ https://ee.co.uk/shop_mobile/_next/static/chunks/25733-2091d58d50dec18c.js:0
[    4595ms] [WARNING] 

⚠️ Your `allowedTags` option includes, `style`, which is inherently
vulnerable to XSS attacks. Please remove it from `allowedTags`.
Or, to disable this warning, add the `allowVulnerableTags` option
and ensure you are accounting for this risk.

 @ https://ee.co.uk/shop_mobile/_next/static/chunks/25733-2091d58d50dec18c.js:0
[    4595ms] [WARNING] 

⚠️ Your `allowedTags` option includes, `style`, which is inherently
vulnerable to XSS attacks. Please remove it from `allowedTags`.
Or, to disable this warning, add the `allowVulnerableTags` option
and ensure you are accounting for this risk.

 @ https://ee.co.uk/shop_mobile/_next/static/chunks/25733-2091d58d50dec18c.js:0
[    4595ms] [WARNING] 

⚠️ Your `allowedTags` option includes, `style`, which is inherently
vulnerable to XSS attacks. Please remove it from `allowedTags`.
Or, to disable this warning, add the `allowVulnerableTags` option
and ensure you are accounting for this risk.

 @ https://ee.co.uk/shop_mobile/_next/static/chunks/25733-2091d58d50dec18c.js:0
[    4595ms] [WARNING] 

⚠️ Your `allowedTags` option includes, `style`, which is inherently
vulnerable to XSS attacks. Please remove it from `allowedTags`.
Or, to disable this warning, add the `allowVulnerableTags` option
and ensure you are accounting for this risk.

 @ https://ee.co.uk/shop_mobile/_next/static/chunks/25733-2091d58d50dec18c.js:0
[    4595ms] [WARNING] 

⚠️ Your `allowedTags` option includes, `style`, which is inherently
vulnerable to XSS attacks. Please remove it from `allowedTags`.
Or, to disable this warning, add the `allowVulnerableTags` option
and ensure you are accounting for this risk.

 @ https://ee.co.uk/shop_mobile/_next/static/chunks/25733-2091d58d50dec18c.js:0
[    4596ms] [WARNING] 

⚠️ Your `allowedTags` option includes, `style`, which is inherently
vulnerable to XSS attacks. Please remove it from `allowedTags`.
Or, to disable this warning, add the `allowVulnerableTags` option
and ensure you are accounting for this risk.

 @ https://ee.co.uk/shop_mobile/_next/static/chunks/25733-2091d58d50dec18c.js:0
[    4596ms] [WARNING] 

⚠️ Your `allowedTags` option includes, `style`, which is inherently
vulnerable to XSS attacks. Please remove it from `allowedTags`.
Or, to disable this warning, add the `allowVulnerableTags` option
and ensure you are accounting for this risk.

 @ https://ee.co.uk/shop_mobile/_next/static/chunks/25733-2091d58d50dec18c.js:0
[    4596ms] [WARNING] 

⚠️ Your `allowedTags` option includes, `style`, which is inherently
vulnerable to XSS attacks. Please remove it from `allowedTags`.
Or, to disable this warning, add the `allowVulnerableTags` option
and ensure you are accounting for this risk.

 @ https://ee.co.uk/shop_mobile/_next/static/chunks/25733-2091d58d50dec18c.js:0
[    4596ms] [WARNING] 

⚠️ Your `allowedTags` option includes, `style`, which is inherently
vulnerable to XSS attacks. Please remove it from `allowedTags`.
Or, to disable this warning, add the `allowVulnerableTags` option
and ensure you are accounting for this risk.

 @ https://ee.co.uk/shop_mobile/_next/static/chunks/25733-2091d58d50dec18c.js:0
[    4596ms] [WARNING] 

⚠️ Your `allowedTags` option includes, `style`, which is inherently
vulnerable to XSS attacks. Please remove it from `allowedTags`.
Or, to disable this warning, add the `allowVulnerableTags` option
and ensure you are accounting for this risk.

 @ https://ee.co.uk/shop_mobile/_next/static/chunks/25733-2091d58d50dec18c.js:0
[    4596ms] [WARNING] 

⚠️ Your `allowedTags` option includes, `style`, which is inherently
vulnerable to XSS attacks. Please remove it from `allowedTags`.
Or, to disable this warning, add the `allowVulnerableTags` option
and ensure you are accounting for this risk.

 @ https://ee.co.uk/shop_mobile/_next/static/chunks/25733-2091d58d50dec18c.js:0
[    4596ms] [WARNING] 

⚠️ Your `allowedTags` option includes, `style`, which is inherently
vulnerable to XSS attacks. Please remove it from `allowedTags`.
Or, to disable this warning, add the `allowVulnerableTags` option
and ensure you are accounting for this risk.

 @ https://ee.co.uk/shop_mobile/_next/static/chunks/25733-2091d58d50dec18c.js:0
[    4596ms] [WARNING] 

⚠️ Your `allowedTags` option includes, `style`, which is inherently
vulnerable to XSS attacks. Please remove it from `allowedTags`.
Or, to disable this warning, add the `allowVulnerableTags` option
and ensure you are accounting for this risk.

 @ https://ee.co.uk/shop_mobile/_next/static/chunks/25733-2091d58d50dec18c.js:0
[    4601ms] [WARNING] 

⚠️ Your `allowedTags` option includes, `style`, which is inherently
vulnerable to XSS attacks. Please remove it from `allowedTags`.
Or, to disable this warning, add the `allowVulnerableTags` option
and ensure you are accounting for this risk.

 @ https://ee.co.uk/shop_mobile/_next/static/chunks/25733-2091d58d50dec18c.js:0
[    4601ms] [WARNING] 

⚠️ Your `allowedTags` option includes, `style`, which is inherently
vulnerable to XSS attacks. Please remove it from `allowedTags`.
Or, to disable this warning, add the `allowVulnerableTags` option
and ensure you are accounting for this risk.

 @ https://ee.co.uk/shop_mobile/_next/static/chunks/25733-2091d58d50dec18c.js:0
[    4601ms] [WARNING] 

⚠️ Your `allowedTags` option includes, `style`, which is inherently
vulnerable to XSS attacks. Please remove it from `allowedTags`.
Or, to disable this warning, add the `allowVulnerableTags` option
and ensure you are accounting for this risk.

 @ https://ee.co.uk/shop_mobile/_next/static/chunks/25733-2091d58d50dec18c.js:0
[    4601ms] [WARNING] 

⚠️ Your `allowedTags` option includes, `style`, which is inherently
vulnerable to XSS attacks. Please remove it from `allowedTags`.
Or, to disable this warning, add the `allowVulnerableTags` option
and ensure you are accounting for this risk.

 @ https://ee.co.uk/shop_mobile/_next/static/chunks/25733-2091d58d50dec18c.js:0
[    4601ms] [WARNING] 

⚠️ Your `allowedTags` option includes, `style`, which is inherently
vulnerable to XSS attacks. Please remove it from `allowedTags`.
Or, to disable this warning, add the `allowVulnerableTags` option
and ensure you are accounting for this risk.

 @ https://ee.co.uk/shop_mobile/_next/static/chunks/25733-2091d58d50dec18c.js:0
[    4601ms] [WARNING] 

⚠️ Your `allowedTags` option includes, `style`, which is inherently
vulnerable to XSS attacks. Please remove it from `allowedTags`.
Or, to disable this warning, add the `allowVulnerableTags` option
and ensure you are accounting for this risk.

 @ https://ee.co.uk/shop_mobile/_next/static/chunks/25733-2091d58d50dec18c.js:0
[    4602ms] [WARNING] 

⚠️ Your `allowedTags` option includes, `style`, which is inherently
vulnerable to XSS attacks. Please remove it from `allowedTags`.
Or, to disable this warning, add the `allowVulnerableTags` option
and ensure you are accounting for this risk.

 @ https://ee.co.uk/shop_mobile/_next/static/chunks/25733-2091d58d50dec18c.js:0
[    4602ms] [WARNING] 

⚠️ Your `allowedTags` option includes, `style`, which is inherently
vulnerable to XSS attacks. Please remove it from `allowedTags`.
Or, to disable this warning, add the `allowVulnerableTags` option
and ensure you are accounting for this risk.

 @ https://ee.co.uk/shop_mobile/_next/static/chunks/25733-2091d58d50dec18c.js:0
[    4602ms] [WARNING] 

⚠️ Your `allowedTags` option includes, `style`, which is inherently
vulnerable to XSS attacks. Please remove it from `allowedTags`.
Or, to disable this warning, add the `allowVulnerableTags` option
and ensure you are accounting for this risk.

 @ https://ee.co.uk/shop_mobile/_next/static/chunks/25733-2091d58d50dec18c.js:0
[    4621ms] [LOG] Call to dtrum.enable() had no effect since RUM JavaScript agent was already enabled or opt-in mode was not active! @ https://ee.co.uk/ruxitagentjs_ICA15789NPRTUVXfghlqrux_10339260603164134.js:175
[    4682ms] [WARNING] 

⚠️ Your `allowedTags` option includes, `style`, which is inherently
vulnerable to XSS attacks. Please remove it from `allowedTags`.
Or, to disable this warning, add the `allowVulnerableTags` option
and ensure you are accounting for this risk.

 @ https://ee.co.uk/shop_mobile/_next/static/chunks/25733-2091d58d50dec18c.js:0
[    4682ms] [WARNING] 

⚠️ Your `allowedTags` option includes, `style`, which is inherently
vulnerable to XSS attacks. Please remove it from `allowedTags`.
Or, to disable this warning, add the `allowVulnerableTags` option
and ensure you are accounting for this risk.

 @ https://ee.co.uk/shop_mobile/_next/static/chunks/25733-2091d58d50dec18c.js:0
[    4683ms] [WARNING] 

⚠️ Your `allowedTags` option includes, `style`, which is inherently
vulnerable to XSS attacks. Please remove it from `allowedTags`.
Or, to disable this warning, add the `allowVulnerableTags` option
and ensure you are accounting for this risk.

 @ https://ee.co.uk/shop_mobile/_next/static/chunks/25733-2091d58d50dec18c.js:0
[    4683ms] [WARNING] 

⚠️ Your `allowedTags` option includes, `style`, which is inherently
vulnerable to XSS attacks. Please remove it from `allowedTags`.
Or, to disable this warning, add the `allowVulnerableTags` option
and ensure you are accounting for this risk.

 @ https://ee.co.uk/shop_mobile/_next/static/chunks/25733-2091d58d50dec18c.js:0
[    4683ms] [WARNING] 

⚠️ Your `allowedTags` option includes, `style`, which is inherently
vulnerable to XSS attacks. Please remove it from `allowedTags`.
Or, to disable this warning, add the `allowVulnerableTags` option
and ensure you are accounting for this risk.

 @ https://ee.co.uk/shop_mobile/_next/static/chunks/25733-2091d58d50dec18c.js:0
[    4683ms] [WARNING] 

⚠️ Your `allowedTags` option includes, `style`, which is inherently
vulnerable to XSS attacks. Please remove it from `allowedTags`.
Or, to disable this warning, add the `allowVulnerableTags` option
and ensure you are accounting for this risk.

 @ https://ee.co.uk/shop_mobile/_next/static/chunks/25733-2091d58d50dec18c.js:0
[    4683ms] [WARNING] 

⚠️ Your `allowedTags` option includes, `style`, which is inherently
vulnerable to XSS attacks. Please remove it from `allowedTags`.
Or, to disable this warning, add the `allowVulnerableTags` option
and ensure you are accounting for this risk.

 @ https://ee.co.uk/shop_mobile/_next/static/chunks/25733-2091d58d50dec18c.js:0
[    4683ms] [WARNING] 

⚠️ Your `allowedTags` option includes, `style`, which is inherently
vulnerable to XSS attacks. Please remove it from `allowedTags`.
Or, to disable this warning, add the `allowVulnerableTags` option
and ensure you are accounting for this risk.

 @ https://ee.co.uk/shop_mobile/_next/static/chunks/25733-2091d58d50dec18c.js:0
[    4683ms] [WARNING] 

⚠️ Your `allowedTags` option includes, `style`, which is inherently
vulnerable to XSS attacks. Please remove it from `allowedTags`.
Or, to disable this warning, add the `allowVulnerableTags` option
and ensure you are accounting for this risk.

 @ https://ee.co.uk/shop_mobile/_next/static/chunks/25733-2091d58d50dec18c.js:0
[    4683ms] [WARNING] 

⚠️ Your `allowedTags` option includes, `style`, which is inherently
vulnerable to XSS attacks. Please remove it from `allowedTags`.
Or, to disable this warning, add the `allowVulnerableTags` option
and ensure you are accounting for this risk.

 @ https://ee.co.uk/shop_mobile/_next/static/chunks/25733-2091d58d50dec18c.js:0
[    4683ms] [WARNING] 

⚠️ Your `allowedTags` option includes, `style`, which is inherently
vulnerable to XSS attacks. Please remove it from `allowedTags`.
Or, to disable this warning, add the `allowVulnerableTags` option
and ensure you are accounting for this risk.

 @ https://ee.co.uk/shop_mobile/_next/static/chunks/25733-2091d58d50dec18c.js:0
[    4684ms] [WARNING] 

⚠️ Your `allowedTags` option includes, `style`, which is inherently
vulnerable to XSS attacks. Please remove it from `allowedTags`.
Or, to disable this warning, add the `allowVulnerableTags` option
and ensure you are accounting for this risk.

 @ https://ee.co.uk/shop_mobile/_next/static/chunks/25733-2091d58d50dec18c.js:0
[    4684ms] [WARNING] 

⚠️ Your `allowedTags` option includes, `style`, which is inherently
vulnerable to XSS attacks. Please remove it from `allowedTags`.
Or, to disable this warning, add the `allowVulnerableTags` option
and ensure you are accounting for this risk.

 @ https://ee.co.uk/shop_mobile/_next/static/chunks/25733-2091d58d50dec18c.js:0
[    4684ms] [WARNING] 

⚠️ Your `allowedTags` option includes, `style`, which is inherently
vulnerable to XSS attacks. Please remove it from `allowedTags`.
Or, to disable this warning, add the `allowVulnerableTags` option
and ensure you are accounting for this risk.

 @ https://ee.co.uk/shop_mobile/_next/static/chunks/25733-2091d58d50dec18c.js:0
[    4684ms] [WARNING] 

⚠️ Your `allowedTags` option includes, `style`, which is inherently
vulnerable to XSS attacks. Please remove it from `allowedTags`.
Or, to disable this warning, add the `allowVulnerableTags` option
and ensure you are accounting for this risk.

 @ https://ee.co.uk/shop_mobile/_next/static/chunks/25733-2091d58d50dec18c.js:0
[    4684ms] [WARNING] 

⚠️ Your `allowedTags` option includes, `style`, which is inherently
vulnerable to XSS attacks. Please remove it from `allowedTags`.
Or, to disable this warning, add the `allowVulnerableTags` option
and ensure you are accounting for this risk.

 @ https://ee.co.uk/shop_mobile/_next/static/chunks/25733-2091d58d50dec18c.js:0
[    4684ms] [WARNING] 

⚠️ Your `allowedTags` option includes, `style`, which is inherently
vulnerable to XSS attacks. Please remove it from `allowedTags`.
Or, to disable this warning, add the `allowVulnerableTags` option
and ensure you are accounting for this risk.

 @ https://ee.co.uk/shop_mobile/_next/static/chunks/25733-2091d58d50dec18c.js:0
[    4684ms] [WARNING] 

⚠️ Your `allowedTags` option includes, `style`, which is inherently
vulnerable to XSS attacks. Please remove it from `allowedTags`.
Or, to disable this warning, add the `allowVulnerableTags` option
and ensure you are accounting for this risk.

 @ https://ee.co.uk/shop_mobile/_next/static/chunks/25733-2091d58d50dec18c.js:0
[    4684ms] [WARNING] 

⚠️ Your `allowedTags` option includes, `style`, which is inherently
vulnerable to XSS attacks. Please remove it from `allowedTags`.
Or, to disable this warning, add the `allowVulnerableTags` option
and ensure you are accounting for this risk.

 @ https://ee.co.uk/shop_mobile/_next/static/chunks/25733-2091d58d50dec18c.js:0
[    4684ms] [WARNING] 

⚠️ Your `allowedTags` option includes, `style`, which is inherently
vulnerable to XSS attacks. Please remove it from `allowedTags`.
Or, to disable this warning, add the `allowVulnerableTags` option
and ensure you are accounting for this risk.

 @ https://ee.co.uk/shop_mobile/_next/static/chunks/25733-2091d58d50dec18c.js:0
[    4685ms] [WARNING] 

⚠️ Your `allowedTags` option includes, `style`, which is inherently
vulnerable to XSS attacks. Please remove it from `allowedTags`.
Or, to disable this warning, add the `allowVulnerableTags` option
and ensure you are accounting for this risk.

 @ https://ee.co.uk/shop_mobile/_next/static/chunks/25733-2091d58d50dec18c.js:0
[    4685ms] [WARNING] 

⚠️ Your `allowedTags` option includes, `style`, which is inherently
vulnerable to XSS attacks. Please remove it from `allowedTags`.
Or, to disable this warning, add the `allowVulnerableTags` option
and ensure you are accounting for this risk.

 @ https://ee.co.uk/shop_mobile/_next/static/chunks/25733-2091d58d50dec18c.js:0
[    4685ms] [WARNING] 

⚠️ Your `allowedTags` option includes, `style`, which is inherently
vulnerable to XSS attacks. Please remove it from `allowedTags`.
Or, to disable this warning, add the `allowVulnerableTags` option
and ensure you are accounting for this risk.

 @ https://ee.co.uk/shop_mobile/_next/static/chunks/25733-2091d58d50dec18c.js:0
[    4685ms] [WARNING] 

⚠️ Your `allowedTags` option includes, `style`, which is inherently
vulnerable to XSS attacks. Please remove it from `allowedTags`.
Or, to disable this warning, add the `allowVulnerableTags` option
and ensure you are accounting for this risk.

 @ https://ee.co.uk/shop_mobile/_next/static/chunks/25733-2091d58d50dec18c.js:0
[    4685ms] [WARNING] 

⚠️ Your `allowedTags` option includes, `style`, which is inherently
vulnerable to XSS attacks. Please remove it from `allowedTags`.
Or, to disable this warning, add the `allowVulnerableTags` option
and ensure you are accounting for this risk.

 @ https://ee.co.uk/shop_mobile/_next/static/chunks/25733-2091d58d50dec18c.js:0
[    4685ms] [WARNING] 

⚠️ Your `allowedTags` option includes, `style`, which is inherently
vulnerable to XSS attacks. Please remove it from `allowedTags`.
Or, to disable this warning, add the `allowVulnerableTags` option
and ensure you are accounting for this risk.

 @ https://ee.co.uk/shop_mobile/_next/static/chunks/25733-2091d58d50dec18c.js:0
[    4685ms] [WARNING] 

⚠️ Your `allowedTags` option includes, `style`, which is inherently
vulnerable to XSS attacks. Please remove it from `allowedTags`.
Or, to disable this warning, add the `allowVulnerableTags` option
and ensure you are accounting for this risk.

 @ https://ee.co.uk/shop_mobile/_next/static/chunks/25733-2091d58d50dec18c.js:0
[    4685ms] [WARNING] 

⚠️ Your `allowedTags` option includes, `style`, which is inherently
vulnerable to XSS attacks. Please remove it from `allowedTags`.
Or, to disable this warning, add the `allowVulnerableTags` option
and ensure you are accounting for this risk.

 @ https://ee.co.uk/shop_mobile/_next/static/chunks/25733-2091d58d50dec18c.js:0
[    4685ms] [WARNING] 

⚠️ Your `allowedTags` option includes, `style`, which is inherently
vulnerable to XSS attacks. Please remove it from `allowedTags`.
Or, to disable this warning, add the `allowVulnerableTags` option
and ensure you are accounting for this risk.

 @ https://ee.co.uk/shop_mobile/_next/static/chunks/25733-2091d58d50dec18c.js:0
[    4686ms] [WARNING] 

⚠️ Your `allowedTags` option includes, `style`, which is inherently
vulnerable to XSS attacks. Please remove it from `allowedTags`.
Or, to disable this warning, add the `allowVulnerableTags` option
and ensure you are accounting for this risk.

 @ https://ee.co.uk/shop_mobile/_next/static/chunks/25733-2091d58d50dec18c.js:0
[    4687ms] [WARNING] 

⚠️ Your `allowedTags` option includes, `style`, which is inherently
vulnerable to XSS attacks. Please remove it from `allowedTags`.
Or, to disable this warning, add the `allowVulnerableTags` option
and ensure you are accounting for this risk.

 @ https://ee.co.uk/shop_mobile/_next/static/chunks/25733-2091d58d50dec18c.js:0
[    4687ms] [WARNING] 

⚠️ Your `allowedTags` option includes, `style`, which is inherently
vulnerable to XSS attacks. Please remove it from `allowedTags`.
Or, to disable this warning, add the `allowVulnerableTags` option
and ensure you are accounting for this risk.

 @ https://ee.co.uk/shop_mobile/_next/static/chunks/25733-2091d58d50dec18c.js:0
[    4687ms] [WARNING] 

⚠️ Your `allowedTags` option includes, `style`, which is inherently
vulnerable to XSS attacks. Please remove it from `allowedTags`.
Or, to disable this warning, add the `allowVulnerableTags` option
and ensure you are accounting for this risk.

 @ https://ee.co.uk/shop_mobile/_next/static/chunks/25733-2091d58d50dec18c.js:0
[    4687ms] [WARNING] 

⚠️ Your `allowedTags` option includes, `style`, which is inherently
vulnerable to XSS attacks. Please remove it from `allowedTags`.
Or, to disable this warning, add the `allowVulnerableTags` option
and ensure you are accounting for this risk.

 @ https://ee.co.uk/shop_mobile/_next/static/chunks/25733-2091d58d50dec18c.js:0
[    4687ms] [WARNING] 

⚠️ Your `allowedTags` option includes, `style`, which is inherently
vulnerable to XSS attacks. Please remove it from `allowedTags`.
Or, to disable this warning, add the `allowVulnerableTags` option
and ensure you are accounting for this risk.

 @ https://ee.co.uk/shop_mobile/_next/static/chunks/25733-2091d58d50dec18c.js:0
[    4687ms] [WARNING] 

⚠️ Your `allowedTags` option includes, `style`, which is inherently
vulnerable to XSS attacks. Please remove it from `allowedTags`.
Or, to disable this warning, add the `allowVulnerableTags` option
and ensure you are accounting for this risk.

 @ https://ee.co.uk/shop_mobile/_next/static/chunks/25733-2091d58d50dec18c.js:0
[    4687ms] [WARNING] 

⚠️ Your `allowedTags` option includes, `style`, which is inherently
vulnerable to XSS attacks. Please remove it from `allowedTags`.
Or, to disable this warning, add the `allowVulnerableTags` option
and ensure you are accounting for this risk.

 @ https://ee.co.uk/shop_mobile/_next/static/chunks/25733-2091d58d50dec18c.js:0
[    4687ms] [WARNING] 

⚠️ Your `allowedTags` option includes, `style`, which is inherently
vulnerable to XSS attacks. Please remove it from `allowedTags`.
Or, to disable this warning, add the `allowVulnerableTags` option
and ensure you are accounting for this risk.

 @ https://ee.co.uk/shop_mobile/_next/static/chunks/25733-2091d58d50dec18c.js:0
[    4688ms] [WARNING] 

⚠️ Your `allowedTags` option includes, `style`, which is inherently
vulnerable to XSS attacks. Please remove it from `allowedTags`.
Or, to disable this warning, add the `allowVulnerableTags` option
and ensure you are accounting for this risk.

 @ https://ee.co.uk/shop_mobile/_next/static/chunks/25733-2091d58d50dec18c.js:0
[    4688ms] [WARNING] 

⚠️ Your `allowedTags` option includes, `style`, which is inherently
vulnerable to XSS attacks. Please remove it from `allowedTags`.
Or, to disable this warning, add the `allowVulnerableTags` option
and ensure you are accounting for this risk.

 @ https://ee.co.uk/shop_mobile/_next/static/chunks/25733-2091d58d50dec18c.js:0
[    4688ms] [WARNING] 

⚠️ Your `allowedTags` option includes, `style`, which is inherently
vulnerable to XSS attacks. Please remove it from `allowedTags`.
Or, to disable this warning, add the `allowVulnerableTags` option
and ensure you are accounting for this risk.

 @ https://ee.co.uk/shop_mobile/_next/static/chunks/25733-2091d58d50dec18c.js:0
[    4688ms] [WARNING] 

⚠️ Your `allowedTags` option includes, `style`, which is inherently
vulnerable to XSS attacks. Please remove it from `allowedTags`.
Or, to disable this warning, add the `allowVulnerableTags` option
and ensure you are accounting for this risk.

 @ https://ee.co.uk/shop_mobile/_next/static/chunks/25733-2091d58d50dec18c.js:0
[    4688ms] [WARNING] 

⚠️ Your `allowedTags` option includes, `style`, which is inherently
vulnerable to XSS attacks. Please remove it from `allowedTags`.
Or, to disable this warning, add the `allowVulnerableTags` option
and ensure you are accounting for this risk.

 @ https://ee.co.uk/shop_mobile/_next/static/chunks/25733-2091d58d50dec18c.js:0
[    4688ms] [WARNING] 

⚠️ Your `allowedTags` option includes, `style`, which is inherently
vulnerable to XSS attacks. Please remove it from `allowedTags`.
Or, to disable this warning, add the `allowVulnerableTags` option
and ensure you are accounting for this risk.

 @ https://ee.co.uk/shop_mobile/_next/static/chunks/25733-2091d58d50dec18c.js:0
[    4689ms] [WARNING] 

⚠️ Your `allowedTags` option includes, `style`, which is inherently
vulnerable to XSS attacks. Please remove it from `allowedTags`.
Or, to disable this warning, add the `allowVulnerableTags` option
and ensure you are accounting for this risk.

 @ https://ee.co.uk/shop_mobile/_next/static/chunks/25733-2091d58d50dec18c.js:0
[    4689ms] [WARNING] 

⚠️ Your `allowedTags` option includes, `style`, which is inherently
vulnerable to XSS attacks. Please remove it from `allowedTags`.
Or, to disable this warning, add the `allowVulnerableTags` option
and ensure you are accounting for this risk.

 @ https://ee.co.uk/shop_mobile/_next/static/chunks/25733-2091d58d50dec18c.js:0
[    4689ms] [WARNING] 

⚠️ Your `allowedTags` option includes, `style`, which is inherently
vulnerable to XSS attacks. Please remove it from `allowedTags`.
Or, to disable this warning, add the `allowVulnerableTags` option
and ensure you are accounting for this risk.

 @ https://ee.co.uk/shop_mobile/_next/static/chunks/25733-2091d58d50dec18c.js:0
[    4689ms] [WARNING] 

⚠️ Your `allowedTags` option includes, `style`, which is inherently
vulnerable to XSS attacks. Please remove it from `allowedTags`.
Or, to disable this warning, add the `allowVulnerableTags` option
and ensure you are accounting for this risk.

 @ https://ee.co.uk/shop_mobile/_next/static/chunks/25733-2091d58d50dec18c.js:0
[    4689ms] [WARNING] 

⚠️ Your `allowedTags` option includes, `style`, which is inherently
vulnerable to XSS attacks. Please remove it from `allowedTags`.
Or, to disable this warning, add the `allowVulnerableTags` option
and ensure you are accounting for this risk.

 @ https://ee.co.uk/shop_mobile/_next/static/chunks/25733-2091d58d50dec18c.js:0
[    4689ms] [WARNING] 

⚠️ Your `allowedTags` option includes, `style`, which is inherently
vulnerable to XSS attacks. Please remove it from `allowedTags`.
Or, to disable this warning, add the `allowVulnerableTags` option
and ensure you are accounting for this risk.

 @ https://ee.co.uk/shop_mobile/_next/static/chunks/25733-2091d58d50dec18c.js:0
[    4689ms] [WARNING] 

⚠️ Your `allowedTags` option includes, `style`, which is inherently
vulnerable to XSS attacks. Please remove it from `allowedTags`.
Or, to disable this warning, add the `allowVulnerableTags` option
and ensure you are accounting for this risk.

 @ https://ee.co.uk/shop_mobile/_next/static/chunks/25733-2091d58d50dec18c.js:0
[    4689ms] [WARNING] 

⚠️ Your `allowedTags` option includes, `style`, which is inherently
vulnerable to XSS attacks. Please remove it from `allowedTags`.
Or, to disable this warning, add the `allowVulnerableTags` option
and ensure you are accounting for this risk.

 @ https://ee.co.uk/shop_mobile/_next/static/chunks/25733-2091d58d50dec18c.js:0
[    4689ms] [WARNING] 

⚠️ Your `allowedTags` option includes, `style`, which is inherently
vulnerable to XSS attacks. Please remove it from `allowedTags`.
Or, to disable this warning, add the `allowVulnerableTags` option
and ensure you are accounting for this risk.

 @ https://ee.co.uk/shop_mobile/_next/static/chunks/25733-2091d58d50dec18c.js:0
[    4690ms] [WARNING] 

⚠️ Your `allowedTags` option includes, `style`, which is inherently
vulnerable to XSS attacks. Please remove it from `allowedTags`.
Or, to disable this warning, add the `allowVulnerableTags` option
and ensure you are accounting for this risk.

 @ https://ee.co.uk/shop_mobile/_next/static/chunks/25733-2091d58d50dec18c.js:0
[    4690ms] [WARNING] 

⚠️ Your `allowedTags` option includes, `style`, which is inherently
vulnerable to XSS attacks. Please remove it from `allowedTags`.
Or, to disable this warning, add the `allowVulnerableTags` option
and ensure you are accounting for this risk.

 @ https://ee.co.uk/shop_mobile/_next/static/chunks/25733-2091d58d50dec18c.js:0
[    4690ms] [WARNING] 

⚠️ Your `allowedTags` option includes, `style`, which is inherently
vulnerable to XSS attacks. Please remove it from `allowedTags`.
Or, to disable this warning, add the `allowVulnerableTags` option
and ensure you are accounting for this risk.

 @ https://ee.co.uk/shop_mobile/_next/static/chunks/25733-2091d58d50dec18c.js:0
[    4690ms] [WARNING] 

⚠️ Your `allowedTags` option includes, `style`, which is inherently
vulnerable to XSS attacks. Please remove it from `allowedTags`.
Or, to disable this warning, add the `allowVulnerableTags` option
and ensure you are accounting for this risk.

 @ https://ee.co.uk/shop_mobile/_next/static/chunks/25733-2091d58d50dec18c.js:0
[    4690ms] [WARNING] 

⚠️ Your `allowedTags` option includes, `style`, which is inherently
vulnerable to XSS attacks. Please remove it from `allowedTags`.
Or, to disable this warning, add the `allowVulnerableTags` option
and ensure you are accounting for this risk.

 @ https://ee.co.uk/shop_mobile/_next/static/chunks/25733-2091d58d50dec18c.js:0
[    4690ms] [WARNING] 

⚠️ Your `allowedTags` option includes, `style`, which is inherently
vulnerable to XSS attacks. Please remove it from `allowedTags`.
Or, to disable this warning, add the `allowVulnerableTags` option
and ensure you are accounting for this risk.

 @ https://ee.co.uk/shop_mobile/_next/static/chunks/25733-2091d58d50dec18c.js:0
[    4691ms] [WARNING] 

⚠️ Your `allowedTags` option includes, `style`, which is inherently
vulnerable to XSS attacks. Please remove it from `allowedTags`.
Or, to disable this warning, add the `allowVulnerableTags` option
and ensure you are accounting for this risk.

 @ https://ee.co.uk/shop_mobile/_next/static/chunks/25733-2091d58d50dec18c.js:0
[    4691ms] [WARNING] 

⚠️ Your `allowedTags` option includes, `style`, which is inherently
vulnerable to XSS attacks. Please remove it from `allowedTags`.
Or, to disable this warning, add the `allowVulnerableTags` option
and ensure you are accounting for this risk.

 @ https://ee.co.uk/shop_mobile/_next/static/chunks/25733-2091d58d50dec18c.js:0
[    4915ms] [LOG] 30% Discount Plan Filter: URL monitoring started... @ :103
[    5084ms] [INFO] UPDATE MINI BASKET 1.12.0 @ https://ee.co.uk/exp/ge/bundle-contents-hydrate.js?8f6e21a784dea80c72ef8d8fd9244558:15068
[    5506ms] [WARNING] 

⚠️ Your `allowedTags` option includes, `style`, which is inherently
vulnerable to XSS attacks. Please remove it from `allowedTags`.
Or, to disable this warning, add the `allowVulnerableTags` option
and ensure you are accounting for this risk.

 @ https://ee.co.uk/shop_mobile/_next/static/chunks/25733-2091d58d50dec18c.js:0
[    5589ms] [INFO] UPDATE MINI BASKET 1.12.0 @ https://ee.co.uk/exp/ge/bundle-contents-hydrate.js?8f6e21a784dea80c72ef8d8fd9244558:15068
[    5591ms] [INFO] UPDATE MINI BASKET 1.12.0 @ https://ee.co.uk/exp/ge/bundle-contents-hydrate.js?8f6e21a784dea80c72ef8d8fd9244558:15068
[    5591ms] [INFO] UPDATE MINI BASKET 1.12.0 @ https://ee.co.uk/exp/ge/bundle-contents-hydrate.js?8f6e21a784dea80c72ef8d8fd9244558:15068
[    5592ms] [INFO] UPDATE MINI BASKET 1.12.0 @ https://ee.co.uk/exp/ge/bundle-contents-hydrate.js?8f6e21a784dea80c72ef8d8fd9244558:15068
[    5839ms] [INFO] Slow network is detected. See https://www.chromestatus.com/feature/5636954674692096 for more details. Fallback font will be used while loading: https://fonts.gstatic.com/s/roboto/v48/KFO7CnqEu92Fr1ME7kSn66aGLdTylUAMa3yUBHMdazQ.woff2 @ https://www.youtube-nocookie.com/embed/az4WYzgYnPU:0
[    6968ms] [ERROR] Access to XMLHttpRequest at 'https://jnn-pa.googleapis.com/$rpc/google.internal.waa.v1.Waa/GenerateIT' from origin 'https://www.youtube-nocookie.com' has been blocked by CORS policy: Permission was denied for this request to access the `local` address space. @ https://www.youtube-nocookie.com/embed/az4WYzgYnPU:0
[    6968ms] [ERROR] Failed to load resource: net::ERR_FAILED @ https://jnn-pa.googleapis.com/$rpc/google.internal.waa.v1.Waa/GenerateIT:0
[    7124ms] [ERROR] Access to XMLHttpRequest at 'https://jnn-pa.googleapis.com/$rpc/google.internal.waa.v1.Waa/GenerateIT' from origin 'https://www.youtube-nocookie.com' has been blocked by CORS policy: Permission was denied for this request to access the `local` address space. @ https://www.youtube-nocookie.com/embed/az4WYzgYnPU:0
[    7124ms] [ERROR] Failed to load resource: net::ERR_FAILED @ https://jnn-pa.googleapis.com/$rpc/google.internal.waa.v1.Waa/GenerateIT:0
[    7626ms] [ERROR] Access to XMLHttpRequest at 'https://jnn-pa.googleapis.com/$rpc/google.internal.waa.v1.Waa/GenerateIT' from origin 'https://www.youtube-nocookie.com' has been blocked by CORS policy: Permission was denied for this request to access the `local` address space. @ https://www.youtube-nocookie.com/embed/az4WYzgYnPU:0
[    7626ms] [ERROR] Failed to load resource: net::ERR_FAILED @ https://jnn-pa.googleapis.com/$rpc/google.internal.waa.v1.Waa/GenerateIT:0
[    8300ms] [ERROR] Access to XMLHttpRequest at 'https://jnn-pa.googleapis.com/$rpc/google.internal.waa.v1.Waa/GenerateIT' from origin 'https://www.youtube-nocookie.com' has been blocked by CORS policy: Permission was denied for this request to access the `local` address space. @ https://www.youtube-nocookie.com/embed/az4WYzgYnPU:0
[    8300ms] [ERROR] Failed to load resource: net::ERR_FAILED @ https://jnn-pa.googleapis.com/$rpc/google.internal.waa.v1.Waa/GenerateIT:0
[    9924ms] [ERROR] Access to XMLHttpRequest at 'https://jnn-pa.googleapis.com/$rpc/google.internal.waa.v1.Waa/GenerateIT' from origin 'https://www.youtube-nocookie.com' has been blocked by CORS policy: Permission was denied for this request to access the `local` address space. @ https://www.youtube-nocookie.com/embed/az4WYzgYnPU:0
[    9924ms] [ERROR] Failed to load resource: net::ERR_FAILED @ https://jnn-pa.googleapis.com/$rpc/google.internal.waa.v1.Waa/GenerateIT:0
[   13904ms] [ERROR] Access to XMLHttpRequest at 'https://jnn-pa.googleapis.com/$rpc/google.internal.waa.v1.Waa/GenerateIT' from origin 'https://www.youtube-nocookie.com' has been blocked by CORS policy: Permission was denied for this request to access the `local` address space. @ https://www.youtube-nocookie.com/embed/az4WYzgYnPU:0
[   13904ms] [ERROR] Failed to load resource: net::ERR_FAILED @ https://jnn-pa.googleapis.com/$rpc/google.internal.waa.v1.Waa/GenerateIT:0
[   19998ms] [ERROR] Access to XMLHttpRequest at 'https://jnn-pa.googleapis.com/$rpc/google.internal.waa.v1.Waa/GenerateIT' from origin 'https://www.youtube-nocookie.com' has been blocked by CORS policy: Permission was denied for this request to access the `local` address space. @ https://www.youtube-nocookie.com/embed/az4WYzgYnPU:0
[   19998ms] [ERROR] Failed to load resource: net::ERR_FAILED @ https://jnn-pa.googleapis.com/$rpc/google.internal.waa.v1.Waa/GenerateIT:0
